<testsuites id="" name="" tests="252" failures="133" skipped="0" errors="0" time="247.89356899999999">
<testsuite name="accessibility.spec.ts" timestamp="2025-10-24T17:43:57.403Z" hostname="chromium" tests="10" failures="3" skipped="0" time="49.089" errors="0">
<testcase name="Accessibility Tests › TC-007: Should have no critical accessibility violations" classname="accessibility.spec.ts" time="7.883">
<failure message="accessibility.spec.ts:25:7 TC-007: Should have no critical accessibility violations" type="FAILURE">
<![CDATA[  [chromium] › accessibility.spec.ts:25:7 › Accessibility Tests › TC-007: Should have no critical accessibility violations 

    Error: expect(received).toEqual(expected) // deep equality

    - Expected  -   1
    + Received  + 198

    - Array []
    + Array [
    +   Object {
    +     "description": "Ensure the contrast between foreground and background colors meets WCAG 2 AA minimum contrast ratio thresholds",
    +     "help": "Elements must meet minimum color contrast ratio thresholds",
    +     "helpUrl": "https://dequeuniversity.com/rules/axe/4.11/color-contrast?application=playwright",
    +     "id": "color-contrast",
    +     "impact": "serious",
    +     "nodes": Array [
    +       Object {
    +         "all": Array [],
    +         "any": Array [
    +           Object {
    +             "data": Object {
    +               "bgColor": "#e25c3d",
    +               "contrastRatio": 3.6,
    +               "expectedContrastRatio": "4.5:1",
    +               "fgColor": "#ffffff",
    +               "fontSize": "10.5pt (14px)",
    +               "fontWeight": "normal",
    +               "messageKey": null,
    +             },
    +             "id": "color-contrast",
    +             "impact": "serious",
    +             "message": "Element has insufficient color contrast of 3.6 (foreground color: #ffffff, background color: #e25c3d, font size: 10.5pt (14px), font weight: normal). Expected contrast ratio of 4.5:1",
    +             "relatedNodes": Array [
    +               Object {
    +                 "html": "<button class=\"fixed bottom-20 right-6 z-50 flex items-center gap-2 bg-[#E25C3D] text-white px-4 py-3 rounded-lg shadow-lg hover:bg-[#d64a2c] transition-all hover:scale-105\" title=\"Open MCP Console (Ctrl + `)\">",
    +                 "target": Array [
    +                   ".right-6",
    +                 ],
    +               },
    +             ],
    +           },
    +         ],
    +         "failureSummary": "Fix any of the following:
    +   Element has insufficient color contrast of 3.6 (foreground color: #ffffff, background color: #e25c3d, font size: 10.5pt (14px), font weight: normal). Expected contrast ratio of 4.5:1",
    +         "html": "<span class=\"font-mono text-sm\">Console</span>",
    +         "impact": "serious",
    +         "none": Array [],
    +         "target": Array [
    +           ".right-6 > .font-mono.text-sm",
    +         ],
    +       },
    +       Object {
    +         "all": Array [],
    +         "any": Array [
    +           Object {
    +             "data": Object {
    +               "bgColor": "#f6f3ef",
    +               "contrastRatio": 3.29,
    +               "expectedContrastRatio": "4.5:1",
    +               "fgColor": "#e25a3c",
    +               "fontSize": "10.5pt (14px)",
    +               "fontWeight": "normal",
    +               "messageKey": null,
    +             },
    +             "id": "color-contrast",
    +             "impact": "serious",
    +             "message": "Element has insufficient color contrast of 3.29 (foreground color: #e25a3c, background color: #f6f3ef, font size: 10.5pt (14px), font weight: normal). Expected contrast ratio of 4.5:1",
    +             "relatedNodes": Array [
    +               Object {
    +                 "html": "<div class=\"mb-8 inline-flex items-center gap-2 console-window px-4 py-2 animate-fade-in\">",
    +                 "target": Array [
    +                   ".py-2",
    +                 ],
    +               },
    +             ],
    +           },
    +         ],
    +         "failureSummary": "Fix any of the following:
    +   Element has insufficient color contrast of 3.29 (foreground color: #e25a3c, background color: #f6f3ef, font size: 10.5pt (14px), font weight: normal). Expected contrast ratio of 4.5:1",
    +         "html": "<span class=\"text-primary font-mono text-sm typewriter\">&gt; Building the future of AI</span>",
    +         "impact": "serious",
    +         "none": Array [],
    +         "target": Array [
    +           ".typewriter",
    +         ],
    +       },
    +       Object {
    +         "all": Array [],
    +         "any": Array [
    +           Object {
    +             "data": Object {
    +               "bgColor": "#e25a3c",
    +               "contrastRatio": 3.53,
    +               "expectedContrastRatio": "4.5:1",
    +               "fgColor": "#fefbf6",
    +               "fontSize": "13.5pt (18px)",
    +               "fontWeight": "normal",
    +               "messageKey": null,
    +             },
    +             "id": "color-contrast",
    +             "impact": "serious",
    +             "message": "Element has insufficient color contrast of 3.53 (foreground color: #fefbf6, background color: #e25a3c, font size: 13.5pt (18px), font weight: normal). Expected contrast ratio of 4.5:1",
    +             "relatedNodes": Array [
    +               Object {
    +                 "html": "<a href=\"https://community.ag...\" target=\"_blank\" rel=\"noopener noreferrer\" class=\"inline-flex items-ce...\">",
    +                 "target": Array [
    +                   ".flex-col.sm\\:flex-row.gap-4 > .bg-primary.text-primary-foreground.hover\\:bg-primary\\/90",
    +                 ],
    +               },
    +             ],
    +           },
    +         ],
    +         "failureSummary": "Fix any of the following:
    +   Element has insufficient color contrast of 3.53 (foreground color: #fefbf6, background color: #e25a3c, font size: 13.5pt (18px), font weight: normal). Expected contrast ratio of 4.5:1",
    +         "html": "<a href=\"https://community.ag...\" target=\"_blank\" rel=\"noopener noreferrer\" class=\"inline-flex items-ce...\">",
    +         "impact": "serious",
    +         "none": Array [],
    +         "target": Array [
    +           ".flex-col.sm\\:flex-row.gap-4 > .bg-primary.text-primary-foreground.hover\\:bg-primary\\/90",
    +         ],
    +       },
    +       Object {
    +         "all": Array [],
    +         "any": Array [
    +           Object {
    +             "data": Object {
    +               "bgColor": "#f6f3ef",
    +               "contrastRatio": 3.29,
    +               "expectedContrastRatio": "4.5:1",
    +               "fgColor": "#e25a3c",
    +               "fontSize": "12.0pt (16px)",
    +               "fontWeight": "normal",
    +               "messageKey": null,
    +             },
    +             "id": "color-contrast",
    +             "impact": "serious",
    +             "message": "Element has insufficient color contrast of 3.29 (foreground color: #e25a3c, background color: #f6f3ef, font size: 12.0pt (16px), font weight: normal). Expected contrast ratio of 4.5:1",
    +             "relatedNodes": Array [
    +               Object {
    +                 "html": "<a href=\"/what-is-agentics\" class=\"inline-flex items-center gap-2 console-window px-6 py-3 text-primary hover:bg-primary hover:text-primary-foreground transition-all duration-300 font-medium\">Explore the Full Spectrum →</a>",
    +                 "target": Array [
    +                   ".hover\\:bg-primary",
    +                 ],
    +               },
    +             ],
    +           },
    +         ],
    +         "failureSummary": "Fix any of the following:
    +   Element has insufficient color contrast of 3.29 (foreground color: #e25a3c, background color: #f6f3ef, font size: 12.0pt (16px), font weight: normal). Expected contrast ratio of 4.5:1",
    +         "html": "<a href=\"/what-is-agentics\" class=\"inline-flex items-center gap-2 console-window px-6 py-3 text-primary hover:bg-primary hover:text-primary-foreground transition-all duration-300 font-medium\">Explore the Full Spectrum →</a>",
    +         "impact": "serious",
    +         "none": Array [],
    +         "target": Array [
    +           ".hover\\:bg-primary",
    +         ],
    +       },
    +       Object {
    +         "all": Array [],
    +         "any": Array [
    +           Object {
    +             "data": Object {
    +               "bgColor": "#e25a3c",
    +               "contrastRatio": 3.53,
    +               "expectedContrastRatio": "4.5:1",
    +               "fgColor": "#fefbf6",
    +               "fontSize": "10.5pt (14px)",
    +               "fontWeight": "normal",
    +               "messageKey": null,
    +             },
    +             "id": "color-contrast",
    +             "impact": "serious",
    +             "message": "Element has insufficient color contrast of 3.53 (foreground color: #fefbf6, background color: #e25a3c, font size: 10.5pt (14px), font weight: normal). Expected contrast ratio of 4.5:1",
    +             "relatedNodes": Array [
    +               Object {
    +                 "html": "<a href=\"https://community.ag...\" target=\"_blank\" rel=\"noopener noreferrer\" class=\"inline-flex items-ce...\">",
    +                 "target": Array [
    +                   ".p-8.console-window.hover-glow > .bg-primary.text-primary-foreground.hover\\:bg-primary\\/90",
    +                 ],
    +               },
    +             ],
    +           },
    +         ],
    +         "failureSummary": "Fix any of the following:
    +   Element has insufficient color contrast of 3.53 (foreground color: #fefbf6, background color: #e25a3c, font size: 10.5pt (14px), font weight: normal). Expected contrast ratio of 4.5:1",
    +         "html": "<a href=\"https://community.ag...\" target=\"_blank\" rel=\"noopener noreferrer\" class=\"inline-flex items-ce...\">",
    +         "impact": "serious",
    +         "none": Array [],
    +         "target": Array [
    +           ".p-8.console-window.hover-glow > .bg-primary.text-primary-foreground.hover\\:bg-primary\\/90",
    +         ],
    +       },
    +     ],
    +     "tags": Array [
    +       "cat.color",
    +       "wcag2aa",
    +       "wcag143",
    +       "TTv5",
    +       "TT13.c",
    +       "EN-301-549",
    +       "EN-9.1.4.3",
    +       "ACT",
    +       "RGAAv4",
    +       "RGAA-3.2.1",
    +     ],
    +   },
    + ]

      30 |
      31 |     // Verify no critical violations
    > 32 |     expect(accessibilityScanResults.violations).toEqual([]);
         |                                                 ^
      33 |   });
      34 |
      35 |   test('TC-008: Should support full keyboard navigation', async ({ page }) => {
        at /workspaces/agentic-qe-cf/agentics/tests/accessibility.spec.ts:32:49

    attachment #1: screenshot (image/png) ──────────────────────────────────────────────────────────
    ../test-results/accessibility-Accessibilit-3347a-al-accessibility-violations-chromium/test-failed-1.png
    ────────────────────────────────────────────────────────────────────────────────────────────────

    attachment #2: video (video/webm) ──────────────────────────────────────────────────────────────
    ../test-results/accessibility-Accessibilit-3347a-al-accessibility-violations-chromium/video.webm
    ────────────────────────────────────────────────────────────────────────────────────────────────

    attachment #3: video (video/webm) ──────────────────────────────────────────────────────────────
    ../test-results/accessibility-Accessibilit-3347a-al-accessibility-violations-chromium/video-1.webm
    ────────────────────────────────────────────────────────────────────────────────────────────────

    Error Context: ../test-results/accessibility-Accessibilit-3347a-al-accessibility-violations-chromium/error-context.md
]]>
</failure>
<system-out>
<![CDATA[
[[ATTACHMENT|accessibility-Accessibilit-3347a-al-accessibility-violations-chromium/test-failed-1.png]]

[[ATTACHMENT|accessibility-Accessibilit-3347a-al-accessibility-violations-chromium/video.webm]]

[[ATTACHMENT|accessibility-Accessibilit-3347a-al-accessibility-violations-chromium/video-1.webm]]

[[ATTACHMENT|accessibility-Accessibilit-3347a-al-accessibility-violations-chromium/error-context.md]]
]]>
</system-out>
</testcase>
<testcase name="Accessibility Tests › TC-008: Should support full keyboard navigation" classname="accessibility.spec.ts" time="3.983">
</testcase>
<testcase name="Accessibility Tests › TC-A03: All images should have alt text" classname="accessibility.spec.ts" time="4.593">
</testcase>
<testcase name="Accessibility Tests › TC-A04: Heading hierarchy should be correct" classname="accessibility.spec.ts" time="4.075">
</testcase>
<testcase name="Accessibility Tests › TC-A05: Links should have meaningful text" classname="accessibility.spec.ts" time="4.097">
</testcase>
<testcase name="Accessibility Tests › TC-A06: Page should have proper landmark roles" classname="accessibility.spec.ts" time="4.205">
</testcase>
<testcase name="Accessibility Tests › TC-A07: Interactive elements should have focus indicators" classname="accessibility.spec.ts" time="4.463">
</testcase>
<testcase name="Accessibility Tests › TC-A08: Color contrast should meet WCAG AA standards" classname="accessibility.spec.ts" time="9.098">
<failure message="accessibility.spec.ts:137:7 TC-A08: Color contrast should meet WCAG AA standards" type="FAILURE">
<![CDATA[  [chromium] › accessibility.spec.ts:137:7 › Accessibility Tests › TC-A08: Color contrast should meet WCAG AA standards 

    Error: expect(received).toBeLessThanOrEqual(expected)

    Expected: <= 0
    Received:    1

      149 |
      150 |     // Should have minimal or no contrast violations
    > 151 |     expect(contrastResults.violations.filter(v => v.id === 'color-contrast').length).toBeLessThanOrEqual(0);
          |                                                                                      ^
      152 |   });
      153 |
      154 |   test('TC-A09: Skip to main content link should exist', async ({ page }) => {
        at /workspaces/agentic-qe-cf/agentics/tests/accessibility.spec.ts:151:86

    attachment #1: screenshot (image/png) ──────────────────────────────────────────────────────────
    ../test-results/accessibility-Accessibilit-20dbd-ould-meet-WCAG-AA-standards-chromium/test-failed-1.png
    ────────────────────────────────────────────────────────────────────────────────────────────────

    attachment #2: video (video/webm) ──────────────────────────────────────────────────────────────
    ../test-results/accessibility-Accessibilit-20dbd-ould-meet-WCAG-AA-standards-chromium/video-1.webm
    ────────────────────────────────────────────────────────────────────────────────────────────────

    attachment #3: video (video/webm) ──────────────────────────────────────────────────────────────
    ../test-results/accessibility-Accessibilit-20dbd-ould-meet-WCAG-AA-standards-chromium/video.webm
    ────────────────────────────────────────────────────────────────────────────────────────────────

    attachment #4: video (video/webm) ──────────────────────────────────────────────────────────────
    ../test-results/accessibility-Accessibilit-20dbd-ould-meet-WCAG-AA-standards-chromium/video-2.webm
    ────────────────────────────────────────────────────────────────────────────────────────────────

    Error Context: ../test-results/accessibility-Accessibilit-20dbd-ould-meet-WCAG-AA-standards-chromium/error-context.md
]]>
</failure>
<system-out>
<![CDATA[
[[ATTACHMENT|accessibility-Accessibilit-20dbd-ould-meet-WCAG-AA-standards-chromium/test-failed-1.png]]

[[ATTACHMENT|accessibility-Accessibilit-20dbd-ould-meet-WCAG-AA-standards-chromium/video-1.webm]]

[[ATTACHMENT|accessibility-Accessibilit-20dbd-ould-meet-WCAG-AA-standards-chromium/video.webm]]

[[ATTACHMENT|accessibility-Accessibilit-20dbd-ould-meet-WCAG-AA-standards-chromium/video-2.webm]]

[[ATTACHMENT|accessibility-Accessibilit-20dbd-ould-meet-WCAG-AA-standards-chromium/error-context.md]]
]]>
</system-out>
</testcase>
<testcase name="Accessibility Tests › TC-A09: Skip to main content link should exist" classname="accessibility.spec.ts" time="3.405">
<failure message="accessibility.spec.ts:154:7 TC-A09: Skip to main content link should exist" type="FAILURE">
<![CDATA[  [chromium] › accessibility.spec.ts:154:7 › Accessibility Tests › TC-A09: Skip to main content link should exist 

    Error: expect(received).toBeGreaterThan(expected)

    Expected: > 0
    Received:   0

      158 |     // Skip links are often visually hidden but should be in DOM
      159 |     const skipLinkCount = await page.locator('a[href^="#"]').count();
    > 160 |     expect(skipLinkCount).toBeGreaterThan(0);
          |                           ^
      161 |   });
      162 |
      163 |   test('TC-A10: Form elements should have associated labels', async ({ page }) => {
        at /workspaces/agentic-qe-cf/agentics/tests/accessibility.spec.ts:160:27

    attachment #1: screenshot (image/png) ──────────────────────────────────────────────────────────
    ../test-results/accessibility-Accessibilit-8a98a-n-content-link-should-exist-chromium/test-failed-1.png
    ────────────────────────────────────────────────────────────────────────────────────────────────

    attachment #2: video (video/webm) ──────────────────────────────────────────────────────────────
    ../test-results/accessibility-Accessibilit-8a98a-n-content-link-should-exist-chromium/video.webm
    ────────────────────────────────────────────────────────────────────────────────────────────────

    Error Context: ../test-results/accessibility-Accessibilit-8a98a-n-content-link-should-exist-chromium/error-context.md
]]>
</failure>
<system-out>
<![CDATA[
[[ATTACHMENT|accessibility-Accessibilit-8a98a-n-content-link-should-exist-chromium/test-failed-1.png]]

[[ATTACHMENT|accessibility-Accessibilit-8a98a-n-content-link-should-exist-chromium/video.webm]]

[[ATTACHMENT|accessibility-Accessibilit-8a98a-n-content-link-should-exist-chromium/error-context.md]]
]]>
</system-out>
</testcase>
<testcase name="Accessibility Tests › TC-A10: Form elements should have associated labels" classname="accessibility.spec.ts" time="3.287">
</testcase>
</testsuite>
<testsuite name="homepage.spec.ts" timestamp="2025-10-24T17:43:57.403Z" hostname="chromium" tests="14" failures="1" skipped="0" time="64.847" errors="0">
<testcase name="Homepage Functional Tests › TC-001: Homepage should load with all core elements" classname="homepage.spec.ts" time="3.016">
</testcase>
<testcase name="Homepage Functional Tests › TC-002: SEO and Metadata should be properly configured" classname="homepage.spec.ts" time="2.312">
</testcase>
<testcase name="Homepage Functional Tests › TC-003: Navigation menu should have all required links" classname="homepage.spec.ts" time="4.797">
</testcase>
<testcase name="Homepage Functional Tests › TC-004: Hero section should display correctly" classname="homepage.spec.ts" time="3.193">
<failure message="homepage.spec.ts:96:7 TC-004: Hero section should display correctly" type="FAILURE">
<![CDATA[  [chromium] › homepage.spec.ts:96:7 › Homepage Functional Tests › TC-004: Hero section should display correctly 

    Error: expect(locator).toBeVisible() failed

    Locator: getByText('Open Source')
    Expected: visible
    Error: strict mode violation: getByText('Open Source') resolved to 2 elements:
        1) <div class="text-3xl font-bold text-primary">Open Source</div> aka getByText('Open Source', { exact: true })
        2) <h3 class="font-semibold mb-1 text-sm sm:text-base">Open Source Toolkits</h3> aka getByRole('heading', { name: 'Open Source Toolkits' })

    Call log:
      - Expect "toBeVisible" with timeout 5000ms
      - waiting for getByText('Open Source')


      107 |     await expect(homePage.communityStat).toHaveText('100K+');
      108 |
    > 109 |     await expect(homePage.openSourceStat).toBeVisible();
          |                                           ^
      110 |     await expect(homePage.openSourceStat).toHaveText('Open Source');
      111 |
      112 |     await expect(homePage.globalStat).toBeVisible();
        at /workspaces/agentic-qe-cf/agentics/tests/homepage.spec.ts:109:43

    attachment #1: screenshot (image/png) ──────────────────────────────────────────────────────────
    ../test-results/homepage-Homepage-Function-9887f-on-should-display-correctly-chromium/test-failed-1.png
    ────────────────────────────────────────────────────────────────────────────────────────────────

    attachment #2: video (video/webm) ──────────────────────────────────────────────────────────────
    ../test-results/homepage-Homepage-Function-9887f-on-should-display-correctly-chromium/video.webm
    ────────────────────────────────────────────────────────────────────────────────────────────────

    Error Context: ../test-results/homepage-Homepage-Function-9887f-on-should-display-correctly-chromium/error-context.md
]]>
</failure>
<system-out>
<![CDATA[
[[ATTACHMENT|homepage-Homepage-Function-9887f-on-should-display-correctly-chromium/test-failed-1.png]]

[[ATTACHMENT|homepage-Homepage-Function-9887f-on-should-display-correctly-chromium/video.webm]]

[[ATTACHMENT|homepage-Homepage-Function-9887f-on-should-display-correctly-chromium/error-context.md]]
]]>
</system-out>
</testcase>
<testcase name="Homepage Functional Tests › TC-005: Explore cards should all be present and clickable" classname="homepage.spec.ts" time="2.881">
</testcase>
<testcase name="Homepage Functional Tests › TC-006: Community stats should display correctly" classname="homepage.spec.ts" time="5.389">
</testcase>
<testcase name="Homepage Functional Tests › TC-007: All 7 Paths of Impact should be visible" classname="homepage.spec.ts" time="4.2">
</testcase>
<testcase name="Homepage Functional Tests › TC-008: &quot;What is Agentic AI&quot; section should show both approaches" classname="homepage.spec.ts" time="4.617">
</testcase>
<testcase name="Homepage Functional Tests › TC-009: Join Community button should link to external community platform" classname="homepage.spec.ts" time="11.188">
</testcase>
<testcase name="Homepage Functional Tests › TC-010: Console button should be visible" classname="homepage.spec.ts" time="5.511">
</testcase>
<testcase name="Homepage Functional Tests › TC-011: Heading hierarchy should be proper" classname="homepage.spec.ts" time="4.797">
</testcase>
<testcase name="Homepage Functional Tests › TC-012: HTTPS should be enforced" classname="homepage.spec.ts" time="4.071">
</testcase>
<testcase name="Homepage Functional Tests › TC-013: Contact Us button should be visible in footer" classname="homepage.spec.ts" time="3.994">
</testcase>
<testcase name="Homepage Functional Tests › TC-014: Footer should contain copyright and attribution" classname="homepage.spec.ts" time="4.881">
</testcase>
</testsuite>
<testsuite name="performance.spec.ts" timestamp="2025-10-24T17:43:57.403Z" hostname="chromium" tests="7" failures="0" skipped="0" time="33.225" errors="0">
<testcase name="Performance Tests › TC-009: Page should load within acceptable time limits" classname="performance.spec.ts" time="3.786">
</testcase>
<testcase name="Performance Tests › TC-010: Resources should be optimized" classname="performance.spec.ts" time="5.774">
</testcase>
<testcase name="Performance Tests › TC-P03: Core Web Vitals should meet &quot;Good&quot; thresholds" classname="performance.spec.ts" time="7.497">
</testcase>
<testcase name="Performance Tests › TC-P04: Images should be optimized" classname="performance.spec.ts" time="4.291">
</testcase>
<testcase name="Performance Tests › TC-P05: Page should not have render-blocking resources" classname="performance.spec.ts" time="3.799">
</testcase>
<testcase name="Performance Tests › TC-P06: Page should handle slow 3G connection" classname="performance.spec.ts" time="4.484">
</testcase>
<testcase name="Performance Tests › TC-P07: No JavaScript errors in console" classname="performance.spec.ts" time="3.594">
</testcase>
</testsuite>
<testsuite name="responsive.spec.ts" timestamp="2025-10-24T17:43:57.403Z" hostname="chromium" tests="5" failures="2" skipped="0" time="15.122" errors="0">
<testcase name="Responsive Design Tests › TC-005: Site should be fully responsive on mobile (iPhone 12)" classname="responsive.spec.ts" time="4.286">
<failure message="responsive.spec.ts:14:7 TC-005: Site should be fully responsive on mobile (iPhone 12)" type="FAILURE">
<![CDATA[  [chromium] › responsive.spec.ts:14:7 › Responsive Design Tests › TC-005: Site should be fully responsive on mobile (iPhone 12) 

    Error: expect(received).toBe(expected) // Object.is equality

    Expected: 844
    Received: 664

      25 |     const viewport = page.viewportSize();
      26 |     expect(viewport?.width).toBe(390);
    > 27 |     expect(viewport?.height).toBe(844);
         |                              ^
      28 |
      29 |     // Verify no horizontal scroll
      30 |     const hasHorizontalScroll = await page.evaluate(() => {
        at /workspaces/agentic-qe-cf/agentics/tests/responsive.spec.ts:27:30

    attachment #1: screenshot (image/png) ──────────────────────────────────────────────────────────
    ../test-results/responsive-Responsive-Desi-afa55-onsive-on-mobile-iPhone-12--chromium/test-failed-1.png
    ────────────────────────────────────────────────────────────────────────────────────────────────

    Error Context: ../test-results/responsive-Responsive-Desi-afa55-onsive-on-mobile-iPhone-12--chromium/error-context.md
]]>
</failure>
<system-out>
<![CDATA[
[[ATTACHMENT|responsive-Responsive-Desi-afa55-onsive-on-mobile-iPhone-12--chromium/test-failed-1.png]]

[[ATTACHMENT|responsive-Responsive-Desi-afa55-onsive-on-mobile-iPhone-12--chromium/error-context.md]]
]]>
</system-out>
</testcase>
<testcase name="Responsive Design Tests › TC-006: Site should adapt correctly to tablet (iPad)" classname="responsive.spec.ts" time="3.094">
<failure message="responsive.spec.ts:61:7 TC-006: Site should adapt correctly to tablet (iPad)" type="FAILURE">
<![CDATA[  [chromium] › responsive.spec.ts:61:7 › Responsive Design Tests › TC-006: Site should adapt correctly to tablet (iPad) 

    Error: expect(received).toBe(expected) // Object.is equality

    Expected: 1024
    Received: 1920

      71 |     // Verify viewport
      72 |     const viewport = page.viewportSize();
    > 73 |     expect(viewport?.width).toBe(1024);
         |                             ^
      74 |     expect(viewport?.height).toBe(1366);
      75 |
      76 |     // Verify logo is visible
        at /workspaces/agentic-qe-cf/agentics/tests/responsive.spec.ts:73:29

    attachment #1: screenshot (image/png) ──────────────────────────────────────────────────────────
    ../test-results/responsive-Responsive-Desi-d878b-t-correctly-to-tablet-iPad--chromium/test-failed-1.png
    ────────────────────────────────────────────────────────────────────────────────────────────────

    Error Context: ../test-results/responsive-Responsive-Desi-d878b-t-correctly-to-tablet-iPad--chromium/error-context.md
]]>
</failure>
<system-out>
<![CDATA[
[[ATTACHMENT|responsive-Responsive-Desi-d878b-t-correctly-to-tablet-iPad--chromium/test-failed-1.png]]

[[ATTACHMENT|responsive-Responsive-Desi-d878b-t-correctly-to-tablet-iPad--chromium/error-context.md]]
]]>
</system-out>
</testcase>
<testcase name="Responsive Design Tests › TC-R03: Site should work at common desktop resolution (1366x768)" classname="responsive.spec.ts" time="2.791">
</testcase>
<testcase name="Responsive Design Tests › TC-R04: Site should work at large desktop resolution (1920x1080)" classname="responsive.spec.ts" time="3.138">
</testcase>
<testcase name="Responsive Design Tests › TC-R05: Site should handle landscape orientation on mobile" classname="responsive.spec.ts" time="1.813">
</testcase>
</testsuite>
<testsuite name="accessibility.spec.ts" timestamp="2025-10-24T17:43:57.403Z" hostname="firefox" tests="10" failures="10" skipped="0" time="0.047" errors="0">
<testcase name="Accessibility Tests › TC-007: Should have no critical accessibility violations" classname="accessibility.spec.ts" time="0.002">
<failure message="accessibility.spec.ts:25:7 TC-007: Should have no critical accessibility violations" type="FAILURE">
<![CDATA[  [firefox] › accessibility.spec.ts:25:7 › Accessibility Tests › TC-007: Should have no critical accessibility violations 

    Error: browserType.launch: Executable doesn't exist at /home/vscode/.cache/ms-playwright/firefox-1495/firefox/firefox
    ╔═════════════════════════════════════════════════════════════════════════╗
    ║ Looks like Playwright Test or Playwright was just installed or updated. ║
    ║ Please run the following command to download new browsers:              ║
    ║                                                                         ║
    ║     npx playwright install                                              ║
    ║                                                                         ║
    ║ <3 Playwright Team                                                      ║
    ╚═════════════════════════════════════════════════════════════════════════╝
]]>
</failure>
</testcase>
<testcase name="Accessibility Tests › TC-008: Should support full keyboard navigation" classname="accessibility.spec.ts" time="0.002">
<failure message="accessibility.spec.ts:35:7 TC-008: Should support full keyboard navigation" type="FAILURE">
<![CDATA[  [firefox] › accessibility.spec.ts:35:7 › Accessibility Tests › TC-008: Should support full keyboard navigation 

    Error: browserType.launch: Executable doesn't exist at /home/vscode/.cache/ms-playwright/firefox-1495/firefox/firefox
    ╔═════════════════════════════════════════════════════════════════════════╗
    ║ Looks like Playwright Test or Playwright was just installed or updated. ║
    ║ Please run the following command to download new browsers:              ║
    ║                                                                         ║
    ║     npx playwright install                                              ║
    ║                                                                         ║
    ║ <3 Playwright Team                                                      ║
    ╚═════════════════════════════════════════════════════════════════════════╝
]]>
</failure>
</testcase>
<testcase name="Accessibility Tests › TC-A03: All images should have alt text" classname="accessibility.spec.ts" time="0.002">
<failure message="accessibility.spec.ts:57:7 TC-A03: All images should have alt text" type="FAILURE">
<![CDATA[  [firefox] › accessibility.spec.ts:57:7 › Accessibility Tests › TC-A03: All images should have alt text 

    Error: browserType.launch: Executable doesn't exist at /home/vscode/.cache/ms-playwright/firefox-1495/firefox/firefox
    ╔═════════════════════════════════════════════════════════════════════════╗
    ║ Looks like Playwright Test or Playwright was just installed or updated. ║
    ║ Please run the following command to download new browsers:              ║
    ║                                                                         ║
    ║     npx playwright install                                              ║
    ║                                                                         ║
    ║ <3 Playwright Team                                                      ║
    ╚═════════════════════════════════════════════════════════════════════════╝
]]>
</failure>
</testcase>
<testcase name="Accessibility Tests › TC-A04: Heading hierarchy should be correct" classname="accessibility.spec.ts" time="0.002">
<failure message="accessibility.spec.ts:68:7 TC-A04: Heading hierarchy should be correct" type="FAILURE">
<![CDATA[  [firefox] › accessibility.spec.ts:68:7 › Accessibility Tests › TC-A04: Heading hierarchy should be correct 

    Error: browserType.launch: Executable doesn't exist at /home/vscode/.cache/ms-playwright/firefox-1495/firefox/firefox
    ╔═════════════════════════════════════════════════════════════════════════╗
    ║ Looks like Playwright Test or Playwright was just installed or updated. ║
    ║ Please run the following command to download new browsers:              ║
    ║                                                                         ║
    ║     npx playwright install                                              ║
    ║                                                                         ║
    ║ <3 Playwright Team                                                      ║
    ╚═════════════════════════════════════════════════════════════════════════╝
]]>
</failure>
</testcase>
<testcase name="Accessibility Tests › TC-A05: Links should have meaningful text" classname="accessibility.spec.ts" time="0.002">
<failure message="accessibility.spec.ts:84:7 TC-A05: Links should have meaningful text" type="FAILURE">
<![CDATA[  [firefox] › accessibility.spec.ts:84:7 › Accessibility Tests › TC-A05: Links should have meaningful text 

    Error: browserType.launch: Executable doesn't exist at /home/vscode/.cache/ms-playwright/firefox-1495/firefox/firefox
    ╔═════════════════════════════════════════════════════════════════════════╗
    ║ Looks like Playwright Test or Playwright was just installed or updated. ║
    ║ Please run the following command to download new browsers:              ║
    ║                                                                         ║
    ║     npx playwright install                                              ║
    ║                                                                         ║
    ║ <3 Playwright Team                                                      ║
    ╚═════════════════════════════════════════════════════════════════════════╝
]]>
</failure>
</testcase>
<testcase name="Accessibility Tests › TC-A06: Page should have proper landmark roles" classname="accessibility.spec.ts" time="0.002">
<failure message="accessibility.spec.ts:104:7 TC-A06: Page should have proper landmark roles" type="FAILURE">
<![CDATA[  [firefox] › accessibility.spec.ts:104:7 › Accessibility Tests › TC-A06: Page should have proper landmark roles 

    Error: browserType.launch: Executable doesn't exist at /home/vscode/.cache/ms-playwright/firefox-1495/firefox/firefox
    ╔═════════════════════════════════════════════════════════════════════════╗
    ║ Looks like Playwright Test or Playwright was just installed or updated. ║
    ║ Please run the following command to download new browsers:              ║
    ║                                                                         ║
    ║     npx playwright install                                              ║
    ║                                                                         ║
    ║ <3 Playwright Team                                                      ║
    ╚═════════════════════════════════════════════════════════════════════════╝
]]>
</failure>
</testcase>
<testcase name="Accessibility Tests › TC-A07: Interactive elements should have focus indicators" classname="accessibility.spec.ts" time="0.028">
<failure message="accessibility.spec.ts:118:7 TC-A07: Interactive elements should have focus indicators" type="FAILURE">
<![CDATA[  [firefox] › accessibility.spec.ts:118:7 › Accessibility Tests › TC-A07: Interactive elements should have focus indicators 

    Error: browserType.launch: Executable doesn't exist at /home/vscode/.cache/ms-playwright/firefox-1495/firefox/firefox
    ╔═════════════════════════════════════════════════════════════════════════╗
    ║ Looks like Playwright Test or Playwright was just installed or updated. ║
    ║ Please run the following command to download new browsers:              ║
    ║                                                                         ║
    ║     npx playwright install                                              ║
    ║                                                                         ║
    ║ <3 Playwright Team                                                      ║
    ╚═════════════════════════════════════════════════════════════════════════╝
]]>
</failure>
</testcase>
<testcase name="Accessibility Tests › TC-A08: Color contrast should meet WCAG AA standards" classname="accessibility.spec.ts" time="0.002">
<failure message="accessibility.spec.ts:137:7 TC-A08: Color contrast should meet WCAG AA standards" type="FAILURE">
<![CDATA[  [firefox] › accessibility.spec.ts:137:7 › Accessibility Tests › TC-A08: Color contrast should meet WCAG AA standards 

    Error: browserType.launch: Executable doesn't exist at /home/vscode/.cache/ms-playwright/firefox-1495/firefox/firefox
    ╔═════════════════════════════════════════════════════════════════════════╗
    ║ Looks like Playwright Test or Playwright was just installed or updated. ║
    ║ Please run the following command to download new browsers:              ║
    ║                                                                         ║
    ║     npx playwright install                                              ║
    ║                                                                         ║
    ║ <3 Playwright Team                                                      ║
    ╚═════════════════════════════════════════════════════════════════════════╝
]]>
</failure>
</testcase>
<testcase name="Accessibility Tests › TC-A09: Skip to main content link should exist" classname="accessibility.spec.ts" time="0.003">
<failure message="accessibility.spec.ts:154:7 TC-A09: Skip to main content link should exist" type="FAILURE">
<![CDATA[  [firefox] › accessibility.spec.ts:154:7 › Accessibility Tests › TC-A09: Skip to main content link should exist 

    Error: browserType.launch: Executable doesn't exist at /home/vscode/.cache/ms-playwright/firefox-1495/firefox/firefox
    ╔═════════════════════════════════════════════════════════════════════════╗
    ║ Looks like Playwright Test or Playwright was just installed or updated. ║
    ║ Please run the following command to download new browsers:              ║
    ║                                                                         ║
    ║     npx playwright install                                              ║
    ║                                                                         ║
    ║ <3 Playwright Team                                                      ║
    ╚═════════════════════════════════════════════════════════════════════════╝
]]>
</failure>
</testcase>
<testcase name="Accessibility Tests › TC-A10: Form elements should have associated labels" classname="accessibility.spec.ts" time="0.002">
<failure message="accessibility.spec.ts:163:7 TC-A10: Form elements should have associated labels" type="FAILURE">
<![CDATA[  [firefox] › accessibility.spec.ts:163:7 › Accessibility Tests › TC-A10: Form elements should have associated labels 

    Error: browserType.launch: Executable doesn't exist at /home/vscode/.cache/ms-playwright/firefox-1495/firefox/firefox
    ╔═════════════════════════════════════════════════════════════════════════╗
    ║ Looks like Playwright Test or Playwright was just installed or updated. ║
    ║ Please run the following command to download new browsers:              ║
    ║                                                                         ║
    ║     npx playwright install                                              ║
    ║                                                                         ║
    ║ <3 Playwright Team                                                      ║
    ╚═════════════════════════════════════════════════════════════════════════╝
]]>
</failure>
</testcase>
</testsuite>
<testsuite name="homepage.spec.ts" timestamp="2025-10-24T17:43:57.403Z" hostname="firefox" tests="14" failures="14" skipped="0" time="0.05" errors="0">
<testcase name="Homepage Functional Tests › TC-001: Homepage should load with all core elements" classname="homepage.spec.ts" time="0.002">
<failure message="homepage.spec.ts:26:7 TC-001: Homepage should load with all core elements" type="FAILURE">
<![CDATA[  [firefox] › homepage.spec.ts:26:7 › Homepage Functional Tests › TC-001: Homepage should load with all core elements 

    Error: browserType.launch: Executable doesn't exist at /home/vscode/.cache/ms-playwright/firefox-1495/firefox/firefox
    ╔═════════════════════════════════════════════════════════════════════════╗
    ║ Looks like Playwright Test or Playwright was just installed or updated. ║
    ║ Please run the following command to download new browsers:              ║
    ║                                                                         ║
    ║     npx playwright install                                              ║
    ║                                                                         ║
    ║ <3 Playwright Team                                                      ║
    ╚═════════════════════════════════════════════════════════════════════════╝
]]>
</failure>
</testcase>
<testcase name="Homepage Functional Tests › TC-002: SEO and Metadata should be properly configured" classname="homepage.spec.ts" time="0.003">
<failure message="homepage.spec.ts:52:7 TC-002: SEO and Metadata should be properly configured" type="FAILURE">
<![CDATA[  [firefox] › homepage.spec.ts:52:7 › Homepage Functional Tests › TC-002: SEO and Metadata should be properly configured 

    Error: browserType.launch: Executable doesn't exist at /home/vscode/.cache/ms-playwright/firefox-1495/firefox/firefox
    ╔═════════════════════════════════════════════════════════════════════════╗
    ║ Looks like Playwright Test or Playwright was just installed or updated. ║
    ║ Please run the following command to download new browsers:              ║
    ║                                                                         ║
    ║     npx playwright install                                              ║
    ║                                                                         ║
    ║ <3 Playwright Team                                                      ║
    ╚═════════════════════════════════════════════════════════════════════════╝
]]>
</failure>
</testcase>
<testcase name="Homepage Functional Tests › TC-003: Navigation menu should have all required links" classname="homepage.spec.ts" time="0.019">
<failure message="homepage.spec.ts:76:7 TC-003: Navigation menu should have all required links" type="FAILURE">
<![CDATA[  [firefox] › homepage.spec.ts:76:7 › Homepage Functional Tests › TC-003: Navigation menu should have all required links 

    Error: browserType.launch: Executable doesn't exist at /home/vscode/.cache/ms-playwright/firefox-1495/firefox/firefox
    ╔═════════════════════════════════════════════════════════════════════════╗
    ║ Looks like Playwright Test or Playwright was just installed or updated. ║
    ║ Please run the following command to download new browsers:              ║
    ║                                                                         ║
    ║     npx playwright install                                              ║
    ║                                                                         ║
    ║ <3 Playwright Team                                                      ║
    ╚═════════════════════════════════════════════════════════════════════════╝
]]>
</failure>
</testcase>
<testcase name="Homepage Functional Tests › TC-004: Hero section should display correctly" classname="homepage.spec.ts" time="0.005">
<failure message="homepage.spec.ts:96:7 TC-004: Hero section should display correctly" type="FAILURE">
<![CDATA[  [firefox] › homepage.spec.ts:96:7 › Homepage Functional Tests › TC-004: Hero section should display correctly 

    Error: browserType.launch: Executable doesn't exist at /home/vscode/.cache/ms-playwright/firefox-1495/firefox/firefox
    ╔═════════════════════════════════════════════════════════════════════════╗
    ║ Looks like Playwright Test or Playwright was just installed or updated. ║
    ║ Please run the following command to download new browsers:              ║
    ║                                                                         ║
    ║     npx playwright install                                              ║
    ║                                                                         ║
    ║ <3 Playwright Team                                                      ║
    ╚═════════════════════════════════════════════════════════════════════════╝
]]>
</failure>
</testcase>
<testcase name="Homepage Functional Tests › TC-005: Explore cards should all be present and clickable" classname="homepage.spec.ts" time="0.002">
<failure message="homepage.spec.ts:119:7 TC-005: Explore cards should all be present and clickable" type="FAILURE">
<![CDATA[  [firefox] › homepage.spec.ts:119:7 › Homepage Functional Tests › TC-005: Explore cards should all be present and clickable 

    Error: browserType.launch: Executable doesn't exist at /home/vscode/.cache/ms-playwright/firefox-1495/firefox/firefox
    ╔═════════════════════════════════════════════════════════════════════════╗
    ║ Looks like Playwright Test or Playwright was just installed or updated. ║
    ║ Please run the following command to download new browsers:              ║
    ║                                                                         ║
    ║     npx playwright install                                              ║
    ║                                                                         ║
    ║ <3 Playwright Team                                                      ║
    ╚═════════════════════════════════════════════════════════════════════════╝
]]>
</failure>
</testcase>
<testcase name="Homepage Functional Tests › TC-006: Community stats should display correctly" classname="homepage.spec.ts" time="0.002">
<failure message="homepage.spec.ts:145:7 TC-006: Community stats should display correctly" type="FAILURE">
<![CDATA[  [firefox] › homepage.spec.ts:145:7 › Homepage Functional Tests › TC-006: Community stats should display correctly 

    Error: browserType.launch: Executable doesn't exist at /home/vscode/.cache/ms-playwright/firefox-1495/firefox/firefox
    ╔═════════════════════════════════════════════════════════════════════════╗
    ║ Looks like Playwright Test or Playwright was just installed or updated. ║
    ║ Please run the following command to download new browsers:              ║
    ║                                                                         ║
    ║     npx playwright install                                              ║
    ║                                                                         ║
    ║ <3 Playwright Team                                                      ║
    ╚═════════════════════════════════════════════════════════════════════════╝
]]>
</failure>
</testcase>
<testcase name="Homepage Functional Tests › TC-007: All 7 Paths of Impact should be visible" classname="homepage.spec.ts" time="0.002">
<failure message="homepage.spec.ts:169:7 TC-007: All 7 Paths of Impact should be visible" type="FAILURE">
<![CDATA[  [firefox] › homepage.spec.ts:169:7 › Homepage Functional Tests › TC-007: All 7 Paths of Impact should be visible 

    Error: browserType.launch: Executable doesn't exist at /home/vscode/.cache/ms-playwright/firefox-1495/firefox/firefox
    ╔═════════════════════════════════════════════════════════════════════════╗
    ║ Looks like Playwright Test or Playwright was just installed or updated. ║
    ║ Please run the following command to download new browsers:              ║
    ║                                                                         ║
    ║     npx playwright install                                              ║
    ║                                                                         ║
    ║ <3 Playwright Team                                                      ║
    ╚═════════════════════════════════════════════════════════════════════════╝
]]>
</failure>
</testcase>
<testcase name="Homepage Functional Tests › TC-008: &quot;What is Agentic AI&quot; section should show both approaches" classname="homepage.spec.ts" time="0.002">
<failure message="homepage.spec.ts:203:7 TC-008: &quot;What is Agentic AI&quot; section should show both approaches" type="FAILURE">
<![CDATA[  [firefox] › homepage.spec.ts:203:7 › Homepage Functional Tests › TC-008: "What is Agentic AI" section should show both approaches 

    Error: browserType.launch: Executable doesn't exist at /home/vscode/.cache/ms-playwright/firefox-1495/firefox/firefox
    ╔═════════════════════════════════════════════════════════════════════════╗
    ║ Looks like Playwright Test or Playwright was just installed or updated. ║
    ║ Please run the following command to download new browsers:              ║
    ║                                                                         ║
    ║     npx playwright install                                              ║
    ║                                                                         ║
    ║ <3 Playwright Team                                                      ║
    ╚═════════════════════════════════════════════════════════════════════════╝
]]>
</failure>
</testcase>
<testcase name="Homepage Functional Tests › TC-009: Join Community button should link to external community platform" classname="homepage.spec.ts" time="0.002">
<failure message="homepage.spec.ts:225:7 TC-009: Join Community button should link to external community platform" type="FAILURE">
<![CDATA[  [firefox] › homepage.spec.ts:225:7 › Homepage Functional Tests › TC-009: Join Community button should link to external community platform 

    Error: browserType.launch: Executable doesn't exist at /home/vscode/.cache/ms-playwright/firefox-1495/firefox/firefox
    ╔═════════════════════════════════════════════════════════════════════════╗
    ║ Looks like Playwright Test or Playwright was just installed or updated. ║
    ║ Please run the following command to download new browsers:              ║
    ║                                                                         ║
    ║     npx playwright install                                              ║
    ║                                                                         ║
    ║ <3 Playwright Team                                                      ║
    ╚═════════════════════════════════════════════════════════════════════════╝
]]>
</failure>
</testcase>
<testcase name="Homepage Functional Tests › TC-010: Console button should be visible" classname="homepage.spec.ts" time="0.002">
<failure message="homepage.spec.ts:239:7 TC-010: Console button should be visible" type="FAILURE">
<![CDATA[  [firefox] › homepage.spec.ts:239:7 › Homepage Functional Tests › TC-010: Console button should be visible 

    Error: browserType.launch: Executable doesn't exist at /home/vscode/.cache/ms-playwright/firefox-1495/firefox/firefox
    ╔═════════════════════════════════════════════════════════════════════════╗
    ║ Looks like Playwright Test or Playwright was just installed or updated. ║
    ║ Please run the following command to download new browsers:              ║
    ║                                                                         ║
    ║     npx playwright install                                              ║
    ║                                                                         ║
    ║ <3 Playwright Team                                                      ║
    ╚═════════════════════════════════════════════════════════════════════════╝
]]>
</failure>
</testcase>
<testcase name="Homepage Functional Tests › TC-011: Heading hierarchy should be proper" classname="homepage.spec.ts" time="0.003">
<failure message="homepage.spec.ts:245:7 TC-011: Heading hierarchy should be proper" type="FAILURE">
<![CDATA[  [firefox] › homepage.spec.ts:245:7 › Homepage Functional Tests › TC-011: Heading hierarchy should be proper 

    Error: browserType.launch: Executable doesn't exist at /home/vscode/.cache/ms-playwright/firefox-1495/firefox/firefox
    ╔═════════════════════════════════════════════════════════════════════════╗
    ║ Looks like Playwright Test or Playwright was just installed or updated. ║
    ║ Please run the following command to download new browsers:              ║
    ║                                                                         ║
    ║     npx playwright install                                              ║
    ║                                                                         ║
    ║ <3 Playwright Team                                                      ║
    ╚═════════════════════════════════════════════════════════════════════════╝
]]>
</failure>
</testcase>
<testcase name="Homepage Functional Tests › TC-012: HTTPS should be enforced" classname="homepage.spec.ts" time="0.002">
<failure message="homepage.spec.ts:265:7 TC-012: HTTPS should be enforced" type="FAILURE">
<![CDATA[  [firefox] › homepage.spec.ts:265:7 › Homepage Functional Tests › TC-012: HTTPS should be enforced 

    Error: browserType.launch: Executable doesn't exist at /home/vscode/.cache/ms-playwright/firefox-1495/firefox/firefox
    ╔═════════════════════════════════════════════════════════════════════════╗
    ║ Looks like Playwright Test or Playwright was just installed or updated. ║
    ║ Please run the following command to download new browsers:              ║
    ║                                                                         ║
    ║     npx playwright install                                              ║
    ║                                                                         ║
    ║ <3 Playwright Team                                                      ║
    ╚═════════════════════════════════════════════════════════════════════════╝
]]>
</failure>
</testcase>
<testcase name="Homepage Functional Tests › TC-013: Contact Us button should be visible in footer" classname="homepage.spec.ts" time="0.002">
<failure message="homepage.spec.ts:274:7 TC-013: Contact Us button should be visible in footer" type="FAILURE">
<![CDATA[  [firefox] › homepage.spec.ts:274:7 › Homepage Functional Tests › TC-013: Contact Us button should be visible in footer 

    Error: browserType.launch: Executable doesn't exist at /home/vscode/.cache/ms-playwright/firefox-1495/firefox/firefox
    ╔═════════════════════════════════════════════════════════════════════════╗
    ║ Looks like Playwright Test or Playwright was just installed or updated. ║
    ║ Please run the following command to download new browsers:              ║
    ║                                                                         ║
    ║     npx playwright install                                              ║
    ║                                                                         ║
    ║ <3 Playwright Team                                                      ║
    ╚═════════════════════════════════════════════════════════════════════════╝
]]>
</failure>
</testcase>
<testcase name="Homepage Functional Tests › TC-014: Footer should contain copyright and attribution" classname="homepage.spec.ts" time="0.002">
<failure message="homepage.spec.ts:283:7 TC-014: Footer should contain copyright and attribution" type="FAILURE">
<![CDATA[  [firefox] › homepage.spec.ts:283:7 › Homepage Functional Tests › TC-014: Footer should contain copyright and attribution 

    Error: browserType.launch: Executable doesn't exist at /home/vscode/.cache/ms-playwright/firefox-1495/firefox/firefox
    ╔═════════════════════════════════════════════════════════════════════════╗
    ║ Looks like Playwright Test or Playwright was just installed or updated. ║
    ║ Please run the following command to download new browsers:              ║
    ║                                                                         ║
    ║     npx playwright install                                              ║
    ║                                                                         ║
    ║ <3 Playwright Team                                                      ║
    ╚═════════════════════════════════════════════════════════════════════════╝
]]>
</failure>
</testcase>
</testsuite>
<testsuite name="performance.spec.ts" timestamp="2025-10-24T17:43:57.403Z" hostname="firefox" tests="7" failures="7" skipped="0" time="0.02" errors="0">
<testcase name="Performance Tests › TC-009: Page should load within acceptable time limits" classname="performance.spec.ts" time="0.002">
<failure message="performance.spec.ts:14:7 TC-009: Page should load within acceptable time limits" type="FAILURE">
<![CDATA[  [firefox] › performance.spec.ts:14:7 › Performance Tests › TC-009: Page should load within acceptable time limits 

    Error: browserType.launch: Executable doesn't exist at /home/vscode/.cache/ms-playwright/firefox-1495/firefox/firefox
    ╔═════════════════════════════════════════════════════════════════════════╗
    ║ Looks like Playwright Test or Playwright was just installed or updated. ║
    ║ Please run the following command to download new browsers:              ║
    ║                                                                         ║
    ║     npx playwright install                                              ║
    ║                                                                         ║
    ║ <3 Playwright Team                                                      ║
    ╚═════════════════════════════════════════════════════════════════════════╝
]]>
</failure>
</testcase>
<testcase name="Performance Tests › TC-010: Resources should be optimized" classname="performance.spec.ts" time="0.007">
<failure message="performance.spec.ts:35:7 TC-010: Resources should be optimized" type="FAILURE">
<![CDATA[  [firefox] › performance.spec.ts:35:7 › Performance Tests › TC-010: Resources should be optimized ─

    Error: browserType.launch: Executable doesn't exist at /home/vscode/.cache/ms-playwright/firefox-1495/firefox/firefox
    ╔═════════════════════════════════════════════════════════════════════════╗
    ║ Looks like Playwright Test or Playwright was just installed or updated. ║
    ║ Please run the following command to download new browsers:              ║
    ║                                                                         ║
    ║     npx playwright install                                              ║
    ║                                                                         ║
    ║ <3 Playwright Team                                                      ║
    ╚═════════════════════════════════════════════════════════════════════════╝
]]>
</failure>
</testcase>
<testcase name="Performance Tests › TC-P03: Core Web Vitals should meet &quot;Good&quot; thresholds" classname="performance.spec.ts" time="0.002">
<failure message="performance.spec.ts:70:7 TC-P03: Core Web Vitals should meet &quot;Good&quot; thresholds" type="FAILURE">
<![CDATA[  [firefox] › performance.spec.ts:70:7 › Performance Tests › TC-P03: Core Web Vitals should meet "Good" thresholds 

    Error: browserType.launch: Executable doesn't exist at /home/vscode/.cache/ms-playwright/firefox-1495/firefox/firefox
    ╔═════════════════════════════════════════════════════════════════════════╗
    ║ Looks like Playwright Test or Playwright was just installed or updated. ║
    ║ Please run the following command to download new browsers:              ║
    ║                                                                         ║
    ║     npx playwright install                                              ║
    ║                                                                         ║
    ║ <3 Playwright Team                                                      ║
    ╚═════════════════════════════════════════════════════════════════════════╝
]]>
</failure>
</testcase>
<testcase name="Performance Tests › TC-P04: Images should be optimized" classname="performance.spec.ts" time="0.002">
<failure message="performance.spec.ts:113:7 TC-P04: Images should be optimized" type="FAILURE">
<![CDATA[  [firefox] › performance.spec.ts:113:7 › Performance Tests › TC-P04: Images should be optimized ───

    Error: browserType.launch: Executable doesn't exist at /home/vscode/.cache/ms-playwright/firefox-1495/firefox/firefox
    ╔═════════════════════════════════════════════════════════════════════════╗
    ║ Looks like Playwright Test or Playwright was just installed or updated. ║
    ║ Please run the following command to download new browsers:              ║
    ║                                                                         ║
    ║     npx playwright install                                              ║
    ║                                                                         ║
    ║ <3 Playwright Team                                                      ║
    ╚═════════════════════════════════════════════════════════════════════════╝
]]>
</failure>
</testcase>
<testcase name="Performance Tests › TC-P05: Page should not have render-blocking resources" classname="performance.spec.ts" time="0.001">
<failure message="performance.spec.ts:149:7 TC-P05: Page should not have render-blocking resources" type="FAILURE">
<![CDATA[  [firefox] › performance.spec.ts:149:7 › Performance Tests › TC-P05: Page should not have render-blocking resources 

    Error: browserType.launch: Executable doesn't exist at /home/vscode/.cache/ms-playwright/firefox-1495/firefox/firefox
    ╔═════════════════════════════════════════════════════════════════════════╗
    ║ Looks like Playwright Test or Playwright was just installed or updated. ║
    ║ Please run the following command to download new browsers:              ║
    ║                                                                         ║
    ║     npx playwright install                                              ║
    ║                                                                         ║
    ║ <3 Playwright Team                                                      ║
    ╚═════════════════════════════════════════════════════════════════════════╝
]]>
</failure>
</testcase>
<testcase name="Performance Tests › TC-P06: Page should handle slow 3G connection" classname="performance.spec.ts" time="0.002">
<failure message="performance.spec.ts:169:7 TC-P06: Page should handle slow 3G connection" type="FAILURE">
<![CDATA[  [firefox] › performance.spec.ts:169:7 › Performance Tests › TC-P06: Page should handle slow 3G connection 

    Error: browserType.launch: Executable doesn't exist at /home/vscode/.cache/ms-playwright/firefox-1495/firefox/firefox
    ╔═════════════════════════════════════════════════════════════════════════╗
    ║ Looks like Playwright Test or Playwright was just installed or updated. ║
    ║ Please run the following command to download new browsers:              ║
    ║                                                                         ║
    ║     npx playwright install                                              ║
    ║                                                                         ║
    ║ <3 Playwright Team                                                      ║
    ╚═════════════════════════════════════════════════════════════════════════╝
]]>
</failure>
</testcase>
<testcase name="Performance Tests › TC-P07: No JavaScript errors in console" classname="performance.spec.ts" time="0.004">
<failure message="performance.spec.ts:190:7 TC-P07: No JavaScript errors in console" type="FAILURE">
<![CDATA[  [firefox] › performance.spec.ts:190:7 › Performance Tests › TC-P07: No JavaScript errors in console 

    Error: browserType.launch: Executable doesn't exist at /home/vscode/.cache/ms-playwright/firefox-1495/firefox/firefox
    ╔═════════════════════════════════════════════════════════════════════════╗
    ║ Looks like Playwright Test or Playwright was just installed or updated. ║
    ║ Please run the following command to download new browsers:              ║
    ║                                                                         ║
    ║     npx playwright install                                              ║
    ║                                                                         ║
    ║ <3 Playwright Team                                                      ║
    ╚═════════════════════════════════════════════════════════════════════════╝
]]>
</failure>
</testcase>
</testsuite>
<testsuite name="responsive.spec.ts" timestamp="2025-10-24T17:43:57.403Z" hostname="firefox" tests="5" failures="5" skipped="0" time="0.01" errors="0">
<testcase name="Responsive Design Tests › TC-005: Site should be fully responsive on mobile (iPhone 12)" classname="responsive.spec.ts" time="0.002">
<failure message="responsive.spec.ts:14:7 TC-005: Site should be fully responsive on mobile (iPhone 12)" type="FAILURE">
<![CDATA[  [firefox] › responsive.spec.ts:14:7 › Responsive Design Tests › TC-005: Site should be fully responsive on mobile (iPhone 12) 

    Error: browserType.launch: Executable doesn't exist at /home/vscode/.cache/ms-playwright/firefox-1495/firefox/firefox
    ╔═════════════════════════════════════════════════════════════════════════╗
    ║ Looks like Playwright Test or Playwright was just installed or updated. ║
    ║ Please run the following command to download new browsers:              ║
    ║                                                                         ║
    ║     npx playwright install                                              ║
    ║                                                                         ║
    ║ <3 Playwright Team                                                      ║
    ╚═════════════════════════════════════════════════════════════════════════╝
]]>
</failure>
</testcase>
<testcase name="Responsive Design Tests › TC-006: Site should adapt correctly to tablet (iPad)" classname="responsive.spec.ts" time="0.002">
<failure message="responsive.spec.ts:61:7 TC-006: Site should adapt correctly to tablet (iPad)" type="FAILURE">
<![CDATA[  [firefox] › responsive.spec.ts:61:7 › Responsive Design Tests › TC-006: Site should adapt correctly to tablet (iPad) 

    Error: browserType.launch: Executable doesn't exist at /home/vscode/.cache/ms-playwright/firefox-1495/firefox/firefox
    ╔═════════════════════════════════════════════════════════════════════════╗
    ║ Looks like Playwright Test or Playwright was just installed or updated. ║
    ║ Please run the following command to download new browsers:              ║
    ║                                                                         ║
    ║     npx playwright install                                              ║
    ║                                                                         ║
    ║ <3 Playwright Team                                                      ║
    ╚═════════════════════════════════════════════════════════════════════════╝
]]>
</failure>
</testcase>
<testcase name="Responsive Design Tests › TC-R03: Site should work at common desktop resolution (1366x768)" classname="responsive.spec.ts" time="0.003">
<failure message="responsive.spec.ts:94:7 TC-R03: Site should work at common desktop resolution (1366x768)" type="FAILURE">
<![CDATA[  [firefox] › responsive.spec.ts:94:7 › Responsive Design Tests › TC-R03: Site should work at common desktop resolution (1366x768) 

    Error: browserType.launch: Executable doesn't exist at /home/vscode/.cache/ms-playwright/firefox-1495/firefox/firefox
    ╔═════════════════════════════════════════════════════════════════════════╗
    ║ Looks like Playwright Test or Playwright was just installed or updated. ║
    ║ Please run the following command to download new browsers:              ║
    ║                                                                         ║
    ║     npx playwright install                                              ║
    ║                                                                         ║
    ║ <3 Playwright Team                                                      ║
    ╚═════════════════════════════════════════════════════════════════════════╝
]]>
</failure>
</testcase>
<testcase name="Responsive Design Tests › TC-R04: Site should work at large desktop resolution (1920x1080)" classname="responsive.spec.ts" time="0.002">
<failure message="responsive.spec.ts:117:7 TC-R04: Site should work at large desktop resolution (1920x1080)" type="FAILURE">
<![CDATA[  [firefox] › responsive.spec.ts:117:7 › Responsive Design Tests › TC-R04: Site should work at large desktop resolution (1920x1080) 

    Error: browserType.launch: Executable doesn't exist at /home/vscode/.cache/ms-playwright/firefox-1495/firefox/firefox
    ╔═════════════════════════════════════════════════════════════════════════╗
    ║ Looks like Playwright Test or Playwright was just installed or updated. ║
    ║ Please run the following command to download new browsers:              ║
    ║                                                                         ║
    ║     npx playwright install                                              ║
    ║                                                                         ║
    ║ <3 Playwright Team                                                      ║
    ╚═════════════════════════════════════════════════════════════════════════╝
]]>
</failure>
</testcase>
<testcase name="Responsive Design Tests › TC-R05: Site should handle landscape orientation on mobile" classname="responsive.spec.ts" time="0.001">
<failure message="responsive.spec.ts:141:7 TC-R05: Site should handle landscape orientation on mobile" type="FAILURE">
<![CDATA[  [firefox] › responsive.spec.ts:141:7 › Responsive Design Tests › TC-R05: Site should handle landscape orientation on mobile 

    Error: browserType.launch: Executable doesn't exist at /home/vscode/.cache/ms-playwright/firefox-1495/firefox/firefox
    ╔═════════════════════════════════════════════════════════════════════════╗
    ║ Looks like Playwright Test or Playwright was just installed or updated. ║
    ║ Please run the following command to download new browsers:              ║
    ║                                                                         ║
    ║     npx playwright install                                              ║
    ║                                                                         ║
    ║ <3 Playwright Team                                                      ║
    ╚═════════════════════════════════════════════════════════════════════════╝
]]>
</failure>
</testcase>
</testsuite>
<testsuite name="accessibility.spec.ts" timestamp="2025-10-24T17:43:57.403Z" hostname="webkit" tests="10" failures="10" skipped="0" time="0.087" errors="0">
<testcase name="Accessibility Tests › TC-007: Should have no critical accessibility violations" classname="accessibility.spec.ts" time="0.002">
<failure message="accessibility.spec.ts:25:7 TC-007: Should have no critical accessibility violations" type="FAILURE">
<![CDATA[  [webkit] › accessibility.spec.ts:25:7 › Accessibility Tests › TC-007: Should have no critical accessibility violations 

    Error: browserType.launch: Executable doesn't exist at /home/vscode/.cache/ms-playwright/webkit-2215/pw_run.sh
    ╔═════════════════════════════════════════════════════════════════════════╗
    ║ Looks like Playwright Test or Playwright was just installed or updated. ║
    ║ Please run the following command to download new browsers:              ║
    ║                                                                         ║
    ║     npx playwright install                                              ║
    ║                                                                         ║
    ║ <3 Playwright Team                                                      ║
    ╚═════════════════════════════════════════════════════════════════════════╝
]]>
</failure>
</testcase>
<testcase name="Accessibility Tests › TC-008: Should support full keyboard navigation" classname="accessibility.spec.ts" time="0.003">
<failure message="accessibility.spec.ts:35:7 TC-008: Should support full keyboard navigation" type="FAILURE">
<![CDATA[  [webkit] › accessibility.spec.ts:35:7 › Accessibility Tests › TC-008: Should support full keyboard navigation 

    Error: browserType.launch: Executable doesn't exist at /home/vscode/.cache/ms-playwright/webkit-2215/pw_run.sh
    ╔═════════════════════════════════════════════════════════════════════════╗
    ║ Looks like Playwright Test or Playwright was just installed or updated. ║
    ║ Please run the following command to download new browsers:              ║
    ║                                                                         ║
    ║     npx playwright install                                              ║
    ║                                                                         ║
    ║ <3 Playwright Team                                                      ║
    ╚═════════════════════════════════════════════════════════════════════════╝
]]>
</failure>
</testcase>
<testcase name="Accessibility Tests › TC-A03: All images should have alt text" classname="accessibility.spec.ts" time="0.002">
<failure message="accessibility.spec.ts:57:7 TC-A03: All images should have alt text" type="FAILURE">
<![CDATA[  [webkit] › accessibility.spec.ts:57:7 › Accessibility Tests › TC-A03: All images should have alt text 

    Error: browserType.launch: Executable doesn't exist at /home/vscode/.cache/ms-playwright/webkit-2215/pw_run.sh
    ╔═════════════════════════════════════════════════════════════════════════╗
    ║ Looks like Playwright Test or Playwright was just installed or updated. ║
    ║ Please run the following command to download new browsers:              ║
    ║                                                                         ║
    ║     npx playwright install                                              ║
    ║                                                                         ║
    ║ <3 Playwright Team                                                      ║
    ╚═════════════════════════════════════════════════════════════════════════╝
]]>
</failure>
</testcase>
<testcase name="Accessibility Tests › TC-A04: Heading hierarchy should be correct" classname="accessibility.spec.ts" time="0.007">
<failure message="accessibility.spec.ts:68:7 TC-A04: Heading hierarchy should be correct" type="FAILURE">
<![CDATA[  [webkit] › accessibility.spec.ts:68:7 › Accessibility Tests › TC-A04: Heading hierarchy should be correct 

    Error: browserType.launch: Executable doesn't exist at /home/vscode/.cache/ms-playwright/webkit-2215/pw_run.sh
    ╔═════════════════════════════════════════════════════════════════════════╗
    ║ Looks like Playwright Test or Playwright was just installed or updated. ║
    ║ Please run the following command to download new browsers:              ║
    ║                                                                         ║
    ║     npx playwright install                                              ║
    ║                                                                         ║
    ║ <3 Playwright Team                                                      ║
    ╚═════════════════════════════════════════════════════════════════════════╝
]]>
</failure>
</testcase>
<testcase name="Accessibility Tests › TC-A05: Links should have meaningful text" classname="accessibility.spec.ts" time="0.004">
<failure message="accessibility.spec.ts:84:7 TC-A05: Links should have meaningful text" type="FAILURE">
<![CDATA[  [webkit] › accessibility.spec.ts:84:7 › Accessibility Tests › TC-A05: Links should have meaningful text 

    Error: browserType.launch: Executable doesn't exist at /home/vscode/.cache/ms-playwright/webkit-2215/pw_run.sh
    ╔═════════════════════════════════════════════════════════════════════════╗
    ║ Looks like Playwright Test or Playwright was just installed or updated. ║
    ║ Please run the following command to download new browsers:              ║
    ║                                                                         ║
    ║     npx playwright install                                              ║
    ║                                                                         ║
    ║ <3 Playwright Team                                                      ║
    ╚═════════════════════════════════════════════════════════════════════════╝
]]>
</failure>
</testcase>
<testcase name="Accessibility Tests › TC-A06: Page should have proper landmark roles" classname="accessibility.spec.ts" time="0.002">
<failure message="accessibility.spec.ts:104:7 TC-A06: Page should have proper landmark roles" type="FAILURE">
<![CDATA[  [webkit] › accessibility.spec.ts:104:7 › Accessibility Tests › TC-A06: Page should have proper landmark roles 

    Error: browserType.launch: Executable doesn't exist at /home/vscode/.cache/ms-playwright/webkit-2215/pw_run.sh
    ╔═════════════════════════════════════════════════════════════════════════╗
    ║ Looks like Playwright Test or Playwright was just installed or updated. ║
    ║ Please run the following command to download new browsers:              ║
    ║                                                                         ║
    ║     npx playwright install                                              ║
    ║                                                                         ║
    ║ <3 Playwright Team                                                      ║
    ╚═════════════════════════════════════════════════════════════════════════╝
]]>
</failure>
</testcase>
<testcase name="Accessibility Tests › TC-A07: Interactive elements should have focus indicators" classname="accessibility.spec.ts" time="0.003">
<failure message="accessibility.spec.ts:118:7 TC-A07: Interactive elements should have focus indicators" type="FAILURE">
<![CDATA[  [webkit] › accessibility.spec.ts:118:7 › Accessibility Tests › TC-A07: Interactive elements should have focus indicators 

    Error: browserType.launch: Executable doesn't exist at /home/vscode/.cache/ms-playwright/webkit-2215/pw_run.sh
    ╔═════════════════════════════════════════════════════════════════════════╗
    ║ Looks like Playwright Test or Playwright was just installed or updated. ║
    ║ Please run the following command to download new browsers:              ║
    ║                                                                         ║
    ║     npx playwright install                                              ║
    ║                                                                         ║
    ║ <3 Playwright Team                                                      ║
    ╚═════════════════════════════════════════════════════════════════════════╝
]]>
</failure>
</testcase>
<testcase name="Accessibility Tests › TC-A08: Color contrast should meet WCAG AA standards" classname="accessibility.spec.ts" time="0.056">
<failure message="accessibility.spec.ts:137:7 TC-A08: Color contrast should meet WCAG AA standards" type="FAILURE">
<![CDATA[  [webkit] › accessibility.spec.ts:137:7 › Accessibility Tests › TC-A08: Color contrast should meet WCAG AA standards 

    Error: browserType.launch: Executable doesn't exist at /home/vscode/.cache/ms-playwright/webkit-2215/pw_run.sh
    ╔═════════════════════════════════════════════════════════════════════════╗
    ║ Looks like Playwright Test or Playwright was just installed or updated. ║
    ║ Please run the following command to download new browsers:              ║
    ║                                                                         ║
    ║     npx playwright install                                              ║
    ║                                                                         ║
    ║ <3 Playwright Team                                                      ║
    ╚═════════════════════════════════════════════════════════════════════════╝
]]>
</failure>
</testcase>
<testcase name="Accessibility Tests › TC-A09: Skip to main content link should exist" classname="accessibility.spec.ts" time="0.003">
<failure message="accessibility.spec.ts:154:7 TC-A09: Skip to main content link should exist" type="FAILURE">
<![CDATA[  [webkit] › accessibility.spec.ts:154:7 › Accessibility Tests › TC-A09: Skip to main content link should exist 

    Error: browserType.launch: Executable doesn't exist at /home/vscode/.cache/ms-playwright/webkit-2215/pw_run.sh
    ╔═════════════════════════════════════════════════════════════════════════╗
    ║ Looks like Playwright Test or Playwright was just installed or updated. ║
    ║ Please run the following command to download new browsers:              ║
    ║                                                                         ║
    ║     npx playwright install                                              ║
    ║                                                                         ║
    ║ <3 Playwright Team                                                      ║
    ╚═════════════════════════════════════════════════════════════════════════╝
]]>
</failure>
</testcase>
<testcase name="Accessibility Tests › TC-A10: Form elements should have associated labels" classname="accessibility.spec.ts" time="0.005">
<failure message="accessibility.spec.ts:163:7 TC-A10: Form elements should have associated labels" type="FAILURE">
<![CDATA[  [webkit] › accessibility.spec.ts:163:7 › Accessibility Tests › TC-A10: Form elements should have associated labels 

    Error: browserType.launch: Executable doesn't exist at /home/vscode/.cache/ms-playwright/webkit-2215/pw_run.sh
    ╔═════════════════════════════════════════════════════════════════════════╗
    ║ Looks like Playwright Test or Playwright was just installed or updated. ║
    ║ Please run the following command to download new browsers:              ║
    ║                                                                         ║
    ║     npx playwright install                                              ║
    ║                                                                         ║
    ║ <3 Playwright Team                                                      ║
    ╚═════════════════════════════════════════════════════════════════════════╝
]]>
</failure>
</testcase>
</testsuite>
<testsuite name="homepage.spec.ts" timestamp="2025-10-24T17:43:57.403Z" hostname="webkit" tests="14" failures="14" skipped="0" time="0.034" errors="0">
<testcase name="Homepage Functional Tests › TC-001: Homepage should load with all core elements" classname="homepage.spec.ts" time="0.002">
<failure message="homepage.spec.ts:26:7 TC-001: Homepage should load with all core elements" type="FAILURE">
<![CDATA[  [webkit] › homepage.spec.ts:26:7 › Homepage Functional Tests › TC-001: Homepage should load with all core elements 

    Error: browserType.launch: Executable doesn't exist at /home/vscode/.cache/ms-playwright/webkit-2215/pw_run.sh
    ╔═════════════════════════════════════════════════════════════════════════╗
    ║ Looks like Playwright Test or Playwright was just installed or updated. ║
    ║ Please run the following command to download new browsers:              ║
    ║                                                                         ║
    ║     npx playwright install                                              ║
    ║                                                                         ║
    ║ <3 Playwright Team                                                      ║
    ╚═════════════════════════════════════════════════════════════════════════╝
]]>
</failure>
</testcase>
<testcase name="Homepage Functional Tests › TC-002: SEO and Metadata should be properly configured" classname="homepage.spec.ts" time="0.003">
<failure message="homepage.spec.ts:52:7 TC-002: SEO and Metadata should be properly configured" type="FAILURE">
<![CDATA[  [webkit] › homepage.spec.ts:52:7 › Homepage Functional Tests › TC-002: SEO and Metadata should be properly configured 

    Error: browserType.launch: Executable doesn't exist at /home/vscode/.cache/ms-playwright/webkit-2215/pw_run.sh
    ╔═════════════════════════════════════════════════════════════════════════╗
    ║ Looks like Playwright Test or Playwright was just installed or updated. ║
    ║ Please run the following command to download new browsers:              ║
    ║                                                                         ║
    ║     npx playwright install                                              ║
    ║                                                                         ║
    ║ <3 Playwright Team                                                      ║
    ╚═════════════════════════════════════════════════════════════════════════╝
]]>
</failure>
</testcase>
<testcase name="Homepage Functional Tests › TC-003: Navigation menu should have all required links" classname="homepage.spec.ts" time="0.002">
<failure message="homepage.spec.ts:76:7 TC-003: Navigation menu should have all required links" type="FAILURE">
<![CDATA[  [webkit] › homepage.spec.ts:76:7 › Homepage Functional Tests › TC-003: Navigation menu should have all required links 

    Error: browserType.launch: Executable doesn't exist at /home/vscode/.cache/ms-playwright/webkit-2215/pw_run.sh
    ╔═════════════════════════════════════════════════════════════════════════╗
    ║ Looks like Playwright Test or Playwright was just installed or updated. ║
    ║ Please run the following command to download new browsers:              ║
    ║                                                                         ║
    ║     npx playwright install                                              ║
    ║                                                                         ║
    ║ <3 Playwright Team                                                      ║
    ╚═════════════════════════════════════════════════════════════════════════╝
]]>
</failure>
</testcase>
<testcase name="Homepage Functional Tests › TC-004: Hero section should display correctly" classname="homepage.spec.ts" time="0.002">
<failure message="homepage.spec.ts:96:7 TC-004: Hero section should display correctly" type="FAILURE">
<![CDATA[  [webkit] › homepage.spec.ts:96:7 › Homepage Functional Tests › TC-004: Hero section should display correctly 

    Error: browserType.launch: Executable doesn't exist at /home/vscode/.cache/ms-playwright/webkit-2215/pw_run.sh
    ╔═════════════════════════════════════════════════════════════════════════╗
    ║ Looks like Playwright Test or Playwright was just installed or updated. ║
    ║ Please run the following command to download new browsers:              ║
    ║                                                                         ║
    ║     npx playwright install                                              ║
    ║                                                                         ║
    ║ <3 Playwright Team                                                      ║
    ╚═════════════════════════════════════════════════════════════════════════╝
]]>
</failure>
</testcase>
<testcase name="Homepage Functional Tests › TC-005: Explore cards should all be present and clickable" classname="homepage.spec.ts" time="0.002">
<failure message="homepage.spec.ts:119:7 TC-005: Explore cards should all be present and clickable" type="FAILURE">
<![CDATA[  [webkit] › homepage.spec.ts:119:7 › Homepage Functional Tests › TC-005: Explore cards should all be present and clickable 

    Error: browserType.launch: Executable doesn't exist at /home/vscode/.cache/ms-playwright/webkit-2215/pw_run.sh
    ╔═════════════════════════════════════════════════════════════════════════╗
    ║ Looks like Playwright Test or Playwright was just installed or updated. ║
    ║ Please run the following command to download new browsers:              ║
    ║                                                                         ║
    ║     npx playwright install                                              ║
    ║                                                                         ║
    ║ <3 Playwright Team                                                      ║
    ╚═════════════════════════════════════════════════════════════════════════╝
]]>
</failure>
</testcase>
<testcase name="Homepage Functional Tests › TC-006: Community stats should display correctly" classname="homepage.spec.ts" time="0.002">
<failure message="homepage.spec.ts:145:7 TC-006: Community stats should display correctly" type="FAILURE">
<![CDATA[  [webkit] › homepage.spec.ts:145:7 › Homepage Functional Tests › TC-006: Community stats should display correctly 

    Error: browserType.launch: Executable doesn't exist at /home/vscode/.cache/ms-playwright/webkit-2215/pw_run.sh
    ╔═════════════════════════════════════════════════════════════════════════╗
    ║ Looks like Playwright Test or Playwright was just installed or updated. ║
    ║ Please run the following command to download new browsers:              ║
    ║                                                                         ║
    ║     npx playwright install                                              ║
    ║                                                                         ║
    ║ <3 Playwright Team                                                      ║
    ╚═════════════════════════════════════════════════════════════════════════╝
]]>
</failure>
</testcase>
<testcase name="Homepage Functional Tests › TC-007: All 7 Paths of Impact should be visible" classname="homepage.spec.ts" time="0.003">
<failure message="homepage.spec.ts:169:7 TC-007: All 7 Paths of Impact should be visible" type="FAILURE">
<![CDATA[  [webkit] › homepage.spec.ts:169:7 › Homepage Functional Tests › TC-007: All 7 Paths of Impact should be visible 

    Error: browserType.launch: Executable doesn't exist at /home/vscode/.cache/ms-playwright/webkit-2215/pw_run.sh
    ╔═════════════════════════════════════════════════════════════════════════╗
    ║ Looks like Playwright Test or Playwright was just installed or updated. ║
    ║ Please run the following command to download new browsers:              ║
    ║                                                                         ║
    ║     npx playwright install                                              ║
    ║                                                                         ║
    ║ <3 Playwright Team                                                      ║
    ╚═════════════════════════════════════════════════════════════════════════╝
]]>
</failure>
</testcase>
<testcase name="Homepage Functional Tests › TC-008: &quot;What is Agentic AI&quot; section should show both approaches" classname="homepage.spec.ts" time="0.003">
<failure message="homepage.spec.ts:203:7 TC-008: &quot;What is Agentic AI&quot; section should show both approaches" type="FAILURE">
<![CDATA[  [webkit] › homepage.spec.ts:203:7 › Homepage Functional Tests › TC-008: "What is Agentic AI" section should show both approaches 

    Error: browserType.launch: Executable doesn't exist at /home/vscode/.cache/ms-playwright/webkit-2215/pw_run.sh
    ╔═════════════════════════════════════════════════════════════════════════╗
    ║ Looks like Playwright Test or Playwright was just installed or updated. ║
    ║ Please run the following command to download new browsers:              ║
    ║                                                                         ║
    ║     npx playwright install                                              ║
    ║                                                                         ║
    ║ <3 Playwright Team                                                      ║
    ╚═════════════════════════════════════════════════════════════════════════╝
]]>
</failure>
</testcase>
<testcase name="Homepage Functional Tests › TC-009: Join Community button should link to external community platform" classname="homepage.spec.ts" time="0.002">
<failure message="homepage.spec.ts:225:7 TC-009: Join Community button should link to external community platform" type="FAILURE">
<![CDATA[  [webkit] › homepage.spec.ts:225:7 › Homepage Functional Tests › TC-009: Join Community button should link to external community platform 

    Error: browserType.launch: Executable doesn't exist at /home/vscode/.cache/ms-playwright/webkit-2215/pw_run.sh
    ╔═════════════════════════════════════════════════════════════════════════╗
    ║ Looks like Playwright Test or Playwright was just installed or updated. ║
    ║ Please run the following command to download new browsers:              ║
    ║                                                                         ║
    ║     npx playwright install                                              ║
    ║                                                                         ║
    ║ <3 Playwright Team                                                      ║
    ╚═════════════════════════════════════════════════════════════════════════╝
]]>
</failure>
</testcase>
<testcase name="Homepage Functional Tests › TC-010: Console button should be visible" classname="homepage.spec.ts" time="0.004">
<failure message="homepage.spec.ts:239:7 TC-010: Console button should be visible" type="FAILURE">
<![CDATA[  [webkit] › homepage.spec.ts:239:7 › Homepage Functional Tests › TC-010: Console button should be visible 

    Error: browserType.launch: Executable doesn't exist at /home/vscode/.cache/ms-playwright/webkit-2215/pw_run.sh
    ╔═════════════════════════════════════════════════════════════════════════╗
    ║ Looks like Playwright Test or Playwright was just installed or updated. ║
    ║ Please run the following command to download new browsers:              ║
    ║                                                                         ║
    ║     npx playwright install                                              ║
    ║                                                                         ║
    ║ <3 Playwright Team                                                      ║
    ╚═════════════════════════════════════════════════════════════════════════╝
]]>
</failure>
</testcase>
<testcase name="Homepage Functional Tests › TC-011: Heading hierarchy should be proper" classname="homepage.spec.ts" time="0.002">
<failure message="homepage.spec.ts:245:7 TC-011: Heading hierarchy should be proper" type="FAILURE">
<![CDATA[  [webkit] › homepage.spec.ts:245:7 › Homepage Functional Tests › TC-011: Heading hierarchy should be proper 

    Error: browserType.launch: Executable doesn't exist at /home/vscode/.cache/ms-playwright/webkit-2215/pw_run.sh
    ╔═════════════════════════════════════════════════════════════════════════╗
    ║ Looks like Playwright Test or Playwright was just installed or updated. ║
    ║ Please run the following command to download new browsers:              ║
    ║                                                                         ║
    ║     npx playwright install                                              ║
    ║                                                                         ║
    ║ <3 Playwright Team                                                      ║
    ╚═════════════════════════════════════════════════════════════════════════╝
]]>
</failure>
</testcase>
<testcase name="Homepage Functional Tests › TC-012: HTTPS should be enforced" classname="homepage.spec.ts" time="0.002">
<failure message="homepage.spec.ts:265:7 TC-012: HTTPS should be enforced" type="FAILURE">
<![CDATA[  [webkit] › homepage.spec.ts:265:7 › Homepage Functional Tests › TC-012: HTTPS should be enforced ─

    Error: browserType.launch: Executable doesn't exist at /home/vscode/.cache/ms-playwright/webkit-2215/pw_run.sh
    ╔═════════════════════════════════════════════════════════════════════════╗
    ║ Looks like Playwright Test or Playwright was just installed or updated. ║
    ║ Please run the following command to download new browsers:              ║
    ║                                                                         ║
    ║     npx playwright install                                              ║
    ║                                                                         ║
    ║ <3 Playwright Team                                                      ║
    ╚═════════════════════════════════════════════════════════════════════════╝
]]>
</failure>
</testcase>
<testcase name="Homepage Functional Tests › TC-013: Contact Us button should be visible in footer" classname="homepage.spec.ts" time="0.003">
<failure message="homepage.spec.ts:274:7 TC-013: Contact Us button should be visible in footer" type="FAILURE">
<![CDATA[  [webkit] › homepage.spec.ts:274:7 › Homepage Functional Tests › TC-013: Contact Us button should be visible in footer 

    Error: browserType.launch: Executable doesn't exist at /home/vscode/.cache/ms-playwright/webkit-2215/pw_run.sh
    ╔═════════════════════════════════════════════════════════════════════════╗
    ║ Looks like Playwright Test or Playwright was just installed or updated. ║
    ║ Please run the following command to download new browsers:              ║
    ║                                                                         ║
    ║     npx playwright install                                              ║
    ║                                                                         ║
    ║ <3 Playwright Team                                                      ║
    ╚═════════════════════════════════════════════════════════════════════════╝
]]>
</failure>
</testcase>
<testcase name="Homepage Functional Tests › TC-014: Footer should contain copyright and attribution" classname="homepage.spec.ts" time="0.002">
<failure message="homepage.spec.ts:283:7 TC-014: Footer should contain copyright and attribution" type="FAILURE">
<![CDATA[  [webkit] › homepage.spec.ts:283:7 › Homepage Functional Tests › TC-014: Footer should contain copyright and attribution 

    Error: browserType.launch: Executable doesn't exist at /home/vscode/.cache/ms-playwright/webkit-2215/pw_run.sh
    ╔═════════════════════════════════════════════════════════════════════════╗
    ║ Looks like Playwright Test or Playwright was just installed or updated. ║
    ║ Please run the following command to download new browsers:              ║
    ║                                                                         ║
    ║     npx playwright install                                              ║
    ║                                                                         ║
    ║ <3 Playwright Team                                                      ║
    ╚═════════════════════════════════════════════════════════════════════════╝
]]>
</failure>
</testcase>
</testsuite>
<testsuite name="performance.spec.ts" timestamp="2025-10-24T17:43:57.403Z" hostname="webkit" tests="7" failures="7" skipped="0" time="0.049" errors="0">
<testcase name="Performance Tests › TC-009: Page should load within acceptable time limits" classname="performance.spec.ts" time="0.034">
<failure message="performance.spec.ts:14:7 TC-009: Page should load within acceptable time limits" type="FAILURE">
<![CDATA[  [webkit] › performance.spec.ts:14:7 › Performance Tests › TC-009: Page should load within acceptable time limits 

    Error: browserType.launch: Executable doesn't exist at /home/vscode/.cache/ms-playwright/webkit-2215/pw_run.sh
    ╔═════════════════════════════════════════════════════════════════════════╗
    ║ Looks like Playwright Test or Playwright was just installed or updated. ║
    ║ Please run the following command to download new browsers:              ║
    ║                                                                         ║
    ║     npx playwright install                                              ║
    ║                                                                         ║
    ║ <3 Playwright Team                                                      ║
    ╚═════════════════════════════════════════════════════════════════════════╝
]]>
</failure>
</testcase>
<testcase name="Performance Tests › TC-010: Resources should be optimized" classname="performance.spec.ts" time="0.003">
<failure message="performance.spec.ts:35:7 TC-010: Resources should be optimized" type="FAILURE">
<![CDATA[  [webkit] › performance.spec.ts:35:7 › Performance Tests › TC-010: Resources should be optimized ──

    Error: browserType.launch: Executable doesn't exist at /home/vscode/.cache/ms-playwright/webkit-2215/pw_run.sh
    ╔═════════════════════════════════════════════════════════════════════════╗
    ║ Looks like Playwright Test or Playwright was just installed or updated. ║
    ║ Please run the following command to download new browsers:              ║
    ║                                                                         ║
    ║     npx playwright install                                              ║
    ║                                                                         ║
    ║ <3 Playwright Team                                                      ║
    ╚═════════════════════════════════════════════════════════════════════════╝
]]>
</failure>
</testcase>
<testcase name="Performance Tests › TC-P03: Core Web Vitals should meet &quot;Good&quot; thresholds" classname="performance.spec.ts" time="0.002">
<failure message="performance.spec.ts:70:7 TC-P03: Core Web Vitals should meet &quot;Good&quot; thresholds" type="FAILURE">
<![CDATA[  [webkit] › performance.spec.ts:70:7 › Performance Tests › TC-P03: Core Web Vitals should meet "Good" thresholds 

    Error: browserType.launch: Executable doesn't exist at /home/vscode/.cache/ms-playwright/webkit-2215/pw_run.sh
    ╔═════════════════════════════════════════════════════════════════════════╗
    ║ Looks like Playwright Test or Playwright was just installed or updated. ║
    ║ Please run the following command to download new browsers:              ║
    ║                                                                         ║
    ║     npx playwright install                                              ║
    ║                                                                         ║
    ║ <3 Playwright Team                                                      ║
    ╚═════════════════════════════════════════════════════════════════════════╝
]]>
</failure>
</testcase>
<testcase name="Performance Tests › TC-P04: Images should be optimized" classname="performance.spec.ts" time="0.004">
<failure message="performance.spec.ts:113:7 TC-P04: Images should be optimized" type="FAILURE">
<![CDATA[  [webkit] › performance.spec.ts:113:7 › Performance Tests › TC-P04: Images should be optimized ────

    Error: browserType.launch: Executable doesn't exist at /home/vscode/.cache/ms-playwright/webkit-2215/pw_run.sh
    ╔═════════════════════════════════════════════════════════════════════════╗
    ║ Looks like Playwright Test or Playwright was just installed or updated. ║
    ║ Please run the following command to download new browsers:              ║
    ║                                                                         ║
    ║     npx playwright install                                              ║
    ║                                                                         ║
    ║ <3 Playwright Team                                                      ║
    ╚═════════════════════════════════════════════════════════════════════════╝
]]>
</failure>
</testcase>
<testcase name="Performance Tests › TC-P05: Page should not have render-blocking resources" classname="performance.spec.ts" time="0.002">
<failure message="performance.spec.ts:149:7 TC-P05: Page should not have render-blocking resources" type="FAILURE">
<![CDATA[  [webkit] › performance.spec.ts:149:7 › Performance Tests › TC-P05: Page should not have render-blocking resources 

    Error: browserType.launch: Executable doesn't exist at /home/vscode/.cache/ms-playwright/webkit-2215/pw_run.sh
    ╔═════════════════════════════════════════════════════════════════════════╗
    ║ Looks like Playwright Test or Playwright was just installed or updated. ║
    ║ Please run the following command to download new browsers:              ║
    ║                                                                         ║
    ║     npx playwright install                                              ║
    ║                                                                         ║
    ║ <3 Playwright Team                                                      ║
    ╚═════════════════════════════════════════════════════════════════════════╝
]]>
</failure>
</testcase>
<testcase name="Performance Tests › TC-P06: Page should handle slow 3G connection" classname="performance.spec.ts" time="0.002">
<failure message="performance.spec.ts:169:7 TC-P06: Page should handle slow 3G connection" type="FAILURE">
<![CDATA[  [webkit] › performance.spec.ts:169:7 › Performance Tests › TC-P06: Page should handle slow 3G connection 

    Error: browserType.launch: Executable doesn't exist at /home/vscode/.cache/ms-playwright/webkit-2215/pw_run.sh
    ╔═════════════════════════════════════════════════════════════════════════╗
    ║ Looks like Playwright Test or Playwright was just installed or updated. ║
    ║ Please run the following command to download new browsers:              ║
    ║                                                                         ║
    ║     npx playwright install                                              ║
    ║                                                                         ║
    ║ <3 Playwright Team                                                      ║
    ╚═════════════════════════════════════════════════════════════════════════╝
]]>
</failure>
</testcase>
<testcase name="Performance Tests › TC-P07: No JavaScript errors in console" classname="performance.spec.ts" time="0.002">
<failure message="performance.spec.ts:190:7 TC-P07: No JavaScript errors in console" type="FAILURE">
<![CDATA[  [webkit] › performance.spec.ts:190:7 › Performance Tests › TC-P07: No JavaScript errors in console 

    Error: browserType.launch: Executable doesn't exist at /home/vscode/.cache/ms-playwright/webkit-2215/pw_run.sh
    ╔═════════════════════════════════════════════════════════════════════════╗
    ║ Looks like Playwright Test or Playwright was just installed or updated. ║
    ║ Please run the following command to download new browsers:              ║
    ║                                                                         ║
    ║     npx playwright install                                              ║
    ║                                                                         ║
    ║ <3 Playwright Team                                                      ║
    ╚═════════════════════════════════════════════════════════════════════════╝
]]>
</failure>
</testcase>
</testsuite>
<testsuite name="responsive.spec.ts" timestamp="2025-10-24T17:43:57.403Z" hostname="webkit" tests="5" failures="5" skipped="0" time="0.017" errors="0">
<testcase name="Responsive Design Tests › TC-005: Site should be fully responsive on mobile (iPhone 12)" classname="responsive.spec.ts" time="0.007">
<failure message="responsive.spec.ts:14:7 TC-005: Site should be fully responsive on mobile (iPhone 12)" type="FAILURE">
<![CDATA[  [webkit] › responsive.spec.ts:14:7 › Responsive Design Tests › TC-005: Site should be fully responsive on mobile (iPhone 12) 

    Error: browserType.launch: Executable doesn't exist at /home/vscode/.cache/ms-playwright/webkit-2215/pw_run.sh
    ╔═════════════════════════════════════════════════════════════════════════╗
    ║ Looks like Playwright Test or Playwright was just installed or updated. ║
    ║ Please run the following command to download new browsers:              ║
    ║                                                                         ║
    ║     npx playwright install                                              ║
    ║                                                                         ║
    ║ <3 Playwright Team                                                      ║
    ╚═════════════════════════════════════════════════════════════════════════╝
]]>
</failure>
</testcase>
<testcase name="Responsive Design Tests › TC-006: Site should adapt correctly to tablet (iPad)" classname="responsive.spec.ts" time="0.003">
<failure message="responsive.spec.ts:61:7 TC-006: Site should adapt correctly to tablet (iPad)" type="FAILURE">
<![CDATA[  [webkit] › responsive.spec.ts:61:7 › Responsive Design Tests › TC-006: Site should adapt correctly to tablet (iPad) 

    Error: browserType.launch: Executable doesn't exist at /home/vscode/.cache/ms-playwright/webkit-2215/pw_run.sh
    ╔═════════════════════════════════════════════════════════════════════════╗
    ║ Looks like Playwright Test or Playwright was just installed or updated. ║
    ║ Please run the following command to download new browsers:              ║
    ║                                                                         ║
    ║     npx playwright install                                              ║
    ║                                                                         ║
    ║ <3 Playwright Team                                                      ║
    ╚═════════════════════════════════════════════════════════════════════════╝
]]>
</failure>
</testcase>
<testcase name="Responsive Design Tests › TC-R03: Site should work at common desktop resolution (1366x768)" classname="responsive.spec.ts" time="0.002">
<failure message="responsive.spec.ts:94:7 TC-R03: Site should work at common desktop resolution (1366x768)" type="FAILURE">
<![CDATA[  [webkit] › responsive.spec.ts:94:7 › Responsive Design Tests › TC-R03: Site should work at common desktop resolution (1366x768) 

    Error: browserType.launch: Executable doesn't exist at /home/vscode/.cache/ms-playwright/webkit-2215/pw_run.sh
    ╔═════════════════════════════════════════════════════════════════════════╗
    ║ Looks like Playwright Test or Playwright was just installed or updated. ║
    ║ Please run the following command to download new browsers:              ║
    ║                                                                         ║
    ║     npx playwright install                                              ║
    ║                                                                         ║
    ║ <3 Playwright Team                                                      ║
    ╚═════════════════════════════════════════════════════════════════════════╝
]]>
</failure>
</testcase>
<testcase name="Responsive Design Tests › TC-R04: Site should work at large desktop resolution (1920x1080)" classname="responsive.spec.ts" time="0.002">
<failure message="responsive.spec.ts:117:7 TC-R04: Site should work at large desktop resolution (1920x1080)" type="FAILURE">
<![CDATA[  [webkit] › responsive.spec.ts:117:7 › Responsive Design Tests › TC-R04: Site should work at large desktop resolution (1920x1080) 

    Error: browserType.launch: Executable doesn't exist at /home/vscode/.cache/ms-playwright/webkit-2215/pw_run.sh
    ╔═════════════════════════════════════════════════════════════════════════╗
    ║ Looks like Playwright Test or Playwright was just installed or updated. ║
    ║ Please run the following command to download new browsers:              ║
    ║                                                                         ║
    ║     npx playwright install                                              ║
    ║                                                                         ║
    ║ <3 Playwright Team                                                      ║
    ╚═════════════════════════════════════════════════════════════════════════╝
]]>
</failure>
</testcase>
<testcase name="Responsive Design Tests › TC-R05: Site should handle landscape orientation on mobile" classname="responsive.spec.ts" time="0.003">
<failure message="responsive.spec.ts:141:7 TC-R05: Site should handle landscape orientation on mobile" type="FAILURE">
<![CDATA[  [webkit] › responsive.spec.ts:141:7 › Responsive Design Tests › TC-R05: Site should handle landscape orientation on mobile 

    Error: browserType.launch: Executable doesn't exist at /home/vscode/.cache/ms-playwright/webkit-2215/pw_run.sh
    ╔═════════════════════════════════════════════════════════════════════════╗
    ║ Looks like Playwright Test or Playwright was just installed or updated. ║
    ║ Please run the following command to download new browsers:              ║
    ║                                                                         ║
    ║     npx playwright install                                              ║
    ║                                                                         ║
    ║ <3 Playwright Team                                                      ║
    ╚═════════════════════════════════════════════════════════════════════════╝
]]>
</failure>
</testcase>
</testsuite>
<testsuite name="accessibility.spec.ts" timestamp="2025-10-24T17:43:57.403Z" hostname="edge" tests="10" failures="3" skipped="0" time="52.019" errors="0">
<testcase name="Accessibility Tests › TC-007: Should have no critical accessibility violations" classname="accessibility.spec.ts" time="9.9">
<failure message="accessibility.spec.ts:25:7 TC-007: Should have no critical accessibility violations" type="FAILURE">
<![CDATA[  [edge] › accessibility.spec.ts:25:7 › Accessibility Tests › TC-007: Should have no critical accessibility violations 

    Error: expect(received).toEqual(expected) // deep equality

    - Expected  -   1
    + Received  + 198

    - Array []
    + Array [
    +   Object {
    +     "description": "Ensure the contrast between foreground and background colors meets WCAG 2 AA minimum contrast ratio thresholds",
    +     "help": "Elements must meet minimum color contrast ratio thresholds",
    +     "helpUrl": "https://dequeuniversity.com/rules/axe/4.11/color-contrast?application=playwright",
    +     "id": "color-contrast",
    +     "impact": "serious",
    +     "nodes": Array [
    +       Object {
    +         "all": Array [],
    +         "any": Array [
    +           Object {
    +             "data": Object {
    +               "bgColor": "#e25c3d",
    +               "contrastRatio": 3.6,
    +               "expectedContrastRatio": "4.5:1",
    +               "fgColor": "#ffffff",
    +               "fontSize": "10.5pt (14px)",
    +               "fontWeight": "normal",
    +               "messageKey": null,
    +             },
    +             "id": "color-contrast",
    +             "impact": "serious",
    +             "message": "Element has insufficient color contrast of 3.6 (foreground color: #ffffff, background color: #e25c3d, font size: 10.5pt (14px), font weight: normal). Expected contrast ratio of 4.5:1",
    +             "relatedNodes": Array [
    +               Object {
    +                 "html": "<button class=\"fixed bottom-20 right-6 z-50 flex items-center gap-2 bg-[#E25C3D] text-white px-4 py-3 rounded-lg shadow-lg hover:bg-[#d64a2c] transition-all hover:scale-105\" title=\"Open MCP Console (Ctrl + `)\">",
    +                 "target": Array [
    +                   ".right-6",
    +                 ],
    +               },
    +             ],
    +           },
    +         ],
    +         "failureSummary": "Fix any of the following:
    +   Element has insufficient color contrast of 3.6 (foreground color: #ffffff, background color: #e25c3d, font size: 10.5pt (14px), font weight: normal). Expected contrast ratio of 4.5:1",
    +         "html": "<span class=\"font-mono text-sm\">Console</span>",
    +         "impact": "serious",
    +         "none": Array [],
    +         "target": Array [
    +           ".right-6 > .font-mono.text-sm",
    +         ],
    +       },
    +       Object {
    +         "all": Array [],
    +         "any": Array [
    +           Object {
    +             "data": Object {
    +               "bgColor": "#f6f3ef",
    +               "contrastRatio": 3.29,
    +               "expectedContrastRatio": "4.5:1",
    +               "fgColor": "#e25a3c",
    +               "fontSize": "10.5pt (14px)",
    +               "fontWeight": "normal",
    +               "messageKey": null,
    +             },
    +             "id": "color-contrast",
    +             "impact": "serious",
    +             "message": "Element has insufficient color contrast of 3.29 (foreground color: #e25a3c, background color: #f6f3ef, font size: 10.5pt (14px), font weight: normal). Expected contrast ratio of 4.5:1",
    +             "relatedNodes": Array [
    +               Object {
    +                 "html": "<div class=\"mb-8 inline-flex items-center gap-2 console-window px-4 py-2 animate-fade-in\">",
    +                 "target": Array [
    +                   ".py-2",
    +                 ],
    +               },
    +             ],
    +           },
    +         ],
    +         "failureSummary": "Fix any of the following:
    +   Element has insufficient color contrast of 3.29 (foreground color: #e25a3c, background color: #f6f3ef, font size: 10.5pt (14px), font weight: normal). Expected contrast ratio of 4.5:1",
    +         "html": "<span class=\"text-primary font-mono text-sm typewriter\">&gt; Building the future of AI</span>",
    +         "impact": "serious",
    +         "none": Array [],
    +         "target": Array [
    +           ".typewriter",
    +         ],
    +       },
    +       Object {
    +         "all": Array [],
    +         "any": Array [
    +           Object {
    +             "data": Object {
    +               "bgColor": "#e25a3c",
    +               "contrastRatio": 3.53,
    +               "expectedContrastRatio": "4.5:1",
    +               "fgColor": "#fefbf6",
    +               "fontSize": "13.5pt (18px)",
    +               "fontWeight": "normal",
    +               "messageKey": null,
    +             },
    +             "id": "color-contrast",
    +             "impact": "serious",
    +             "message": "Element has insufficient color contrast of 3.53 (foreground color: #fefbf6, background color: #e25a3c, font size: 13.5pt (18px), font weight: normal). Expected contrast ratio of 4.5:1",
    +             "relatedNodes": Array [
    +               Object {
    +                 "html": "<a href=\"https://community.ag...\" target=\"_blank\" rel=\"noopener noreferrer\" class=\"inline-flex items-ce...\">",
    +                 "target": Array [
    +                   ".flex-col.sm\\:flex-row.gap-4 > .bg-primary.text-primary-foreground.hover\\:bg-primary\\/90",
    +                 ],
    +               },
    +             ],
    +           },
    +         ],
    +         "failureSummary": "Fix any of the following:
    +   Element has insufficient color contrast of 3.53 (foreground color: #fefbf6, background color: #e25a3c, font size: 13.5pt (18px), font weight: normal). Expected contrast ratio of 4.5:1",
    +         "html": "<a href=\"https://community.ag...\" target=\"_blank\" rel=\"noopener noreferrer\" class=\"inline-flex items-ce...\">",
    +         "impact": "serious",
    +         "none": Array [],
    +         "target": Array [
    +           ".flex-col.sm\\:flex-row.gap-4 > .bg-primary.text-primary-foreground.hover\\:bg-primary\\/90",
    +         ],
    +       },
    +       Object {
    +         "all": Array [],
    +         "any": Array [
    +           Object {
    +             "data": Object {
    +               "bgColor": "#f6f3ef",
    +               "contrastRatio": 3.29,
    +               "expectedContrastRatio": "4.5:1",
    +               "fgColor": "#e25a3c",
    +               "fontSize": "12.0pt (16px)",
    +               "fontWeight": "normal",
    +               "messageKey": null,
    +             },
    +             "id": "color-contrast",
    +             "impact": "serious",
    +             "message": "Element has insufficient color contrast of 3.29 (foreground color: #e25a3c, background color: #f6f3ef, font size: 12.0pt (16px), font weight: normal). Expected contrast ratio of 4.5:1",
    +             "relatedNodes": Array [
    +               Object {
    +                 "html": "<a href=\"/what-is-agentics\" class=\"inline-flex items-center gap-2 console-window px-6 py-3 text-primary hover:bg-primary hover:text-primary-foreground transition-all duration-300 font-medium\">Explore the Full Spectrum →</a>",
    +                 "target": Array [
    +                   ".hover\\:bg-primary",
    +                 ],
    +               },
    +             ],
    +           },
    +         ],
    +         "failureSummary": "Fix any of the following:
    +   Element has insufficient color contrast of 3.29 (foreground color: #e25a3c, background color: #f6f3ef, font size: 12.0pt (16px), font weight: normal). Expected contrast ratio of 4.5:1",
    +         "html": "<a href=\"/what-is-agentics\" class=\"inline-flex items-center gap-2 console-window px-6 py-3 text-primary hover:bg-primary hover:text-primary-foreground transition-all duration-300 font-medium\">Explore the Full Spectrum →</a>",
    +         "impact": "serious",
    +         "none": Array [],
    +         "target": Array [
    +           ".hover\\:bg-primary",
    +         ],
    +       },
    +       Object {
    +         "all": Array [],
    +         "any": Array [
    +           Object {
    +             "data": Object {
    +               "bgColor": "#e25a3c",
    +               "contrastRatio": 3.53,
    +               "expectedContrastRatio": "4.5:1",
    +               "fgColor": "#fefbf6",
    +               "fontSize": "10.5pt (14px)",
    +               "fontWeight": "normal",
    +               "messageKey": null,
    +             },
    +             "id": "color-contrast",
    +             "impact": "serious",
    +             "message": "Element has insufficient color contrast of 3.53 (foreground color: #fefbf6, background color: #e25a3c, font size: 10.5pt (14px), font weight: normal). Expected contrast ratio of 4.5:1",
    +             "relatedNodes": Array [
    +               Object {
    +                 "html": "<a href=\"https://community.ag...\" target=\"_blank\" rel=\"noopener noreferrer\" class=\"inline-flex items-ce...\">",
    +                 "target": Array [
    +                   ".p-8.console-window.hover-glow > .bg-primary.text-primary-foreground.hover\\:bg-primary\\/90",
    +                 ],
    +               },
    +             ],
    +           },
    +         ],
    +         "failureSummary": "Fix any of the following:
    +   Element has insufficient color contrast of 3.53 (foreground color: #fefbf6, background color: #e25a3c, font size: 10.5pt (14px), font weight: normal). Expected contrast ratio of 4.5:1",
    +         "html": "<a href=\"https://community.ag...\" target=\"_blank\" rel=\"noopener noreferrer\" class=\"inline-flex items-ce...\">",
    +         "impact": "serious",
    +         "none": Array [],
    +         "target": Array [
    +           ".p-8.console-window.hover-glow > .bg-primary.text-primary-foreground.hover\\:bg-primary\\/90",
    +         ],
    +       },
    +     ],
    +     "tags": Array [
    +       "cat.color",
    +       "wcag2aa",
    +       "wcag143",
    +       "TTv5",
    +       "TT13.c",
    +       "EN-301-549",
    +       "EN-9.1.4.3",
    +       "ACT",
    +       "RGAAv4",
    +       "RGAA-3.2.1",
    +     ],
    +   },
    + ]

      30 |
      31 |     // Verify no critical violations
    > 32 |     expect(accessibilityScanResults.violations).toEqual([]);
         |                                                 ^
      33 |   });
      34 |
      35 |   test('TC-008: Should support full keyboard navigation', async ({ page }) => {
        at /workspaces/agentic-qe-cf/agentics/tests/accessibility.spec.ts:32:49

    attachment #1: screenshot (image/png) ──────────────────────────────────────────────────────────
    ../test-results/accessibility-Accessibilit-3347a-al-accessibility-violations-edge/test-failed-1.png
    ────────────────────────────────────────────────────────────────────────────────────────────────

    attachment #2: video (video/webm) ──────────────────────────────────────────────────────────────
    ../test-results/accessibility-Accessibilit-3347a-al-accessibility-violations-edge/video-1.webm
    ────────────────────────────────────────────────────────────────────────────────────────────────

    attachment #3: video (video/webm) ──────────────────────────────────────────────────────────────
    ../test-results/accessibility-Accessibilit-3347a-al-accessibility-violations-edge/video.webm
    ────────────────────────────────────────────────────────────────────────────────────────────────

    Error Context: ../test-results/accessibility-Accessibilit-3347a-al-accessibility-violations-edge/error-context.md
]]>
</failure>
<system-out>
<![CDATA[
[[ATTACHMENT|accessibility-Accessibilit-3347a-al-accessibility-violations-edge/test-failed-1.png]]

[[ATTACHMENT|accessibility-Accessibilit-3347a-al-accessibility-violations-edge/video-1.webm]]

[[ATTACHMENT|accessibility-Accessibilit-3347a-al-accessibility-violations-edge/video.webm]]

[[ATTACHMENT|accessibility-Accessibilit-3347a-al-accessibility-violations-edge/error-context.md]]
]]>
</system-out>
</testcase>
<testcase name="Accessibility Tests › TC-008: Should support full keyboard navigation" classname="accessibility.spec.ts" time="5.086">
</testcase>
<testcase name="Accessibility Tests › TC-A03: All images should have alt text" classname="accessibility.spec.ts" time="4.393">
</testcase>
<testcase name="Accessibility Tests › TC-A04: Heading hierarchy should be correct" classname="accessibility.spec.ts" time="4.238">
</testcase>
<testcase name="Accessibility Tests › TC-A05: Links should have meaningful text" classname="accessibility.spec.ts" time="4.416">
</testcase>
<testcase name="Accessibility Tests › TC-A06: Page should have proper landmark roles" classname="accessibility.spec.ts" time="4.291">
</testcase>
<testcase name="Accessibility Tests › TC-A07: Interactive elements should have focus indicators" classname="accessibility.spec.ts" time="4.901">
</testcase>
<testcase name="Accessibility Tests › TC-A08: Color contrast should meet WCAG AA standards" classname="accessibility.spec.ts" time="7.524">
<failure message="accessibility.spec.ts:137:7 TC-A08: Color contrast should meet WCAG AA standards" type="FAILURE">
<![CDATA[  [edge] › accessibility.spec.ts:137:7 › Accessibility Tests › TC-A08: Color contrast should meet WCAG AA standards 

    Error: expect(received).toBeLessThanOrEqual(expected)

    Expected: <= 0
    Received:    1

      149 |
      150 |     // Should have minimal or no contrast violations
    > 151 |     expect(contrastResults.violations.filter(v => v.id === 'color-contrast').length).toBeLessThanOrEqual(0);
          |                                                                                      ^
      152 |   });
      153 |
      154 |   test('TC-A09: Skip to main content link should exist', async ({ page }) => {
        at /workspaces/agentic-qe-cf/agentics/tests/accessibility.spec.ts:151:86

    attachment #1: screenshot (image/png) ──────────────────────────────────────────────────────────
    ../test-results/accessibility-Accessibilit-20dbd-ould-meet-WCAG-AA-standards-edge/test-failed-1.png
    ────────────────────────────────────────────────────────────────────────────────────────────────

    attachment #2: video (video/webm) ──────────────────────────────────────────────────────────────
    ../test-results/accessibility-Accessibilit-20dbd-ould-meet-WCAG-AA-standards-edge/video-1.webm
    ────────────────────────────────────────────────────────────────────────────────────────────────

    attachment #3: video (video/webm) ──────────────────────────────────────────────────────────────
    ../test-results/accessibility-Accessibilit-20dbd-ould-meet-WCAG-AA-standards-edge/video.webm
    ────────────────────────────────────────────────────────────────────────────────────────────────

    attachment #4: video (video/webm) ──────────────────────────────────────────────────────────────
    ../test-results/accessibility-Accessibilit-20dbd-ould-meet-WCAG-AA-standards-edge/video-2.webm
    ────────────────────────────────────────────────────────────────────────────────────────────────

    Error Context: ../test-results/accessibility-Accessibilit-20dbd-ould-meet-WCAG-AA-standards-edge/error-context.md
]]>
</failure>
<system-out>
<![CDATA[
[[ATTACHMENT|accessibility-Accessibilit-20dbd-ould-meet-WCAG-AA-standards-edge/test-failed-1.png]]

[[ATTACHMENT|accessibility-Accessibilit-20dbd-ould-meet-WCAG-AA-standards-edge/video-1.webm]]

[[ATTACHMENT|accessibility-Accessibilit-20dbd-ould-meet-WCAG-AA-standards-edge/video.webm]]

[[ATTACHMENT|accessibility-Accessibilit-20dbd-ould-meet-WCAG-AA-standards-edge/video-2.webm]]

[[ATTACHMENT|accessibility-Accessibilit-20dbd-ould-meet-WCAG-AA-standards-edge/error-context.md]]
]]>
</system-out>
</testcase>
<testcase name="Accessibility Tests › TC-A09: Skip to main content link should exist" classname="accessibility.spec.ts" time="4.212">
<failure message="accessibility.spec.ts:154:7 TC-A09: Skip to main content link should exist" type="FAILURE">
<![CDATA[  [edge] › accessibility.spec.ts:154:7 › Accessibility Tests › TC-A09: Skip to main content link should exist 

    Error: expect(received).toBeGreaterThan(expected)

    Expected: > 0
    Received:   0

      158 |     // Skip links are often visually hidden but should be in DOM
      159 |     const skipLinkCount = await page.locator('a[href^="#"]').count();
    > 160 |     expect(skipLinkCount).toBeGreaterThan(0);
          |                           ^
      161 |   });
      162 |
      163 |   test('TC-A10: Form elements should have associated labels', async ({ page }) => {
        at /workspaces/agentic-qe-cf/agentics/tests/accessibility.spec.ts:160:27

    attachment #1: screenshot (image/png) ──────────────────────────────────────────────────────────
    ../test-results/accessibility-Accessibilit-8a98a-n-content-link-should-exist-edge/test-failed-1.png
    ────────────────────────────────────────────────────────────────────────────────────────────────

    attachment #2: video (video/webm) ──────────────────────────────────────────────────────────────
    ../test-results/accessibility-Accessibilit-8a98a-n-content-link-should-exist-edge/video.webm
    ────────────────────────────────────────────────────────────────────────────────────────────────

    Error Context: ../test-results/accessibility-Accessibilit-8a98a-n-content-link-should-exist-edge/error-context.md
]]>
</failure>
<system-out>
<![CDATA[
[[ATTACHMENT|accessibility-Accessibilit-8a98a-n-content-link-should-exist-edge/test-failed-1.png]]

[[ATTACHMENT|accessibility-Accessibilit-8a98a-n-content-link-should-exist-edge/video.webm]]

[[ATTACHMENT|accessibility-Accessibilit-8a98a-n-content-link-should-exist-edge/error-context.md]]
]]>
</system-out>
</testcase>
<testcase name="Accessibility Tests › TC-A10: Form elements should have associated labels" classname="accessibility.spec.ts" time="3.058">
</testcase>
</testsuite>
<testsuite name="homepage.spec.ts" timestamp="2025-10-24T17:43:57.403Z" hostname="edge" tests="14" failures="1" skipped="0" time="90.709" errors="0">
<testcase name="Homepage Functional Tests › TC-001: Homepage should load with all core elements" classname="homepage.spec.ts" time="4.183">
</testcase>
<testcase name="Homepage Functional Tests › TC-002: SEO and Metadata should be properly configured" classname="homepage.spec.ts" time="5.303">
</testcase>
<testcase name="Homepage Functional Tests › TC-003: Navigation menu should have all required links" classname="homepage.spec.ts" time="2.816">
</testcase>
<testcase name="Homepage Functional Tests › TC-004: Hero section should display correctly" classname="homepage.spec.ts" time="8.797">
<failure message="homepage.spec.ts:96:7 TC-004: Hero section should display correctly" type="FAILURE">
<![CDATA[  [edge] › homepage.spec.ts:96:7 › Homepage Functional Tests › TC-004: Hero section should display correctly 

    Error: expect(locator).toBeVisible() failed

    Locator: getByText('Open Source')
    Expected: visible
    Error: strict mode violation: getByText('Open Source') resolved to 2 elements:
        1) <div class="text-3xl font-bold text-primary">Open Source</div> aka getByText('Open Source', { exact: true })
        2) <h3 class="font-semibold mb-1 text-sm sm:text-base">Open Source Toolkits</h3> aka getByRole('heading', { name: 'Open Source Toolkits' })

    Call log:
      - Expect "toBeVisible" with timeout 5000ms
      - waiting for getByText('Open Source')


      107 |     await expect(homePage.communityStat).toHaveText('100K+');
      108 |
    > 109 |     await expect(homePage.openSourceStat).toBeVisible();
          |                                           ^
      110 |     await expect(homePage.openSourceStat).toHaveText('Open Source');
      111 |
      112 |     await expect(homePage.globalStat).toBeVisible();
        at /workspaces/agentic-qe-cf/agentics/tests/homepage.spec.ts:109:43

    attachment #1: screenshot (image/png) ──────────────────────────────────────────────────────────
    ../test-results/homepage-Homepage-Function-9887f-on-should-display-correctly-edge/test-failed-1.png
    ────────────────────────────────────────────────────────────────────────────────────────────────

    attachment #2: video (video/webm) ──────────────────────────────────────────────────────────────
    ../test-results/homepage-Homepage-Function-9887f-on-should-display-correctly-edge/video.webm
    ────────────────────────────────────────────────────────────────────────────────────────────────

    Error Context: ../test-results/homepage-Homepage-Function-9887f-on-should-display-correctly-edge/error-context.md
]]>
</failure>
<system-out>
<![CDATA[
[[ATTACHMENT|homepage-Homepage-Function-9887f-on-should-display-correctly-edge/test-failed-1.png]]

[[ATTACHMENT|homepage-Homepage-Function-9887f-on-should-display-correctly-edge/video.webm]]

[[ATTACHMENT|homepage-Homepage-Function-9887f-on-should-display-correctly-edge/error-context.md]]
]]>
</system-out>
</testcase>
<testcase name="Homepage Functional Tests › TC-005: Explore cards should all be present and clickable" classname="homepage.spec.ts" time="2.875">
</testcase>
<testcase name="Homepage Functional Tests › TC-006: Community stats should display correctly" classname="homepage.spec.ts" time="4.876">
</testcase>
<testcase name="Homepage Functional Tests › TC-007: All 7 Paths of Impact should be visible" classname="homepage.spec.ts" time="5.98">
</testcase>
<testcase name="Homepage Functional Tests › TC-008: &quot;What is Agentic AI&quot; section should show both approaches" classname="homepage.spec.ts" time="7.596">
</testcase>
<testcase name="Homepage Functional Tests › TC-009: Join Community button should link to external community platform" classname="homepage.spec.ts" time="17.198">
</testcase>
<testcase name="Homepage Functional Tests › TC-010: Console button should be visible" classname="homepage.spec.ts" time="8.116">
</testcase>
<testcase name="Homepage Functional Tests › TC-011: Heading hierarchy should be proper" classname="homepage.spec.ts" time="6.984">
</testcase>
<testcase name="Homepage Functional Tests › TC-012: HTTPS should be enforced" classname="homepage.spec.ts" time="4.987">
</testcase>
<testcase name="Homepage Functional Tests › TC-013: Contact Us button should be visible in footer" classname="homepage.spec.ts" time="6.092">
</testcase>
<testcase name="Homepage Functional Tests › TC-014: Footer should contain copyright and attribution" classname="homepage.spec.ts" time="4.906">
</testcase>
</testsuite>
<testsuite name="performance.spec.ts" timestamp="2025-10-24T17:43:57.403Z" hostname="edge" tests="7" failures="0" skipped="0" time="29.334" errors="0">
<testcase name="Performance Tests › TC-009: Page should load within acceptable time limits" classname="performance.spec.ts" time="3.41">
</testcase>
<testcase name="Performance Tests › TC-010: Resources should be optimized" classname="performance.spec.ts" time="4.491">
</testcase>
<testcase name="Performance Tests › TC-P03: Core Web Vitals should meet &quot;Good&quot; thresholds" classname="performance.spec.ts" time="6.893">
</testcase>
<testcase name="Performance Tests › TC-P04: Images should be optimized" classname="performance.spec.ts" time="3.38">
</testcase>
<testcase name="Performance Tests › TC-P05: Page should not have render-blocking resources" classname="performance.spec.ts" time="3.985">
</testcase>
<testcase name="Performance Tests › TC-P06: Page should handle slow 3G connection" classname="performance.spec.ts" time="4.584">
</testcase>
<testcase name="Performance Tests › TC-P07: No JavaScript errors in console" classname="performance.spec.ts" time="2.591">
</testcase>
</testsuite>
<testsuite name="responsive.spec.ts" timestamp="2025-10-24T17:43:57.403Z" hostname="edge" tests="5" failures="2" skipped="0" time="16.519" errors="0">
<testcase name="Responsive Design Tests › TC-005: Site should be fully responsive on mobile (iPhone 12)" classname="responsive.spec.ts" time="3.702">
<failure message="responsive.spec.ts:14:7 TC-005: Site should be fully responsive on mobile (iPhone 12)" type="FAILURE">
<![CDATA[  [edge] › responsive.spec.ts:14:7 › Responsive Design Tests › TC-005: Site should be fully responsive on mobile (iPhone 12) 

    Error: expect(received).toBe(expected) // Object.is equality

    Expected: 844
    Received: 664

      25 |     const viewport = page.viewportSize();
      26 |     expect(viewport?.width).toBe(390);
    > 27 |     expect(viewport?.height).toBe(844);
         |                              ^
      28 |
      29 |     // Verify no horizontal scroll
      30 |     const hasHorizontalScroll = await page.evaluate(() => {
        at /workspaces/agentic-qe-cf/agentics/tests/responsive.spec.ts:27:30

    attachment #1: screenshot (image/png) ──────────────────────────────────────────────────────────
    ../test-results/responsive-Responsive-Desi-afa55-onsive-on-mobile-iPhone-12--edge/test-failed-1.png
    ────────────────────────────────────────────────────────────────────────────────────────────────

    Error Context: ../test-results/responsive-Responsive-Desi-afa55-onsive-on-mobile-iPhone-12--edge/error-context.md
]]>
</failure>
<system-out>
<![CDATA[
[[ATTACHMENT|responsive-Responsive-Desi-afa55-onsive-on-mobile-iPhone-12--edge/test-failed-1.png]]

[[ATTACHMENT|responsive-Responsive-Desi-afa55-onsive-on-mobile-iPhone-12--edge/error-context.md]]
]]>
</system-out>
</testcase>
<testcase name="Responsive Design Tests › TC-006: Site should adapt correctly to tablet (iPad)" classname="responsive.spec.ts" time="3.286">
<failure message="responsive.spec.ts:61:7 TC-006: Site should adapt correctly to tablet (iPad)" type="FAILURE">
<![CDATA[  [edge] › responsive.spec.ts:61:7 › Responsive Design Tests › TC-006: Site should adapt correctly to tablet (iPad) 

    Error: expect(received).toBe(expected) // Object.is equality

    Expected: 1024
    Received: 1920

      71 |     // Verify viewport
      72 |     const viewport = page.viewportSize();
    > 73 |     expect(viewport?.width).toBe(1024);
         |                             ^
      74 |     expect(viewport?.height).toBe(1366);
      75 |
      76 |     // Verify logo is visible
        at /workspaces/agentic-qe-cf/agentics/tests/responsive.spec.ts:73:29

    attachment #1: screenshot (image/png) ──────────────────────────────────────────────────────────
    ../test-results/responsive-Responsive-Desi-d878b-t-correctly-to-tablet-iPad--edge/test-failed-1.png
    ────────────────────────────────────────────────────────────────────────────────────────────────

    Error Context: ../test-results/responsive-Responsive-Desi-d878b-t-correctly-to-tablet-iPad--edge/error-context.md
]]>
</failure>
<system-out>
<![CDATA[
[[ATTACHMENT|responsive-Responsive-Desi-d878b-t-correctly-to-tablet-iPad--edge/test-failed-1.png]]

[[ATTACHMENT|responsive-Responsive-Desi-d878b-t-correctly-to-tablet-iPad--edge/error-context.md]]
]]>
</system-out>
</testcase>
<testcase name="Responsive Design Tests › TC-R03: Site should work at common desktop resolution (1366x768)" classname="responsive.spec.ts" time="2.504">
</testcase>
<testcase name="Responsive Design Tests › TC-R04: Site should work at large desktop resolution (1920x1080)" classname="responsive.spec.ts" time="2.503">
</testcase>
<testcase name="Responsive Design Tests › TC-R05: Site should handle landscape orientation on mobile" classname="responsive.spec.ts" time="4.524">
</testcase>
</testsuite>
<testsuite name="accessibility.spec.ts" timestamp="2025-10-24T17:43:57.403Z" hostname="Mobile Chrome" tests="10" failures="3" skipped="0" time="57.133" errors="0">
<testcase name="Accessibility Tests › TC-007: Should have no critical accessibility violations" classname="accessibility.spec.ts" time="7.568">
<failure message="accessibility.spec.ts:25:7 TC-007: Should have no critical accessibility violations" type="FAILURE">
<![CDATA[  [Mobile Chrome] › accessibility.spec.ts:25:7 › Accessibility Tests › TC-007: Should have no critical accessibility violations 

    Error: expect(received).toEqual(expected) // deep equality

    - Expected  -   1
    + Received  + 198

    - Array []
    + Array [
    +   Object {
    +     "description": "Ensure the contrast between foreground and background colors meets WCAG 2 AA minimum contrast ratio thresholds",
    +     "help": "Elements must meet minimum color contrast ratio thresholds",
    +     "helpUrl": "https://dequeuniversity.com/rules/axe/4.11/color-contrast?application=playwright",
    +     "id": "color-contrast",
    +     "impact": "serious",
    +     "nodes": Array [
    +       Object {
    +         "all": Array [],
    +         "any": Array [
    +           Object {
    +             "data": Object {
    +               "bgColor": "#e25c3d",
    +               "contrastRatio": 3.6,
    +               "expectedContrastRatio": "4.5:1",
    +               "fgColor": "#ffffff",
    +               "fontSize": "10.5pt (14px)",
    +               "fontWeight": "normal",
    +               "messageKey": null,
    +             },
    +             "id": "color-contrast",
    +             "impact": "serious",
    +             "message": "Element has insufficient color contrast of 3.6 (foreground color: #ffffff, background color: #e25c3d, font size: 10.5pt (14px), font weight: normal). Expected contrast ratio of 4.5:1",
    +             "relatedNodes": Array [
    +               Object {
    +                 "html": "<button class=\"fixed bottom-20 right-6 z-50 flex items-center gap-2 bg-[#E25C3D] text-white px-4 py-3 rounded-lg shadow-lg hover:bg-[#d64a2c] transition-all hover:scale-105\" title=\"Open MCP Console (Ctrl + `)\">",
    +                 "target": Array [
    +                   ".right-6",
    +                 ],
    +               },
    +             ],
    +           },
    +         ],
    +         "failureSummary": "Fix any of the following:
    +   Element has insufficient color contrast of 3.6 (foreground color: #ffffff, background color: #e25c3d, font size: 10.5pt (14px), font weight: normal). Expected contrast ratio of 4.5:1",
    +         "html": "<span class=\"font-mono text-sm\">Console</span>",
    +         "impact": "serious",
    +         "none": Array [],
    +         "target": Array [
    +           ".right-6 > .font-mono.text-sm",
    +         ],
    +       },
    +       Object {
    +         "all": Array [],
    +         "any": Array [
    +           Object {
    +             "data": Object {
    +               "bgColor": "#f6f3ef",
    +               "contrastRatio": 3.29,
    +               "expectedContrastRatio": "4.5:1",
    +               "fgColor": "#e25a3c",
    +               "fontSize": "10.5pt (14px)",
    +               "fontWeight": "normal",
    +               "messageKey": null,
    +             },
    +             "id": "color-contrast",
    +             "impact": "serious",
    +             "message": "Element has insufficient color contrast of 3.29 (foreground color: #e25a3c, background color: #f6f3ef, font size: 10.5pt (14px), font weight: normal). Expected contrast ratio of 4.5:1",
    +             "relatedNodes": Array [
    +               Object {
    +                 "html": "<div class=\"mb-8 inline-flex items-center gap-2 console-window px-4 py-2 animate-fade-in\">",
    +                 "target": Array [
    +                   ".py-2",
    +                 ],
    +               },
    +             ],
    +           },
    +         ],
    +         "failureSummary": "Fix any of the following:
    +   Element has insufficient color contrast of 3.29 (foreground color: #e25a3c, background color: #f6f3ef, font size: 10.5pt (14px), font weight: normal). Expected contrast ratio of 4.5:1",
    +         "html": "<span class=\"text-primary font-mono text-sm typewriter\">&gt; Building the future of AI</span>",
    +         "impact": "serious",
    +         "none": Array [],
    +         "target": Array [
    +           ".typewriter",
    +         ],
    +       },
    +       Object {
    +         "all": Array [],
    +         "any": Array [
    +           Object {
    +             "data": Object {
    +               "bgColor": "#e25a3c",
    +               "contrastRatio": 3.53,
    +               "expectedContrastRatio": "4.5:1",
    +               "fgColor": "#fefbf6",
    +               "fontSize": "13.5pt (18px)",
    +               "fontWeight": "normal",
    +               "messageKey": null,
    +             },
    +             "id": "color-contrast",
    +             "impact": "serious",
    +             "message": "Element has insufficient color contrast of 3.53 (foreground color: #fefbf6, background color: #e25a3c, font size: 13.5pt (18px), font weight: normal). Expected contrast ratio of 4.5:1",
    +             "relatedNodes": Array [
    +               Object {
    +                 "html": "<a href=\"https://community.ag...\" target=\"_blank\" rel=\"noopener noreferrer\" class=\"inline-flex items-ce...\">",
    +                 "target": Array [
    +                   ".flex-col.sm\\:flex-row.gap-4 > .bg-primary.text-primary-foreground.hover\\:bg-primary\\/90",
    +                 ],
    +               },
    +             ],
    +           },
    +         ],
    +         "failureSummary": "Fix any of the following:
    +   Element has insufficient color contrast of 3.53 (foreground color: #fefbf6, background color: #e25a3c, font size: 13.5pt (18px), font weight: normal). Expected contrast ratio of 4.5:1",
    +         "html": "<a href=\"https://community.ag...\" target=\"_blank\" rel=\"noopener noreferrer\" class=\"inline-flex items-ce...\">",
    +         "impact": "serious",
    +         "none": Array [],
    +         "target": Array [
    +           ".flex-col.sm\\:flex-row.gap-4 > .bg-primary.text-primary-foreground.hover\\:bg-primary\\/90",
    +         ],
    +       },
    +       Object {
    +         "all": Array [],
    +         "any": Array [
    +           Object {
    +             "data": Object {
    +               "bgColor": "#f6f3ef",
    +               "contrastRatio": 3.29,
    +               "expectedContrastRatio": "4.5:1",
    +               "fgColor": "#e25a3c",
    +               "fontSize": "12.0pt (16px)",
    +               "fontWeight": "normal",
    +               "messageKey": null,
    +             },
    +             "id": "color-contrast",
    +             "impact": "serious",
    +             "message": "Element has insufficient color contrast of 3.29 (foreground color: #e25a3c, background color: #f6f3ef, font size: 12.0pt (16px), font weight: normal). Expected contrast ratio of 4.5:1",
    +             "relatedNodes": Array [
    +               Object {
    +                 "html": "<a href=\"/what-is-agentics\" class=\"inline-flex items-center gap-2 console-window px-6 py-3 text-primary hover:bg-primary hover:text-primary-foreground transition-all duration-300 font-medium\">Explore the Full Spectrum →</a>",
    +                 "target": Array [
    +                   ".hover\\:bg-primary",
    +                 ],
    +               },
    +             ],
    +           },
    +         ],
    +         "failureSummary": "Fix any of the following:
    +   Element has insufficient color contrast of 3.29 (foreground color: #e25a3c, background color: #f6f3ef, font size: 12.0pt (16px), font weight: normal). Expected contrast ratio of 4.5:1",
    +         "html": "<a href=\"/what-is-agentics\" class=\"inline-flex items-center gap-2 console-window px-6 py-3 text-primary hover:bg-primary hover:text-primary-foreground transition-all duration-300 font-medium\">Explore the Full Spectrum →</a>",
    +         "impact": "serious",
    +         "none": Array [],
    +         "target": Array [
    +           ".hover\\:bg-primary",
    +         ],
    +       },
    +       Object {
    +         "all": Array [],
    +         "any": Array [
    +           Object {
    +             "data": Object {
    +               "bgColor": "#e25a3c",
    +               "contrastRatio": 3.53,
    +               "expectedContrastRatio": "4.5:1",
    +               "fgColor": "#fefbf6",
    +               "fontSize": "10.5pt (14px)",
    +               "fontWeight": "normal",
    +               "messageKey": null,
    +             },
    +             "id": "color-contrast",
    +             "impact": "serious",
    +             "message": "Element has insufficient color contrast of 3.53 (foreground color: #fefbf6, background color: #e25a3c, font size: 10.5pt (14px), font weight: normal). Expected contrast ratio of 4.5:1",
    +             "relatedNodes": Array [
    +               Object {
    +                 "html": "<a href=\"https://community.ag...\" target=\"_blank\" rel=\"noopener noreferrer\" class=\"inline-flex items-ce...\">",
    +                 "target": Array [
    +                   ".p-8.console-window.hover-glow > .bg-primary.text-primary-foreground.hover\\:bg-primary\\/90",
    +                 ],
    +               },
    +             ],
    +           },
    +         ],
    +         "failureSummary": "Fix any of the following:
    +   Element has insufficient color contrast of 3.53 (foreground color: #fefbf6, background color: #e25a3c, font size: 10.5pt (14px), font weight: normal). Expected contrast ratio of 4.5:1",
    +         "html": "<a href=\"https://community.ag...\" target=\"_blank\" rel=\"noopener noreferrer\" class=\"inline-flex items-ce...\">",
    +         "impact": "serious",
    +         "none": Array [],
    +         "target": Array [
    +           ".p-8.console-window.hover-glow > .bg-primary.text-primary-foreground.hover\\:bg-primary\\/90",
    +         ],
    +       },
    +     ],
    +     "tags": Array [
    +       "cat.color",
    +       "wcag2aa",
    +       "wcag143",
    +       "TTv5",
    +       "TT13.c",
    +       "EN-301-549",
    +       "EN-9.1.4.3",
    +       "ACT",
    +       "RGAAv4",
    +       "RGAA-3.2.1",
    +     ],
    +   },
    + ]

      30 |
      31 |     // Verify no critical violations
    > 32 |     expect(accessibilityScanResults.violations).toEqual([]);
         |                                                 ^
      33 |   });
      34 |
      35 |   test('TC-008: Should support full keyboard navigation', async ({ page }) => {
        at /workspaces/agentic-qe-cf/agentics/tests/accessibility.spec.ts:32:49

    attachment #1: screenshot (image/png) ──────────────────────────────────────────────────────────
    ../test-results/accessibility-Accessibilit-3347a-al-accessibility-violations-Mobile-Chrome/test-failed-1.png
    ────────────────────────────────────────────────────────────────────────────────────────────────

    attachment #2: video (video/webm) ──────────────────────────────────────────────────────────────
    ../test-results/accessibility-Accessibilit-3347a-al-accessibility-violations-Mobile-Chrome/video.webm
    ────────────────────────────────────────────────────────────────────────────────────────────────

    attachment #3: video (video/webm) ──────────────────────────────────────────────────────────────
    ../test-results/accessibility-Accessibilit-3347a-al-accessibility-violations-Mobile-Chrome/video-1.webm
    ────────────────────────────────────────────────────────────────────────────────────────────────

    Error Context: ../test-results/accessibility-Accessibilit-3347a-al-accessibility-violations-Mobile-Chrome/error-context.md
]]>
</failure>
<system-out>
<![CDATA[
[[ATTACHMENT|accessibility-Accessibilit-3347a-al-accessibility-violations-Mobile-Chrome/test-failed-1.png]]

[[ATTACHMENT|accessibility-Accessibilit-3347a-al-accessibility-violations-Mobile-Chrome/video.webm]]

[[ATTACHMENT|accessibility-Accessibilit-3347a-al-accessibility-violations-Mobile-Chrome/video-1.webm]]

[[ATTACHMENT|accessibility-Accessibilit-3347a-al-accessibility-violations-Mobile-Chrome/error-context.md]]
]]>
</system-out>
</testcase>
<testcase name="Accessibility Tests › TC-008: Should support full keyboard navigation" classname="accessibility.spec.ts" time="4.897">
</testcase>
<testcase name="Accessibility Tests › TC-A03: All images should have alt text" classname="accessibility.spec.ts" time="4.383">
</testcase>
<testcase name="Accessibility Tests › TC-A04: Heading hierarchy should be correct" classname="accessibility.spec.ts" time="5.895">
</testcase>
<testcase name="Accessibility Tests › TC-A05: Links should have meaningful text" classname="accessibility.spec.ts" time="3.705">
</testcase>
<testcase name="Accessibility Tests › TC-A06: Page should have proper landmark roles" classname="accessibility.spec.ts" time="3.907">
</testcase>
<testcase name="Accessibility Tests › TC-A07: Interactive elements should have focus indicators" classname="accessibility.spec.ts" time="6.015">
</testcase>
<testcase name="Accessibility Tests › TC-A08: Color contrast should meet WCAG AA standards" classname="accessibility.spec.ts" time="10.782">
<failure message="accessibility.spec.ts:137:7 TC-A08: Color contrast should meet WCAG AA standards" type="FAILURE">
<![CDATA[  [Mobile Chrome] › accessibility.spec.ts:137:7 › Accessibility Tests › TC-A08: Color contrast should meet WCAG AA standards 

    Error: expect(received).toBeLessThanOrEqual(expected)

    Expected: <= 0
    Received:    1

      149 |
      150 |     // Should have minimal or no contrast violations
    > 151 |     expect(contrastResults.violations.filter(v => v.id === 'color-contrast').length).toBeLessThanOrEqual(0);
          |                                                                                      ^
      152 |   });
      153 |
      154 |   test('TC-A09: Skip to main content link should exist', async ({ page }) => {
        at /workspaces/agentic-qe-cf/agentics/tests/accessibility.spec.ts:151:86

    attachment #1: screenshot (image/png) ──────────────────────────────────────────────────────────
    ../test-results/accessibility-Accessibilit-20dbd-ould-meet-WCAG-AA-standards-Mobile-Chrome/test-failed-1.png
    ────────────────────────────────────────────────────────────────────────────────────────────────

    attachment #2: video (video/webm) ──────────────────────────────────────────────────────────────
    ../test-results/accessibility-Accessibilit-20dbd-ould-meet-WCAG-AA-standards-Mobile-Chrome/video-1.webm
    ────────────────────────────────────────────────────────────────────────────────────────────────

    attachment #3: video (video/webm) ──────────────────────────────────────────────────────────────
    ../test-results/accessibility-Accessibilit-20dbd-ould-meet-WCAG-AA-standards-Mobile-Chrome/video-2.webm
    ────────────────────────────────────────────────────────────────────────────────────────────────

    attachment #4: video (video/webm) ──────────────────────────────────────────────────────────────
    ../test-results/accessibility-Accessibilit-20dbd-ould-meet-WCAG-AA-standards-Mobile-Chrome/video.webm
    ────────────────────────────────────────────────────────────────────────────────────────────────

    Error Context: ../test-results/accessibility-Accessibilit-20dbd-ould-meet-WCAG-AA-standards-Mobile-Chrome/error-context.md
]]>
</failure>
<system-out>
<![CDATA[
[[ATTACHMENT|accessibility-Accessibilit-20dbd-ould-meet-WCAG-AA-standards-Mobile-Chrome/test-failed-1.png]]

[[ATTACHMENT|accessibility-Accessibilit-20dbd-ould-meet-WCAG-AA-standards-Mobile-Chrome/video-1.webm]]

[[ATTACHMENT|accessibility-Accessibilit-20dbd-ould-meet-WCAG-AA-standards-Mobile-Chrome/video-2.webm]]

[[ATTACHMENT|accessibility-Accessibilit-20dbd-ould-meet-WCAG-AA-standards-Mobile-Chrome/video.webm]]

[[ATTACHMENT|accessibility-Accessibilit-20dbd-ould-meet-WCAG-AA-standards-Mobile-Chrome/error-context.md]]
]]>
</system-out>
</testcase>
<testcase name="Accessibility Tests › TC-A09: Skip to main content link should exist" classname="accessibility.spec.ts" time="5.07">
<failure message="accessibility.spec.ts:154:7 TC-A09: Skip to main content link should exist" type="FAILURE">
<![CDATA[  [Mobile Chrome] › accessibility.spec.ts:154:7 › Accessibility Tests › TC-A09: Skip to main content link should exist 

    Error: expect(received).toBeGreaterThan(expected)

    Expected: > 0
    Received:   0

      158 |     // Skip links are often visually hidden but should be in DOM
      159 |     const skipLinkCount = await page.locator('a[href^="#"]').count();
    > 160 |     expect(skipLinkCount).toBeGreaterThan(0);
          |                           ^
      161 |   });
      162 |
      163 |   test('TC-A10: Form elements should have associated labels', async ({ page }) => {
        at /workspaces/agentic-qe-cf/agentics/tests/accessibility.spec.ts:160:27

    attachment #1: screenshot (image/png) ──────────────────────────────────────────────────────────
    ../test-results/accessibility-Accessibilit-8a98a-n-content-link-should-exist-Mobile-Chrome/test-failed-1.png
    ────────────────────────────────────────────────────────────────────────────────────────────────

    attachment #2: video (video/webm) ──────────────────────────────────────────────────────────────
    ../test-results/accessibility-Accessibilit-8a98a-n-content-link-should-exist-Mobile-Chrome/video.webm
    ────────────────────────────────────────────────────────────────────────────────────────────────

    Error Context: ../test-results/accessibility-Accessibilit-8a98a-n-content-link-should-exist-Mobile-Chrome/error-context.md
]]>
</failure>
<system-out>
<![CDATA[
[[ATTACHMENT|accessibility-Accessibilit-8a98a-n-content-link-should-exist-Mobile-Chrome/test-failed-1.png]]

[[ATTACHMENT|accessibility-Accessibilit-8a98a-n-content-link-should-exist-Mobile-Chrome/video.webm]]

[[ATTACHMENT|accessibility-Accessibilit-8a98a-n-content-link-should-exist-Mobile-Chrome/error-context.md]]
]]>
</system-out>
</testcase>
<testcase name="Accessibility Tests › TC-A10: Form elements should have associated labels" classname="accessibility.spec.ts" time="4.911">
</testcase>
</testsuite>
<testsuite name="homepage.spec.ts" timestamp="2025-10-24T17:43:57.403Z" hostname="Mobile Chrome" tests="14" failures="2" skipped="0" time="74.764" errors="0">
<testcase name="Homepage Functional Tests › TC-001: Homepage should load with all core elements" classname="homepage.spec.ts" time="4.484">
</testcase>
<testcase name="Homepage Functional Tests › TC-002: SEO and Metadata should be properly configured" classname="homepage.spec.ts" time="4.005">
</testcase>
<testcase name="Homepage Functional Tests › TC-003: Navigation menu should have all required links" classname="homepage.spec.ts" time="9.917">
<failure message="homepage.spec.ts:76:7 TC-003: Navigation menu should have all required links" type="FAILURE">
<![CDATA[  [Mobile Chrome] › homepage.spec.ts:76:7 › Homepage Functional Tests › TC-003: Navigation menu should have all required links 

    Error: expect(locator).toBeVisible() failed

    Locator:  locator('nav a[href="/about"]')
    Expected: visible
    Received: hidden
    Timeout:  5000ms

    Call log:
      - Expect "toBeVisible" with timeout 5000ms
      - waiting for locator('nav a[href="/about"]')
        8 × locator resolved to <a href="/about" class="hover:text-primary transition-all duration-200 relative after:absolute after:bottom-0 after:left-0 after:h-0.5 after:bg-primary after:transition-all after:duration-300 after:w-0 hover:after:w-full">About</a>
          - unexpected value "hidden"


      76 |   test('TC-003: Navigation menu should have all required links', async () => {
      77 |     // Verify all 7 navigation items are present
    > 78 |     await expect(homePage.navAbout).toBeVisible();
         |                                     ^
      79 |     await expect(homePage.navCommunity).toBeVisible();
      80 |     await expect(homePage.navProjects).toBeVisible();
      81 |     await expect(homePage.navTraining).toBeVisible();
        at /workspaces/agentic-qe-cf/agentics/tests/homepage.spec.ts:78:37

    attachment #1: screenshot (image/png) ──────────────────────────────────────────────────────────
    ../test-results/homepage-Homepage-Function-18294-uld-have-all-required-links-Mobile-Chrome/test-failed-1.png
    ────────────────────────────────────────────────────────────────────────────────────────────────

    attachment #2: video (video/webm) ──────────────────────────────────────────────────────────────
    ../test-results/homepage-Homepage-Function-18294-uld-have-all-required-links-Mobile-Chrome/video.webm
    ────────────────────────────────────────────────────────────────────────────────────────────────

    Error Context: ../test-results/homepage-Homepage-Function-18294-uld-have-all-required-links-Mobile-Chrome/error-context.md
]]>
</failure>
<system-out>
<![CDATA[
[[ATTACHMENT|homepage-Homepage-Function-18294-uld-have-all-required-links-Mobile-Chrome/test-failed-1.png]]

[[ATTACHMENT|homepage-Homepage-Function-18294-uld-have-all-required-links-Mobile-Chrome/video.webm]]

[[ATTACHMENT|homepage-Homepage-Function-18294-uld-have-all-required-links-Mobile-Chrome/error-context.md]]
]]>
</system-out>
</testcase>
<testcase name="Homepage Functional Tests › TC-004: Hero section should display correctly" classname="homepage.spec.ts" time="6.791">
<failure message="homepage.spec.ts:96:7 TC-004: Hero section should display correctly" type="FAILURE">
<![CDATA[  [Mobile Chrome] › homepage.spec.ts:96:7 › Homepage Functional Tests › TC-004: Hero section should display correctly 

    Error: expect(locator).toBeVisible() failed

    Locator: getByText('Open Source')
    Expected: visible
    Error: strict mode violation: getByText('Open Source') resolved to 2 elements:
        1) <div class="text-3xl font-bold text-primary">Open Source</div> aka getByText('Open Source', { exact: true })
        2) <h3 class="font-semibold mb-1 text-sm sm:text-base">Open Source Toolkits</h3> aka getByRole('heading', { name: 'Open Source Toolkits' })

    Call log:
      - Expect "toBeVisible" with timeout 5000ms
      - waiting for getByText('Open Source')


      107 |     await expect(homePage.communityStat).toHaveText('100K+');
      108 |
    > 109 |     await expect(homePage.openSourceStat).toBeVisible();
          |                                           ^
      110 |     await expect(homePage.openSourceStat).toHaveText('Open Source');
      111 |
      112 |     await expect(homePage.globalStat).toBeVisible();
        at /workspaces/agentic-qe-cf/agentics/tests/homepage.spec.ts:109:43

    attachment #1: screenshot (image/png) ──────────────────────────────────────────────────────────
    ../test-results/homepage-Homepage-Function-9887f-on-should-display-correctly-Mobile-Chrome/test-failed-1.png
    ────────────────────────────────────────────────────────────────────────────────────────────────

    attachment #2: video (video/webm) ──────────────────────────────────────────────────────────────
    ../test-results/homepage-Homepage-Function-9887f-on-should-display-correctly-Mobile-Chrome/video.webm
    ────────────────────────────────────────────────────────────────────────────────────────────────

    Error Context: ../test-results/homepage-Homepage-Function-9887f-on-should-display-correctly-Mobile-Chrome/error-context.md
]]>
</failure>
<system-out>
<![CDATA[
[[ATTACHMENT|homepage-Homepage-Function-9887f-on-should-display-correctly-Mobile-Chrome/test-failed-1.png]]

[[ATTACHMENT|homepage-Homepage-Function-9887f-on-should-display-correctly-Mobile-Chrome/video.webm]]

[[ATTACHMENT|homepage-Homepage-Function-9887f-on-should-display-correctly-Mobile-Chrome/error-context.md]]
]]>
</system-out>
</testcase>
<testcase name="Homepage Functional Tests › TC-005: Explore cards should all be present and clickable" classname="homepage.spec.ts" time="4.18">
</testcase>
<testcase name="Homepage Functional Tests › TC-006: Community stats should display correctly" classname="homepage.spec.ts" time="4.524">
</testcase>
<testcase name="Homepage Functional Tests › TC-007: All 7 Paths of Impact should be visible" classname="homepage.spec.ts" time="4.904">
</testcase>
<testcase name="Homepage Functional Tests › TC-008: &quot;What is Agentic AI&quot; section should show both approaches" classname="homepage.spec.ts" time="5.224">
</testcase>
<testcase name="Homepage Functional Tests › TC-009: Join Community button should link to external community platform" classname="homepage.spec.ts" time="11.977">
</testcase>
<testcase name="Homepage Functional Tests › TC-010: Console button should be visible" classname="homepage.spec.ts" time="2.882">
</testcase>
<testcase name="Homepage Functional Tests › TC-011: Heading hierarchy should be proper" classname="homepage.spec.ts" time="2.774">
</testcase>
<testcase name="Homepage Functional Tests › TC-012: HTTPS should be enforced" classname="homepage.spec.ts" time="4.797">
</testcase>
<testcase name="Homepage Functional Tests › TC-013: Contact Us button should be visible in footer" classname="homepage.spec.ts" time="4.5">
</testcase>
<testcase name="Homepage Functional Tests › TC-014: Footer should contain copyright and attribution" classname="homepage.spec.ts" time="3.805">
</testcase>
</testsuite>
<testsuite name="performance.spec.ts" timestamp="2025-10-24T17:43:57.403Z" hostname="Mobile Chrome" tests="7" failures="0" skipped="0" time="36.089" errors="0">
<testcase name="Performance Tests › TC-009: Page should load within acceptable time limits" classname="performance.spec.ts" time="4.47">
</testcase>
<testcase name="Performance Tests › TC-010: Resources should be optimized" classname="performance.spec.ts" time="5.897">
</testcase>
<testcase name="Performance Tests › TC-P03: Core Web Vitals should meet &quot;Good&quot; thresholds" classname="performance.spec.ts" time="7.722">
</testcase>
<testcase name="Performance Tests › TC-P04: Images should be optimized" classname="performance.spec.ts" time="4.318">
</testcase>
<testcase name="Performance Tests › TC-P05: Page should not have render-blocking resources" classname="performance.spec.ts" time="4.505">
</testcase>
<testcase name="Performance Tests › TC-P06: Page should handle slow 3G connection" classname="performance.spec.ts" time="4.788">
</testcase>
<testcase name="Performance Tests › TC-P07: No JavaScript errors in console" classname="performance.spec.ts" time="4.389">
</testcase>
</testsuite>
<testsuite name="responsive.spec.ts" timestamp="2025-10-24T17:43:57.403Z" hostname="Mobile Chrome" tests="5" failures="2" skipped="0" time="14.155" errors="0">
<testcase name="Responsive Design Tests › TC-005: Site should be fully responsive on mobile (iPhone 12)" classname="responsive.spec.ts" time="2.7">
<failure message="responsive.spec.ts:14:7 TC-005: Site should be fully responsive on mobile (iPhone 12)" type="FAILURE">
<![CDATA[  [Mobile Chrome] › responsive.spec.ts:14:7 › Responsive Design Tests › TC-005: Site should be fully responsive on mobile (iPhone 12) 

    Error: expect(received).toBe(expected) // Object.is equality

    Expected: 844
    Received: 664

      25 |     const viewport = page.viewportSize();
      26 |     expect(viewport?.width).toBe(390);
    > 27 |     expect(viewport?.height).toBe(844);
         |                              ^
      28 |
      29 |     // Verify no horizontal scroll
      30 |     const hasHorizontalScroll = await page.evaluate(() => {
        at /workspaces/agentic-qe-cf/agentics/tests/responsive.spec.ts:27:30

    attachment #1: screenshot (image/png) ──────────────────────────────────────────────────────────
    ../test-results/responsive-Responsive-Desi-afa55-onsive-on-mobile-iPhone-12--Mobile-Chrome/test-failed-1.png
    ────────────────────────────────────────────────────────────────────────────────────────────────

    Error Context: ../test-results/responsive-Responsive-Desi-afa55-onsive-on-mobile-iPhone-12--Mobile-Chrome/error-context.md
]]>
</failure>
<system-out>
<![CDATA[
[[ATTACHMENT|responsive-Responsive-Desi-afa55-onsive-on-mobile-iPhone-12--Mobile-Chrome/test-failed-1.png]]

[[ATTACHMENT|responsive-Responsive-Desi-afa55-onsive-on-mobile-iPhone-12--Mobile-Chrome/error-context.md]]
]]>
</system-out>
</testcase>
<testcase name="Responsive Design Tests › TC-006: Site should adapt correctly to tablet (iPad)" classname="responsive.spec.ts" time="2.207">
<failure message="responsive.spec.ts:61:7 TC-006: Site should adapt correctly to tablet (iPad)" type="FAILURE">
<![CDATA[  [Mobile Chrome] › responsive.spec.ts:61:7 › Responsive Design Tests › TC-006: Site should adapt correctly to tablet (iPad) 

    Error: expect(received).toBe(expected) // Object.is equality

    Expected: 1024
    Received: 393

      71 |     // Verify viewport
      72 |     const viewport = page.viewportSize();
    > 73 |     expect(viewport?.width).toBe(1024);
         |                             ^
      74 |     expect(viewport?.height).toBe(1366);
      75 |
      76 |     // Verify logo is visible
        at /workspaces/agentic-qe-cf/agentics/tests/responsive.spec.ts:73:29

    attachment #1: screenshot (image/png) ──────────────────────────────────────────────────────────
    ../test-results/responsive-Responsive-Desi-d878b-t-correctly-to-tablet-iPad--Mobile-Chrome/test-failed-1.png
    ────────────────────────────────────────────────────────────────────────────────────────────────

    Error Context: ../test-results/responsive-Responsive-Desi-d878b-t-correctly-to-tablet-iPad--Mobile-Chrome/error-context.md
]]>
</failure>
<system-out>
<![CDATA[
[[ATTACHMENT|responsive-Responsive-Desi-d878b-t-correctly-to-tablet-iPad--Mobile-Chrome/test-failed-1.png]]

[[ATTACHMENT|responsive-Responsive-Desi-d878b-t-correctly-to-tablet-iPad--Mobile-Chrome/error-context.md]]
]]>
</system-out>
</testcase>
<testcase name="Responsive Design Tests › TC-R03: Site should work at common desktop resolution (1366x768)" classname="responsive.spec.ts" time="3.405">
</testcase>
<testcase name="Responsive Design Tests › TC-R04: Site should work at large desktop resolution (1920x1080)" classname="responsive.spec.ts" time="3.894">
</testcase>
<testcase name="Responsive Design Tests › TC-R05: Site should handle landscape orientation on mobile" classname="responsive.spec.ts" time="1.949">
</testcase>
</testsuite>
<testsuite name="accessibility.spec.ts" timestamp="2025-10-24T17:43:57.403Z" hostname="Mobile Safari" tests="10" failures="10" skipped="0" time="0.024" errors="0">
<testcase name="Accessibility Tests › TC-007: Should have no critical accessibility violations" classname="accessibility.spec.ts" time="0.003">
<failure message="accessibility.spec.ts:25:7 TC-007: Should have no critical accessibility violations" type="FAILURE">
<![CDATA[  [Mobile Safari] › accessibility.spec.ts:25:7 › Accessibility Tests › TC-007: Should have no critical accessibility violations 

    Error: browserType.launch: Executable doesn't exist at /home/vscode/.cache/ms-playwright/webkit-2215/pw_run.sh
    ╔═════════════════════════════════════════════════════════════════════════╗
    ║ Looks like Playwright Test or Playwright was just installed or updated. ║
    ║ Please run the following command to download new browsers:              ║
    ║                                                                         ║
    ║     npx playwright install                                              ║
    ║                                                                         ║
    ║ <3 Playwright Team                                                      ║
    ╚═════════════════════════════════════════════════════════════════════════╝
]]>
</failure>
</testcase>
<testcase name="Accessibility Tests › TC-008: Should support full keyboard navigation" classname="accessibility.spec.ts" time="0.002">
<failure message="accessibility.spec.ts:35:7 TC-008: Should support full keyboard navigation" type="FAILURE">
<![CDATA[  [Mobile Safari] › accessibility.spec.ts:35:7 › Accessibility Tests › TC-008: Should support full keyboard navigation 

    Error: browserType.launch: Executable doesn't exist at /home/vscode/.cache/ms-playwright/webkit-2215/pw_run.sh
    ╔═════════════════════════════════════════════════════════════════════════╗
    ║ Looks like Playwright Test or Playwright was just installed or updated. ║
    ║ Please run the following command to download new browsers:              ║
    ║                                                                         ║
    ║     npx playwright install                                              ║
    ║                                                                         ║
    ║ <3 Playwright Team                                                      ║
    ╚═════════════════════════════════════════════════════════════════════════╝
]]>
</failure>
</testcase>
<testcase name="Accessibility Tests › TC-A03: All images should have alt text" classname="accessibility.spec.ts" time="0.003">
<failure message="accessibility.spec.ts:57:7 TC-A03: All images should have alt text" type="FAILURE">
<![CDATA[  [Mobile Safari] › accessibility.spec.ts:57:7 › Accessibility Tests › TC-A03: All images should have alt text 

    Error: browserType.launch: Executable doesn't exist at /home/vscode/.cache/ms-playwright/webkit-2215/pw_run.sh
    ╔═════════════════════════════════════════════════════════════════════════╗
    ║ Looks like Playwright Test or Playwright was just installed or updated. ║
    ║ Please run the following command to download new browsers:              ║
    ║                                                                         ║
    ║     npx playwright install                                              ║
    ║                                                                         ║
    ║ <3 Playwright Team                                                      ║
    ╚═════════════════════════════════════════════════════════════════════════╝
]]>
</failure>
</testcase>
<testcase name="Accessibility Tests › TC-A04: Heading hierarchy should be correct" classname="accessibility.spec.ts" time="0.004">
<failure message="accessibility.spec.ts:68:7 TC-A04: Heading hierarchy should be correct" type="FAILURE">
<![CDATA[  [Mobile Safari] › accessibility.spec.ts:68:7 › Accessibility Tests › TC-A04: Heading hierarchy should be correct 

    Error: browserType.launch: Executable doesn't exist at /home/vscode/.cache/ms-playwright/webkit-2215/pw_run.sh
    ╔═════════════════════════════════════════════════════════════════════════╗
    ║ Looks like Playwright Test or Playwright was just installed or updated. ║
    ║ Please run the following command to download new browsers:              ║
    ║                                                                         ║
    ║     npx playwright install                                              ║
    ║                                                                         ║
    ║ <3 Playwright Team                                                      ║
    ╚═════════════════════════════════════════════════════════════════════════╝
]]>
</failure>
</testcase>
<testcase name="Accessibility Tests › TC-A05: Links should have meaningful text" classname="accessibility.spec.ts" time="0.002">
<failure message="accessibility.spec.ts:84:7 TC-A05: Links should have meaningful text" type="FAILURE">
<![CDATA[  [Mobile Safari] › accessibility.spec.ts:84:7 › Accessibility Tests › TC-A05: Links should have meaningful text 

    Error: browserType.launch: Executable doesn't exist at /home/vscode/.cache/ms-playwright/webkit-2215/pw_run.sh
    ╔═════════════════════════════════════════════════════════════════════════╗
    ║ Looks like Playwright Test or Playwright was just installed or updated. ║
    ║ Please run the following command to download new browsers:              ║
    ║                                                                         ║
    ║     npx playwright install                                              ║
    ║                                                                         ║
    ║ <3 Playwright Team                                                      ║
    ╚═════════════════════════════════════════════════════════════════════════╝
]]>
</failure>
</testcase>
<testcase name="Accessibility Tests › TC-A06: Page should have proper landmark roles" classname="accessibility.spec.ts" time="0.002">
<failure message="accessibility.spec.ts:104:7 TC-A06: Page should have proper landmark roles" type="FAILURE">
<![CDATA[  [Mobile Safari] › accessibility.spec.ts:104:7 › Accessibility Tests › TC-A06: Page should have proper landmark roles 

    Error: browserType.launch: Executable doesn't exist at /home/vscode/.cache/ms-playwright/webkit-2215/pw_run.sh
    ╔═════════════════════════════════════════════════════════════════════════╗
    ║ Looks like Playwright Test or Playwright was just installed or updated. ║
    ║ Please run the following command to download new browsers:              ║
    ║                                                                         ║
    ║     npx playwright install                                              ║
    ║                                                                         ║
    ║ <3 Playwright Team                                                      ║
    ╚═════════════════════════════════════════════════════════════════════════╝
]]>
</failure>
</testcase>
<testcase name="Accessibility Tests › TC-A07: Interactive elements should have focus indicators" classname="accessibility.spec.ts" time="0.002">
<failure message="accessibility.spec.ts:118:7 TC-A07: Interactive elements should have focus indicators" type="FAILURE">
<![CDATA[  [Mobile Safari] › accessibility.spec.ts:118:7 › Accessibility Tests › TC-A07: Interactive elements should have focus indicators 

    Error: browserType.launch: Executable doesn't exist at /home/vscode/.cache/ms-playwright/webkit-2215/pw_run.sh
    ╔═════════════════════════════════════════════════════════════════════════╗
    ║ Looks like Playwright Test or Playwright was just installed or updated. ║
    ║ Please run the following command to download new browsers:              ║
    ║                                                                         ║
    ║     npx playwright install                                              ║
    ║                                                                         ║
    ║ <3 Playwright Team                                                      ║
    ╚═════════════════════════════════════════════════════════════════════════╝
]]>
</failure>
</testcase>
<testcase name="Accessibility Tests › TC-A08: Color contrast should meet WCAG AA standards" classname="accessibility.spec.ts" time="0.001">
<failure message="accessibility.spec.ts:137:7 TC-A08: Color contrast should meet WCAG AA standards" type="FAILURE">
<![CDATA[  [Mobile Safari] › accessibility.spec.ts:137:7 › Accessibility Tests › TC-A08: Color contrast should meet WCAG AA standards 

    Error: browserType.launch: Executable doesn't exist at /home/vscode/.cache/ms-playwright/webkit-2215/pw_run.sh
    ╔═════════════════════════════════════════════════════════════════════════╗
    ║ Looks like Playwright Test or Playwright was just installed or updated. ║
    ║ Please run the following command to download new browsers:              ║
    ║                                                                         ║
    ║     npx playwright install                                              ║
    ║                                                                         ║
    ║ <3 Playwright Team                                                      ║
    ╚═════════════════════════════════════════════════════════════════════════╝
]]>
</failure>
</testcase>
<testcase name="Accessibility Tests › TC-A09: Skip to main content link should exist" classname="accessibility.spec.ts" time="0.002">
<failure message="accessibility.spec.ts:154:7 TC-A09: Skip to main content link should exist" type="FAILURE">
<![CDATA[  [Mobile Safari] › accessibility.spec.ts:154:7 › Accessibility Tests › TC-A09: Skip to main content link should exist 

    Error: browserType.launch: Executable doesn't exist at /home/vscode/.cache/ms-playwright/webkit-2215/pw_run.sh
    ╔═════════════════════════════════════════════════════════════════════════╗
    ║ Looks like Playwright Test or Playwright was just installed or updated. ║
    ║ Please run the following command to download new browsers:              ║
    ║                                                                         ║
    ║     npx playwright install                                              ║
    ║                                                                         ║
    ║ <3 Playwright Team                                                      ║
    ╚═════════════════════════════════════════════════════════════════════════╝
]]>
</failure>
</testcase>
<testcase name="Accessibility Tests › TC-A10: Form elements should have associated labels" classname="accessibility.spec.ts" time="0.003">
<failure message="accessibility.spec.ts:163:7 TC-A10: Form elements should have associated labels" type="FAILURE">
<![CDATA[  [Mobile Safari] › accessibility.spec.ts:163:7 › Accessibility Tests › TC-A10: Form elements should have associated labels 

    Error: browserType.launch: Executable doesn't exist at /home/vscode/.cache/ms-playwright/webkit-2215/pw_run.sh
    ╔═════════════════════════════════════════════════════════════════════════╗
    ║ Looks like Playwright Test or Playwright was just installed or updated. ║
    ║ Please run the following command to download new browsers:              ║
    ║                                                                         ║
    ║     npx playwright install                                              ║
    ║                                                                         ║
    ║ <3 Playwright Team                                                      ║
    ╚═════════════════════════════════════════════════════════════════════════╝
]]>
</failure>
</testcase>
</testsuite>
<testsuite name="homepage.spec.ts" timestamp="2025-10-24T17:43:57.403Z" hostname="Mobile Safari" tests="14" failures="14" skipped="0" time="0.06" errors="0">
<testcase name="Homepage Functional Tests › TC-001: Homepage should load with all core elements" classname="homepage.spec.ts" time="0.004">
<failure message="homepage.spec.ts:26:7 TC-001: Homepage should load with all core elements" type="FAILURE">
<![CDATA[  [Mobile Safari] › homepage.spec.ts:26:7 › Homepage Functional Tests › TC-001: Homepage should load with all core elements 

    Error: browserType.launch: Executable doesn't exist at /home/vscode/.cache/ms-playwright/webkit-2215/pw_run.sh
    ╔═════════════════════════════════════════════════════════════════════════╗
    ║ Looks like Playwright Test or Playwright was just installed or updated. ║
    ║ Please run the following command to download new browsers:              ║
    ║                                                                         ║
    ║     npx playwright install                                              ║
    ║                                                                         ║
    ║ <3 Playwright Team                                                      ║
    ╚═════════════════════════════════════════════════════════════════════════╝
]]>
</failure>
</testcase>
<testcase name="Homepage Functional Tests › TC-002: SEO and Metadata should be properly configured" classname="homepage.spec.ts" time="0.002">
<failure message="homepage.spec.ts:52:7 TC-002: SEO and Metadata should be properly configured" type="FAILURE">
<![CDATA[  [Mobile Safari] › homepage.spec.ts:52:7 › Homepage Functional Tests › TC-002: SEO and Metadata should be properly configured 

    Error: browserType.launch: Executable doesn't exist at /home/vscode/.cache/ms-playwright/webkit-2215/pw_run.sh
    ╔═════════════════════════════════════════════════════════════════════════╗
    ║ Looks like Playwright Test or Playwright was just installed or updated. ║
    ║ Please run the following command to download new browsers:              ║
    ║                                                                         ║
    ║     npx playwright install                                              ║
    ║                                                                         ║
    ║ <3 Playwright Team                                                      ║
    ╚═════════════════════════════════════════════════════════════════════════╝
]]>
</failure>
</testcase>
<testcase name="Homepage Functional Tests › TC-003: Navigation menu should have all required links" classname="homepage.spec.ts" time="0.03">
<failure message="homepage.spec.ts:76:7 TC-003: Navigation menu should have all required links" type="FAILURE">
<![CDATA[  [Mobile Safari] › homepage.spec.ts:76:7 › Homepage Functional Tests › TC-003: Navigation menu should have all required links 

    Error: browserType.launch: Executable doesn't exist at /home/vscode/.cache/ms-playwright/webkit-2215/pw_run.sh
    ╔═════════════════════════════════════════════════════════════════════════╗
    ║ Looks like Playwright Test or Playwright was just installed or updated. ║
    ║ Please run the following command to download new browsers:              ║
    ║                                                                         ║
    ║     npx playwright install                                              ║
    ║                                                                         ║
    ║ <3 Playwright Team                                                      ║
    ╚═════════════════════════════════════════════════════════════════════════╝
]]>
</failure>
</testcase>
<testcase name="Homepage Functional Tests › TC-004: Hero section should display correctly" classname="homepage.spec.ts" time="0.002">
<failure message="homepage.spec.ts:96:7 TC-004: Hero section should display correctly" type="FAILURE">
<![CDATA[  [Mobile Safari] › homepage.spec.ts:96:7 › Homepage Functional Tests › TC-004: Hero section should display correctly 

    Error: browserType.launch: Executable doesn't exist at /home/vscode/.cache/ms-playwright/webkit-2215/pw_run.sh
    ╔═════════════════════════════════════════════════════════════════════════╗
    ║ Looks like Playwright Test or Playwright was just installed or updated. ║
    ║ Please run the following command to download new browsers:              ║
    ║                                                                         ║
    ║     npx playwright install                                              ║
    ║                                                                         ║
    ║ <3 Playwright Team                                                      ║
    ╚═════════════════════════════════════════════════════════════════════════╝
]]>
</failure>
</testcase>
<testcase name="Homepage Functional Tests › TC-005: Explore cards should all be present and clickable" classname="homepage.spec.ts" time="0.003">
<failure message="homepage.spec.ts:119:7 TC-005: Explore cards should all be present and clickable" type="FAILURE">
<![CDATA[  [Mobile Safari] › homepage.spec.ts:119:7 › Homepage Functional Tests › TC-005: Explore cards should all be present and clickable 

    Error: browserType.launch: Executable doesn't exist at /home/vscode/.cache/ms-playwright/webkit-2215/pw_run.sh
    ╔═════════════════════════════════════════════════════════════════════════╗
    ║ Looks like Playwright Test or Playwright was just installed or updated. ║
    ║ Please run the following command to download new browsers:              ║
    ║                                                                         ║
    ║     npx playwright install                                              ║
    ║                                                                         ║
    ║ <3 Playwright Team                                                      ║
    ╚═════════════════════════════════════════════════════════════════════════╝
]]>
</failure>
</testcase>
<testcase name="Homepage Functional Tests › TC-006: Community stats should display correctly" classname="homepage.spec.ts" time="0.002">
<failure message="homepage.spec.ts:145:7 TC-006: Community stats should display correctly" type="FAILURE">
<![CDATA[  [Mobile Safari] › homepage.spec.ts:145:7 › Homepage Functional Tests › TC-006: Community stats should display correctly 

    Error: browserType.launch: Executable doesn't exist at /home/vscode/.cache/ms-playwright/webkit-2215/pw_run.sh
    ╔═════════════════════════════════════════════════════════════════════════╗
    ║ Looks like Playwright Test or Playwright was just installed or updated. ║
    ║ Please run the following command to download new browsers:              ║
    ║                                                                         ║
    ║     npx playwright install                                              ║
    ║                                                                         ║
    ║ <3 Playwright Team                                                      ║
    ╚═════════════════════════════════════════════════════════════════════════╝
]]>
</failure>
</testcase>
<testcase name="Homepage Functional Tests › TC-007: All 7 Paths of Impact should be visible" classname="homepage.spec.ts" time="0.002">
<failure message="homepage.spec.ts:169:7 TC-007: All 7 Paths of Impact should be visible" type="FAILURE">
<![CDATA[  [Mobile Safari] › homepage.spec.ts:169:7 › Homepage Functional Tests › TC-007: All 7 Paths of Impact should be visible 

    Error: browserType.launch: Executable doesn't exist at /home/vscode/.cache/ms-playwright/webkit-2215/pw_run.sh
    ╔═════════════════════════════════════════════════════════════════════════╗
    ║ Looks like Playwright Test or Playwright was just installed or updated. ║
    ║ Please run the following command to download new browsers:              ║
    ║                                                                         ║
    ║     npx playwright install                                              ║
    ║                                                                         ║
    ║ <3 Playwright Team                                                      ║
    ╚═════════════════════════════════════════════════════════════════════════╝
]]>
</failure>
</testcase>
<testcase name="Homepage Functional Tests › TC-008: &quot;What is Agentic AI&quot; section should show both approaches" classname="homepage.spec.ts" time="0.003">
<failure message="homepage.spec.ts:203:7 TC-008: &quot;What is Agentic AI&quot; section should show both approaches" type="FAILURE">
<![CDATA[  [Mobile Safari] › homepage.spec.ts:203:7 › Homepage Functional Tests › TC-008: "What is Agentic AI" section should show both approaches 

    Error: browserType.launch: Executable doesn't exist at /home/vscode/.cache/ms-playwright/webkit-2215/pw_run.sh
    ╔═════════════════════════════════════════════════════════════════════════╗
    ║ Looks like Playwright Test or Playwright was just installed or updated. ║
    ║ Please run the following command to download new browsers:              ║
    ║                                                                         ║
    ║     npx playwright install                                              ║
    ║                                                                         ║
    ║ <3 Playwright Team                                                      ║
    ╚═════════════════════════════════════════════════════════════════════════╝
]]>
</failure>
</testcase>
<testcase name="Homepage Functional Tests › TC-009: Join Community button should link to external community platform" classname="homepage.spec.ts" time="0.002">
<failure message="homepage.spec.ts:225:7 TC-009: Join Community button should link to external community platform" type="FAILURE">
<![CDATA[  [Mobile Safari] › homepage.spec.ts:225:7 › Homepage Functional Tests › TC-009: Join Community button should link to external community platform 

    Error: browserType.launch: Executable doesn't exist at /home/vscode/.cache/ms-playwright/webkit-2215/pw_run.sh
    ╔═════════════════════════════════════════════════════════════════════════╗
    ║ Looks like Playwright Test or Playwright was just installed or updated. ║
    ║ Please run the following command to download new browsers:              ║
    ║                                                                         ║
    ║     npx playwright install                                              ║
    ║                                                                         ║
    ║ <3 Playwright Team                                                      ║
    ╚═════════════════════════════════════════════════════════════════════════╝
]]>
</failure>
</testcase>
<testcase name="Homepage Functional Tests › TC-010: Console button should be visible" classname="homepage.spec.ts" time="0.002">
<failure message="homepage.spec.ts:239:7 TC-010: Console button should be visible" type="FAILURE">
<![CDATA[  [Mobile Safari] › homepage.spec.ts:239:7 › Homepage Functional Tests › TC-010: Console button should be visible 

    Error: browserType.launch: Executable doesn't exist at /home/vscode/.cache/ms-playwright/webkit-2215/pw_run.sh
    ╔═════════════════════════════════════════════════════════════════════════╗
    ║ Looks like Playwright Test or Playwright was just installed or updated. ║
    ║ Please run the following command to download new browsers:              ║
    ║                                                                         ║
    ║     npx playwright install                                              ║
    ║                                                                         ║
    ║ <3 Playwright Team                                                      ║
    ╚═════════════════════════════════════════════════════════════════════════╝
]]>
</failure>
</testcase>
<testcase name="Homepage Functional Tests › TC-011: Heading hierarchy should be proper" classname="homepage.spec.ts" time="0.003">
<failure message="homepage.spec.ts:245:7 TC-011: Heading hierarchy should be proper" type="FAILURE">
<![CDATA[  [Mobile Safari] › homepage.spec.ts:245:7 › Homepage Functional Tests › TC-011: Heading hierarchy should be proper 

    Error: browserType.launch: Executable doesn't exist at /home/vscode/.cache/ms-playwright/webkit-2215/pw_run.sh
    ╔═════════════════════════════════════════════════════════════════════════╗
    ║ Looks like Playwright Test or Playwright was just installed or updated. ║
    ║ Please run the following command to download new browsers:              ║
    ║                                                                         ║
    ║     npx playwright install                                              ║
    ║                                                                         ║
    ║ <3 Playwright Team                                                      ║
    ╚═════════════════════════════════════════════════════════════════════════╝
]]>
</failure>
</testcase>
<testcase name="Homepage Functional Tests › TC-012: HTTPS should be enforced" classname="homepage.spec.ts" time="0.001">
<failure message="homepage.spec.ts:265:7 TC-012: HTTPS should be enforced" type="FAILURE">
<![CDATA[  [Mobile Safari] › homepage.spec.ts:265:7 › Homepage Functional Tests › TC-012: HTTPS should be enforced 

    Error: browserType.launch: Executable doesn't exist at /home/vscode/.cache/ms-playwright/webkit-2215/pw_run.sh
    ╔═════════════════════════════════════════════════════════════════════════╗
    ║ Looks like Playwright Test or Playwright was just installed or updated. ║
    ║ Please run the following command to download new browsers:              ║
    ║                                                                         ║
    ║     npx playwright install                                              ║
    ║                                                                         ║
    ║ <3 Playwright Team                                                      ║
    ╚═════════════════════════════════════════════════════════════════════════╝
]]>
</failure>
</testcase>
<testcase name="Homepage Functional Tests › TC-013: Contact Us button should be visible in footer" classname="homepage.spec.ts" time="0.001">
<failure message="homepage.spec.ts:274:7 TC-013: Contact Us button should be visible in footer" type="FAILURE">
<![CDATA[  [Mobile Safari] › homepage.spec.ts:274:7 › Homepage Functional Tests › TC-013: Contact Us button should be visible in footer 

    Error: browserType.launch: Executable doesn't exist at /home/vscode/.cache/ms-playwright/webkit-2215/pw_run.sh
    ╔═════════════════════════════════════════════════════════════════════════╗
    ║ Looks like Playwright Test or Playwright was just installed or updated. ║
    ║ Please run the following command to download new browsers:              ║
    ║                                                                         ║
    ║     npx playwright install                                              ║
    ║                                                                         ║
    ║ <3 Playwright Team                                                      ║
    ╚═════════════════════════════════════════════════════════════════════════╝
]]>
</failure>
</testcase>
<testcase name="Homepage Functional Tests › TC-014: Footer should contain copyright and attribution" classname="homepage.spec.ts" time="0.003">
<failure message="homepage.spec.ts:283:7 TC-014: Footer should contain copyright and attribution" type="FAILURE">
<![CDATA[  [Mobile Safari] › homepage.spec.ts:283:7 › Homepage Functional Tests › TC-014: Footer should contain copyright and attribution 

    Error: browserType.launch: Executable doesn't exist at /home/vscode/.cache/ms-playwright/webkit-2215/pw_run.sh
    ╔═════════════════════════════════════════════════════════════════════════╗
    ║ Looks like Playwright Test or Playwright was just installed or updated. ║
    ║ Please run the following command to download new browsers:              ║
    ║                                                                         ║
    ║     npx playwright install                                              ║
    ║                                                                         ║
    ║ <3 Playwright Team                                                      ║
    ╚═════════════════════════════════════════════════════════════════════════╝
]]>
</failure>
</testcase>
</testsuite>
<testsuite name="performance.spec.ts" timestamp="2025-10-24T17:43:57.403Z" hostname="Mobile Safari" tests="7" failures="7" skipped="0" time="0.054" errors="0">
<testcase name="Performance Tests › TC-009: Page should load within acceptable time limits" classname="performance.spec.ts" time="0.038">
<failure message="performance.spec.ts:14:7 TC-009: Page should load within acceptable time limits" type="FAILURE">
<![CDATA[  [Mobile Safari] › performance.spec.ts:14:7 › Performance Tests › TC-009: Page should load within acceptable time limits 

    Error: browserType.launch: Executable doesn't exist at /home/vscode/.cache/ms-playwright/webkit-2215/pw_run.sh
    ╔═════════════════════════════════════════════════════════════════════════╗
    ║ Looks like Playwright Test or Playwright was just installed or updated. ║
    ║ Please run the following command to download new browsers:              ║
    ║                                                                         ║
    ║     npx playwright install                                              ║
    ║                                                                         ║
    ║ <3 Playwright Team                                                      ║
    ╚═════════════════════════════════════════════════════════════════════════╝
]]>
</failure>
</testcase>
<testcase name="Performance Tests › TC-010: Resources should be optimized" classname="performance.spec.ts" time="0.003">
<failure message="performance.spec.ts:35:7 TC-010: Resources should be optimized" type="FAILURE">
<![CDATA[  [Mobile Safari] › performance.spec.ts:35:7 › Performance Tests › TC-010: Resources should be optimized 

    Error: browserType.launch: Executable doesn't exist at /home/vscode/.cache/ms-playwright/webkit-2215/pw_run.sh
    ╔═════════════════════════════════════════════════════════════════════════╗
    ║ Looks like Playwright Test or Playwright was just installed or updated. ║
    ║ Please run the following command to download new browsers:              ║
    ║                                                                         ║
    ║     npx playwright install                                              ║
    ║                                                                         ║
    ║ <3 Playwright Team                                                      ║
    ╚═════════════════════════════════════════════════════════════════════════╝
]]>
</failure>
</testcase>
<testcase name="Performance Tests › TC-P03: Core Web Vitals should meet &quot;Good&quot; thresholds" classname="performance.spec.ts" time="0.004">
<failure message="performance.spec.ts:70:7 TC-P03: Core Web Vitals should meet &quot;Good&quot; thresholds" type="FAILURE">
<![CDATA[  [Mobile Safari] › performance.spec.ts:70:7 › Performance Tests › TC-P03: Core Web Vitals should meet "Good" thresholds 

    Error: browserType.launch: Executable doesn't exist at /home/vscode/.cache/ms-playwright/webkit-2215/pw_run.sh
    ╔═════════════════════════════════════════════════════════════════════════╗
    ║ Looks like Playwright Test or Playwright was just installed or updated. ║
    ║ Please run the following command to download new browsers:              ║
    ║                                                                         ║
    ║     npx playwright install                                              ║
    ║                                                                         ║
    ║ <3 Playwright Team                                                      ║
    ╚═════════════════════════════════════════════════════════════════════════╝
]]>
</failure>
</testcase>
<testcase name="Performance Tests › TC-P04: Images should be optimized" classname="performance.spec.ts" time="0.002">
<failure message="performance.spec.ts:113:7 TC-P04: Images should be optimized" type="FAILURE">
<![CDATA[  [Mobile Safari] › performance.spec.ts:113:7 › Performance Tests › TC-P04: Images should be optimized 

    Error: browserType.launch: Executable doesn't exist at /home/vscode/.cache/ms-playwright/webkit-2215/pw_run.sh
    ╔═════════════════════════════════════════════════════════════════════════╗
    ║ Looks like Playwright Test or Playwright was just installed or updated. ║
    ║ Please run the following command to download new browsers:              ║
    ║                                                                         ║
    ║     npx playwright install                                              ║
    ║                                                                         ║
    ║ <3 Playwright Team                                                      ║
    ╚═════════════════════════════════════════════════════════════════════════╝
]]>
</failure>
</testcase>
<testcase name="Performance Tests › TC-P05: Page should not have render-blocking resources" classname="performance.spec.ts" time="0.002">
<failure message="performance.spec.ts:149:7 TC-P05: Page should not have render-blocking resources" type="FAILURE">
<![CDATA[  [Mobile Safari] › performance.spec.ts:149:7 › Performance Tests › TC-P05: Page should not have render-blocking resources 

    Error: browserType.launch: Executable doesn't exist at /home/vscode/.cache/ms-playwright/webkit-2215/pw_run.sh
    ╔═════════════════════════════════════════════════════════════════════════╗
    ║ Looks like Playwright Test or Playwright was just installed or updated. ║
    ║ Please run the following command to download new browsers:              ║
    ║                                                                         ║
    ║     npx playwright install                                              ║
    ║                                                                         ║
    ║ <3 Playwright Team                                                      ║
    ╚═════════════════════════════════════════════════════════════════════════╝
]]>
</failure>
</testcase>
<testcase name="Performance Tests › TC-P06: Page should handle slow 3G connection" classname="performance.spec.ts" time="0.003">
<failure message="performance.spec.ts:169:7 TC-P06: Page should handle slow 3G connection" type="FAILURE">
<![CDATA[  [Mobile Safari] › performance.spec.ts:169:7 › Performance Tests › TC-P06: Page should handle slow 3G connection 

    Error: browserType.launch: Executable doesn't exist at /home/vscode/.cache/ms-playwright/webkit-2215/pw_run.sh
    ╔═════════════════════════════════════════════════════════════════════════╗
    ║ Looks like Playwright Test or Playwright was just installed or updated. ║
    ║ Please run the following command to download new browsers:              ║
    ║                                                                         ║
    ║     npx playwright install                                              ║
    ║                                                                         ║
    ║ <3 Playwright Team                                                      ║
    ╚═════════════════════════════════════════════════════════════════════════╝
]]>
</failure>
</testcase>
<testcase name="Performance Tests › TC-P07: No JavaScript errors in console" classname="performance.spec.ts" time="0.002">
<failure message="performance.spec.ts:190:7 TC-P07: No JavaScript errors in console" type="FAILURE">
<![CDATA[  [Mobile Safari] › performance.spec.ts:190:7 › Performance Tests › TC-P07: No JavaScript errors in console 

    Error: browserType.launch: Executable doesn't exist at /home/vscode/.cache/ms-playwright/webkit-2215/pw_run.sh
    ╔═════════════════════════════════════════════════════════════════════════╗
    ║ Looks like Playwright Test or Playwright was just installed or updated. ║
    ║ Please run the following command to download new browsers:              ║
    ║                                                                         ║
    ║     npx playwright install                                              ║
    ║                                                                         ║
    ║ <3 Playwright Team                                                      ║
    ╚═════════════════════════════════════════════════════════════════════════╝
]]>
</failure>
</testcase>
</testsuite>
<testsuite name="responsive.spec.ts" timestamp="2025-10-24T17:43:57.403Z" hostname="Mobile Safari" tests="5" failures="5" skipped="0" time="0.011" errors="0">
<testcase name="Responsive Design Tests › TC-005: Site should be fully responsive on mobile (iPhone 12)" classname="responsive.spec.ts" time="0.003">
<failure message="responsive.spec.ts:14:7 TC-005: Site should be fully responsive on mobile (iPhone 12)" type="FAILURE">
<![CDATA[  [Mobile Safari] › responsive.spec.ts:14:7 › Responsive Design Tests › TC-005: Site should be fully responsive on mobile (iPhone 12) 

    Error: browserType.launch: Executable doesn't exist at /home/vscode/.cache/ms-playwright/webkit-2215/pw_run.sh
    ╔═════════════════════════════════════════════════════════════════════════╗
    ║ Looks like Playwright Test or Playwright was just installed or updated. ║
    ║ Please run the following command to download new browsers:              ║
    ║                                                                         ║
    ║     npx playwright install                                              ║
    ║                                                                         ║
    ║ <3 Playwright Team                                                      ║
    ╚═════════════════════════════════════════════════════════════════════════╝
]]>
</failure>
</testcase>
<testcase name="Responsive Design Tests › TC-006: Site should adapt correctly to tablet (iPad)" classname="responsive.spec.ts" time="0.002">
<failure message="responsive.spec.ts:61:7 TC-006: Site should adapt correctly to tablet (iPad)" type="FAILURE">
<![CDATA[  [Mobile Safari] › responsive.spec.ts:61:7 › Responsive Design Tests › TC-006: Site should adapt correctly to tablet (iPad) 

    Error: browserType.launch: Executable doesn't exist at /home/vscode/.cache/ms-playwright/webkit-2215/pw_run.sh
    ╔═════════════════════════════════════════════════════════════════════════╗
    ║ Looks like Playwright Test or Playwright was just installed or updated. ║
    ║ Please run the following command to download new browsers:              ║
    ║                                                                         ║
    ║     npx playwright install                                              ║
    ║                                                                         ║
    ║ <3 Playwright Team                                                      ║
    ╚═════════════════════════════════════════════════════════════════════════╝
]]>
</failure>
</testcase>
<testcase name="Responsive Design Tests › TC-R03: Site should work at common desktop resolution (1366x768)" classname="responsive.spec.ts" time="0.002">
<failure message="responsive.spec.ts:94:7 TC-R03: Site should work at common desktop resolution (1366x768)" type="FAILURE">
<![CDATA[  [Mobile Safari] › responsive.spec.ts:94:7 › Responsive Design Tests › TC-R03: Site should work at common desktop resolution (1366x768) 

    Error: browserType.launch: Executable doesn't exist at /home/vscode/.cache/ms-playwright/webkit-2215/pw_run.sh
    ╔═════════════════════════════════════════════════════════════════════════╗
    ║ Looks like Playwright Test or Playwright was just installed or updated. ║
    ║ Please run the following command to download new browsers:              ║
    ║                                                                         ║
    ║     npx playwright install                                              ║
    ║                                                                         ║
    ║ <3 Playwright Team                                                      ║
    ╚═════════════════════════════════════════════════════════════════════════╝
]]>
</failure>
</testcase>
<testcase name="Responsive Design Tests › TC-R04: Site should work at large desktop resolution (1920x1080)" classname="responsive.spec.ts" time="0.002">
<failure message="responsive.spec.ts:117:7 TC-R04: Site should work at large desktop resolution (1920x1080)" type="FAILURE">
<![CDATA[  [Mobile Safari] › responsive.spec.ts:117:7 › Responsive Design Tests › TC-R04: Site should work at large desktop resolution (1920x1080) 

    Error: browserType.launch: Executable doesn't exist at /home/vscode/.cache/ms-playwright/webkit-2215/pw_run.sh
    ╔═════════════════════════════════════════════════════════════════════════╗
    ║ Looks like Playwright Test or Playwright was just installed or updated. ║
    ║ Please run the following command to download new browsers:              ║
    ║                                                                         ║
    ║     npx playwright install                                              ║
    ║                                                                         ║
    ║ <3 Playwright Team                                                      ║
    ╚═════════════════════════════════════════════════════════════════════════╝
]]>
</failure>
</testcase>
<testcase name="Responsive Design Tests › TC-R05: Site should handle landscape orientation on mobile" classname="responsive.spec.ts" time="0.002">
<failure message="responsive.spec.ts:141:7 TC-R05: Site should handle landscape orientation on mobile" type="FAILURE">
<![CDATA[  [Mobile Safari] › responsive.spec.ts:141:7 › Responsive Design Tests › TC-R05: Site should handle landscape orientation on mobile 

    Error: browserType.launch: Executable doesn't exist at /home/vscode/.cache/ms-playwright/webkit-2215/pw_run.sh
    ╔═════════════════════════════════════════════════════════════════════════╗
    ║ Looks like Playwright Test or Playwright was just installed or updated. ║
    ║ Please run the following command to download new browsers:              ║
    ║                                                                         ║
    ║     npx playwright install                                              ║
    ║                                                                         ║
    ║ <3 Playwright Team                                                      ║
    ╚═════════════════════════════════════════════════════════════════════════╝
]]>
</failure>
</testcase>
</testsuite>
<testsuite name="accessibility.spec.ts" timestamp="2025-10-24T17:43:57.403Z" hostname="iPad" tests="10" failures="3" skipped="0" time="53.158" errors="0">
<testcase name="Accessibility Tests › TC-007: Should have no critical accessibility violations" classname="accessibility.spec.ts" time="8.848">
<failure message="accessibility.spec.ts:25:7 TC-007: Should have no critical accessibility violations" type="FAILURE">
<![CDATA[  [iPad] › accessibility.spec.ts:25:7 › Accessibility Tests › TC-007: Should have no critical accessibility violations 

    Error: expect(received).toEqual(expected) // deep equality

    - Expected  -   1
    + Received  + 198

    - Array []
    + Array [
    +   Object {
    +     "description": "Ensure the contrast between foreground and background colors meets WCAG 2 AA minimum contrast ratio thresholds",
    +     "help": "Elements must meet minimum color contrast ratio thresholds",
    +     "helpUrl": "https://dequeuniversity.com/rules/axe/4.11/color-contrast?application=playwright",
    +     "id": "color-contrast",
    +     "impact": "serious",
    +     "nodes": Array [
    +       Object {
    +         "all": Array [],
    +         "any": Array [
    +           Object {
    +             "data": Object {
    +               "bgColor": "#e25c3d",
    +               "contrastRatio": 3.6,
    +               "expectedContrastRatio": "4.5:1",
    +               "fgColor": "#ffffff",
    +               "fontSize": "10.5pt (14px)",
    +               "fontWeight": "normal",
    +               "messageKey": null,
    +             },
    +             "id": "color-contrast",
    +             "impact": "serious",
    +             "message": "Element has insufficient color contrast of 3.6 (foreground color: #ffffff, background color: #e25c3d, font size: 10.5pt (14px), font weight: normal). Expected contrast ratio of 4.5:1",
    +             "relatedNodes": Array [
    +               Object {
    +                 "html": "<button class=\"fixed bottom-20 right-6 z-50 flex items-center gap-2 bg-[#E25C3D] text-white px-4 py-3 rounded-lg shadow-lg hover:bg-[#d64a2c] transition-all hover:scale-105\" title=\"Open MCP Console (Ctrl + `)\">",
    +                 "target": Array [
    +                   ".right-6",
    +                 ],
    +               },
    +             ],
    +           },
    +         ],
    +         "failureSummary": "Fix any of the following:
    +   Element has insufficient color contrast of 3.6 (foreground color: #ffffff, background color: #e25c3d, font size: 10.5pt (14px), font weight: normal). Expected contrast ratio of 4.5:1",
    +         "html": "<span class=\"font-mono text-sm\">Console</span>",
    +         "impact": "serious",
    +         "none": Array [],
    +         "target": Array [
    +           ".right-6 > .font-mono.text-sm",
    +         ],
    +       },
    +       Object {
    +         "all": Array [],
    +         "any": Array [
    +           Object {
    +             "data": Object {
    +               "bgColor": "#f6f3ef",
    +               "contrastRatio": 3.29,
    +               "expectedContrastRatio": "4.5:1",
    +               "fgColor": "#e25a3c",
    +               "fontSize": "10.5pt (14px)",
    +               "fontWeight": "normal",
    +               "messageKey": null,
    +             },
    +             "id": "color-contrast",
    +             "impact": "serious",
    +             "message": "Element has insufficient color contrast of 3.29 (foreground color: #e25a3c, background color: #f6f3ef, font size: 10.5pt (14px), font weight: normal). Expected contrast ratio of 4.5:1",
    +             "relatedNodes": Array [
    +               Object {
    +                 "html": "<div class=\"mb-8 inline-flex items-center gap-2 console-window px-4 py-2 animate-fade-in\">",
    +                 "target": Array [
    +                   ".py-2",
    +                 ],
    +               },
    +             ],
    +           },
    +         ],
    +         "failureSummary": "Fix any of the following:
    +   Element has insufficient color contrast of 3.29 (foreground color: #e25a3c, background color: #f6f3ef, font size: 10.5pt (14px), font weight: normal). Expected contrast ratio of 4.5:1",
    +         "html": "<span class=\"text-primary font-mono text-sm typewriter\">&gt; Building the future of AI</span>",
    +         "impact": "serious",
    +         "none": Array [],
    +         "target": Array [
    +           ".typewriter",
    +         ],
    +       },
    +       Object {
    +         "all": Array [],
    +         "any": Array [
    +           Object {
    +             "data": Object {
    +               "bgColor": "#e25a3c",
    +               "contrastRatio": 3.53,
    +               "expectedContrastRatio": "4.5:1",
    +               "fgColor": "#fefbf6",
    +               "fontSize": "13.5pt (18px)",
    +               "fontWeight": "normal",
    +               "messageKey": null,
    +             },
    +             "id": "color-contrast",
    +             "impact": "serious",
    +             "message": "Element has insufficient color contrast of 3.53 (foreground color: #fefbf6, background color: #e25a3c, font size: 13.5pt (18px), font weight: normal). Expected contrast ratio of 4.5:1",
    +             "relatedNodes": Array [
    +               Object {
    +                 "html": "<a href=\"https://community.ag...\" target=\"_blank\" rel=\"noopener noreferrer\" class=\"inline-flex items-ce...\">",
    +                 "target": Array [
    +                   ".flex-col.sm\\:flex-row.gap-4 > .bg-primary.text-primary-foreground.hover\\:bg-primary\\/90",
    +                 ],
    +               },
    +             ],
    +           },
    +         ],
    +         "failureSummary": "Fix any of the following:
    +   Element has insufficient color contrast of 3.53 (foreground color: #fefbf6, background color: #e25a3c, font size: 13.5pt (18px), font weight: normal). Expected contrast ratio of 4.5:1",
    +         "html": "<a href=\"https://community.ag...\" target=\"_blank\" rel=\"noopener noreferrer\" class=\"inline-flex items-ce...\">",
    +         "impact": "serious",
    +         "none": Array [],
    +         "target": Array [
    +           ".flex-col.sm\\:flex-row.gap-4 > .bg-primary.text-primary-foreground.hover\\:bg-primary\\/90",
    +         ],
    +       },
    +       Object {
    +         "all": Array [],
    +         "any": Array [
    +           Object {
    +             "data": Object {
    +               "bgColor": "#f6f3ef",
    +               "contrastRatio": 3.29,
    +               "expectedContrastRatio": "4.5:1",
    +               "fgColor": "#e25a3c",
    +               "fontSize": "12.0pt (16px)",
    +               "fontWeight": "normal",
    +               "messageKey": null,
    +             },
    +             "id": "color-contrast",
    +             "impact": "serious",
    +             "message": "Element has insufficient color contrast of 3.29 (foreground color: #e25a3c, background color: #f6f3ef, font size: 12.0pt (16px), font weight: normal). Expected contrast ratio of 4.5:1",
    +             "relatedNodes": Array [
    +               Object {
    +                 "html": "<a href=\"/what-is-agentics\" class=\"inline-flex items-center gap-2 console-window px-6 py-3 text-primary hover:bg-primary hover:text-primary-foreground transition-all duration-300 font-medium\">Explore the Full Spectrum →</a>",
    +                 "target": Array [
    +                   ".hover\\:bg-primary",
    +                 ],
    +               },
    +             ],
    +           },
    +         ],
    +         "failureSummary": "Fix any of the following:
    +   Element has insufficient color contrast of 3.29 (foreground color: #e25a3c, background color: #f6f3ef, font size: 12.0pt (16px), font weight: normal). Expected contrast ratio of 4.5:1",
    +         "html": "<a href=\"/what-is-agentics\" class=\"inline-flex items-center gap-2 console-window px-6 py-3 text-primary hover:bg-primary hover:text-primary-foreground transition-all duration-300 font-medium\">Explore the Full Spectrum →</a>",
    +         "impact": "serious",
    +         "none": Array [],
    +         "target": Array [
    +           ".hover\\:bg-primary",
    +         ],
    +       },
    +       Object {
    +         "all": Array [],
    +         "any": Array [
    +           Object {
    +             "data": Object {
    +               "bgColor": "#e25a3c",
    +               "contrastRatio": 3.53,
    +               "expectedContrastRatio": "4.5:1",
    +               "fgColor": "#fefbf6",
    +               "fontSize": "10.5pt (14px)",
    +               "fontWeight": "normal",
    +               "messageKey": null,
    +             },
    +             "id": "color-contrast",
    +             "impact": "serious",
    +             "message": "Element has insufficient color contrast of 3.53 (foreground color: #fefbf6, background color: #e25a3c, font size: 10.5pt (14px), font weight: normal). Expected contrast ratio of 4.5:1",
    +             "relatedNodes": Array [
    +               Object {
    +                 "html": "<a href=\"https://community.ag...\" target=\"_blank\" rel=\"noopener noreferrer\" class=\"inline-flex items-ce...\">",
    +                 "target": Array [
    +                   ".p-8.console-window.hover-glow > .bg-primary.text-primary-foreground.hover\\:bg-primary\\/90",
    +                 ],
    +               },
    +             ],
    +           },
    +         ],
    +         "failureSummary": "Fix any of the following:
    +   Element has insufficient color contrast of 3.53 (foreground color: #fefbf6, background color: #e25a3c, font size: 10.5pt (14px), font weight: normal). Expected contrast ratio of 4.5:1",
    +         "html": "<a href=\"https://community.ag...\" target=\"_blank\" rel=\"noopener noreferrer\" class=\"inline-flex items-ce...\">",
    +         "impact": "serious",
    +         "none": Array [],
    +         "target": Array [
    +           ".p-8.console-window.hover-glow > .bg-primary.text-primary-foreground.hover\\:bg-primary\\/90",
    +         ],
    +       },
    +     ],
    +     "tags": Array [
    +       "cat.color",
    +       "wcag2aa",
    +       "wcag143",
    +       "TTv5",
    +       "TT13.c",
    +       "EN-301-549",
    +       "EN-9.1.4.3",
    +       "ACT",
    +       "RGAAv4",
    +       "RGAA-3.2.1",
    +     ],
    +   },
    + ]

      30 |
      31 |     // Verify no critical violations
    > 32 |     expect(accessibilityScanResults.violations).toEqual([]);
         |                                                 ^
      33 |   });
      34 |
      35 |   test('TC-008: Should support full keyboard navigation', async ({ page }) => {
        at /workspaces/agentic-qe-cf/agentics/tests/accessibility.spec.ts:32:49

    attachment #1: screenshot (image/png) ──────────────────────────────────────────────────────────
    ../test-results/accessibility-Accessibilit-3347a-al-accessibility-violations-iPad/test-failed-1.png
    ────────────────────────────────────────────────────────────────────────────────────────────────

    attachment #2: video (video/webm) ──────────────────────────────────────────────────────────────
    ../test-results/accessibility-Accessibilit-3347a-al-accessibility-violations-iPad/video-1.webm
    ────────────────────────────────────────────────────────────────────────────────────────────────

    attachment #3: video (video/webm) ──────────────────────────────────────────────────────────────
    ../test-results/accessibility-Accessibilit-3347a-al-accessibility-violations-iPad/video.webm
    ────────────────────────────────────────────────────────────────────────────────────────────────

    Error Context: ../test-results/accessibility-Accessibilit-3347a-al-accessibility-violations-iPad/error-context.md
]]>
</failure>
<system-out>
<![CDATA[
[[ATTACHMENT|accessibility-Accessibilit-3347a-al-accessibility-violations-iPad/test-failed-1.png]]

[[ATTACHMENT|accessibility-Accessibilit-3347a-al-accessibility-violations-iPad/video-1.webm]]

[[ATTACHMENT|accessibility-Accessibilit-3347a-al-accessibility-violations-iPad/video.webm]]

[[ATTACHMENT|accessibility-Accessibilit-3347a-al-accessibility-violations-iPad/error-context.md]]
]]>
</system-out>
</testcase>
<testcase name="Accessibility Tests › TC-008: Should support full keyboard navigation" classname="accessibility.spec.ts" time="3.313">
</testcase>
<testcase name="Accessibility Tests › TC-A03: All images should have alt text" classname="accessibility.spec.ts" time="5.871">
</testcase>
<testcase name="Accessibility Tests › TC-A04: Heading hierarchy should be correct" classname="accessibility.spec.ts" time="5.629">
</testcase>
<testcase name="Accessibility Tests › TC-A05: Links should have meaningful text" classname="accessibility.spec.ts" time="5.005">
</testcase>
<testcase name="Accessibility Tests › TC-A06: Page should have proper landmark roles" classname="accessibility.spec.ts" time="4.159">
</testcase>
<testcase name="Accessibility Tests › TC-A07: Interactive elements should have focus indicators" classname="accessibility.spec.ts" time="3.968">
</testcase>
<testcase name="Accessibility Tests › TC-A08: Color contrast should meet WCAG AA standards" classname="accessibility.spec.ts" time="11.092">
<failure message="accessibility.spec.ts:137:7 TC-A08: Color contrast should meet WCAG AA standards" type="FAILURE">
<![CDATA[  [iPad] › accessibility.spec.ts:137:7 › Accessibility Tests › TC-A08: Color contrast should meet WCAG AA standards 

    Error: expect(received).toBeLessThanOrEqual(expected)

    Expected: <= 0
    Received:    1

      149 |
      150 |     // Should have minimal or no contrast violations
    > 151 |     expect(contrastResults.violations.filter(v => v.id === 'color-contrast').length).toBeLessThanOrEqual(0);
          |                                                                                      ^
      152 |   });
      153 |
      154 |   test('TC-A09: Skip to main content link should exist', async ({ page }) => {
        at /workspaces/agentic-qe-cf/agentics/tests/accessibility.spec.ts:151:86

    attachment #1: screenshot (image/png) ──────────────────────────────────────────────────────────
    ../test-results/accessibility-Accessibilit-20dbd-ould-meet-WCAG-AA-standards-iPad/test-failed-1.png
    ────────────────────────────────────────────────────────────────────────────────────────────────

    attachment #2: video (video/webm) ──────────────────────────────────────────────────────────────
    ../test-results/accessibility-Accessibilit-20dbd-ould-meet-WCAG-AA-standards-iPad/video-2.webm
    ────────────────────────────────────────────────────────────────────────────────────────────────

    attachment #3: video (video/webm) ──────────────────────────────────────────────────────────────
    ../test-results/accessibility-Accessibilit-20dbd-ould-meet-WCAG-AA-standards-iPad/video-1.webm
    ────────────────────────────────────────────────────────────────────────────────────────────────

    attachment #4: video (video/webm) ──────────────────────────────────────────────────────────────
    ../test-results/accessibility-Accessibilit-20dbd-ould-meet-WCAG-AA-standards-iPad/video.webm
    ────────────────────────────────────────────────────────────────────────────────────────────────

    Error Context: ../test-results/accessibility-Accessibilit-20dbd-ould-meet-WCAG-AA-standards-iPad/error-context.md
]]>
</failure>
<system-out>
<![CDATA[
[[ATTACHMENT|accessibility-Accessibilit-20dbd-ould-meet-WCAG-AA-standards-iPad/test-failed-1.png]]

[[ATTACHMENT|accessibility-Accessibilit-20dbd-ould-meet-WCAG-AA-standards-iPad/video-2.webm]]

[[ATTACHMENT|accessibility-Accessibilit-20dbd-ould-meet-WCAG-AA-standards-iPad/video-1.webm]]

[[ATTACHMENT|accessibility-Accessibilit-20dbd-ould-meet-WCAG-AA-standards-iPad/video.webm]]

[[ATTACHMENT|accessibility-Accessibilit-20dbd-ould-meet-WCAG-AA-standards-iPad/error-context.md]]
]]>
</system-out>
</testcase>
<testcase name="Accessibility Tests › TC-A09: Skip to main content link should exist" classname="accessibility.spec.ts" time="3.378">
<failure message="accessibility.spec.ts:154:7 TC-A09: Skip to main content link should exist" type="FAILURE">
<![CDATA[  [iPad] › accessibility.spec.ts:154:7 › Accessibility Tests › TC-A09: Skip to main content link should exist 

    Error: expect(received).toBeGreaterThan(expected)

    Expected: > 0
    Received:   0

      158 |     // Skip links are often visually hidden but should be in DOM
      159 |     const skipLinkCount = await page.locator('a[href^="#"]').count();
    > 160 |     expect(skipLinkCount).toBeGreaterThan(0);
          |                           ^
      161 |   });
      162 |
      163 |   test('TC-A10: Form elements should have associated labels', async ({ page }) => {
        at /workspaces/agentic-qe-cf/agentics/tests/accessibility.spec.ts:160:27

    attachment #1: screenshot (image/png) ──────────────────────────────────────────────────────────
    ../test-results/accessibility-Accessibilit-8a98a-n-content-link-should-exist-iPad/test-failed-1.png
    ────────────────────────────────────────────────────────────────────────────────────────────────

    attachment #2: video (video/webm) ──────────────────────────────────────────────────────────────
    ../test-results/accessibility-Accessibilit-8a98a-n-content-link-should-exist-iPad/video.webm
    ────────────────────────────────────────────────────────────────────────────────────────────────

    Error Context: ../test-results/accessibility-Accessibilit-8a98a-n-content-link-should-exist-iPad/error-context.md
]]>
</failure>
<system-out>
<![CDATA[
[[ATTACHMENT|accessibility-Accessibilit-8a98a-n-content-link-should-exist-iPad/test-failed-1.png]]

[[ATTACHMENT|accessibility-Accessibilit-8a98a-n-content-link-should-exist-iPad/video.webm]]

[[ATTACHMENT|accessibility-Accessibilit-8a98a-n-content-link-should-exist-iPad/error-context.md]]
]]>
</system-out>
</testcase>
<testcase name="Accessibility Tests › TC-A10: Form elements should have associated labels" classname="accessibility.spec.ts" time="1.895">
</testcase>
</testsuite>
<testsuite name="homepage.spec.ts" timestamp="2025-10-24T17:43:57.403Z" hostname="iPad" tests="14" failures="1" skipped="0" time="60.203" errors="0">
<testcase name="Homepage Functional Tests › TC-001: Homepage should load with all core elements" classname="homepage.spec.ts" time="2.481">
</testcase>
<testcase name="Homepage Functional Tests › TC-002: SEO and Metadata should be properly configured" classname="homepage.spec.ts" time="5.719">
</testcase>
<testcase name="Homepage Functional Tests › TC-003: Navigation menu should have all required links" classname="homepage.spec.ts" time="3.679">
</testcase>
<testcase name="Homepage Functional Tests › TC-004: Hero section should display correctly" classname="homepage.spec.ts" time="4.703">
<failure message="homepage.spec.ts:96:7 TC-004: Hero section should display correctly" type="FAILURE">
<![CDATA[  [iPad] › homepage.spec.ts:96:7 › Homepage Functional Tests › TC-004: Hero section should display correctly 

    Error: expect(locator).toBeVisible() failed

    Locator: getByText('Open Source')
    Expected: visible
    Error: strict mode violation: getByText('Open Source') resolved to 2 elements:
        1) <div class="text-3xl font-bold text-primary">Open Source</div> aka getByText('Open Source', { exact: true })
        2) <h3 class="font-semibold mb-1 text-sm sm:text-base">Open Source Toolkits</h3> aka getByRole('heading', { name: 'Open Source Toolkits' })

    Call log:
      - Expect "toBeVisible" with timeout 5000ms
      - waiting for getByText('Open Source')


      107 |     await expect(homePage.communityStat).toHaveText('100K+');
      108 |
    > 109 |     await expect(homePage.openSourceStat).toBeVisible();
          |                                           ^
      110 |     await expect(homePage.openSourceStat).toHaveText('Open Source');
      111 |
      112 |     await expect(homePage.globalStat).toBeVisible();
        at /workspaces/agentic-qe-cf/agentics/tests/homepage.spec.ts:109:43

    attachment #1: screenshot (image/png) ──────────────────────────────────────────────────────────
    ../test-results/homepage-Homepage-Function-9887f-on-should-display-correctly-iPad/test-failed-1.png
    ────────────────────────────────────────────────────────────────────────────────────────────────

    attachment #2: video (video/webm) ──────────────────────────────────────────────────────────────
    ../test-results/homepage-Homepage-Function-9887f-on-should-display-correctly-iPad/video.webm
    ────────────────────────────────────────────────────────────────────────────────────────────────

    Error Context: ../test-results/homepage-Homepage-Function-9887f-on-should-display-correctly-iPad/error-context.md
]]>
</failure>
<system-out>
<![CDATA[
[[ATTACHMENT|homepage-Homepage-Function-9887f-on-should-display-correctly-iPad/test-failed-1.png]]

[[ATTACHMENT|homepage-Homepage-Function-9887f-on-should-display-correctly-iPad/video.webm]]

[[ATTACHMENT|homepage-Homepage-Function-9887f-on-should-display-correctly-iPad/error-context.md]]
]]>
</system-out>
</testcase>
<testcase name="Homepage Functional Tests › TC-005: Explore cards should all be present and clickable" classname="homepage.spec.ts" time="4.505">
</testcase>
<testcase name="Homepage Functional Tests › TC-006: Community stats should display correctly" classname="homepage.spec.ts" time="3.703">
</testcase>
<testcase name="Homepage Functional Tests › TC-007: All 7 Paths of Impact should be visible" classname="homepage.spec.ts" time="4.224">
</testcase>
<testcase name="Homepage Functional Tests › TC-008: &quot;What is Agentic AI&quot; section should show both approaches" classname="homepage.spec.ts" time="3.301">
</testcase>
<testcase name="Homepage Functional Tests › TC-009: Join Community button should link to external community platform" classname="homepage.spec.ts" time="10.703">
</testcase>
<testcase name="Homepage Functional Tests › TC-010: Console button should be visible" classname="homepage.spec.ts" time="3.471">
</testcase>
<testcase name="Homepage Functional Tests › TC-011: Heading hierarchy should be proper" classname="homepage.spec.ts" time="3.114">
</testcase>
<testcase name="Homepage Functional Tests › TC-012: HTTPS should be enforced" classname="homepage.spec.ts" time="3.087">
</testcase>
<testcase name="Homepage Functional Tests › TC-013: Contact Us button should be visible in footer" classname="homepage.spec.ts" time="3.303">
</testcase>
<testcase name="Homepage Functional Tests › TC-014: Footer should contain copyright and attribution" classname="homepage.spec.ts" time="4.21">
</testcase>
</testsuite>
<testsuite name="performance.spec.ts" timestamp="2025-10-24T17:43:57.403Z" hostname="iPad" tests="7" failures="0" skipped="0" time="26.97" errors="0">
<testcase name="Performance Tests › TC-009: Page should load within acceptable time limits" classname="performance.spec.ts" time="3.293">
</testcase>
<testcase name="Performance Tests › TC-010: Resources should be optimized" classname="performance.spec.ts" time="4.297">
</testcase>
<testcase name="Performance Tests › TC-P03: Core Web Vitals should meet &quot;Good&quot; thresholds" classname="performance.spec.ts" time="6.591">
</testcase>
<testcase name="Performance Tests › TC-P04: Images should be optimized" classname="performance.spec.ts" time="3.999">
</testcase>
<testcase name="Performance Tests › TC-P05: Page should not have render-blocking resources" classname="performance.spec.ts" time="3.721">
</testcase>
<testcase name="Performance Tests › TC-P06: Page should handle slow 3G connection" classname="performance.spec.ts" time="2.793">
</testcase>
<testcase name="Performance Tests › TC-P07: No JavaScript errors in console" classname="performance.spec.ts" time="2.276">
</testcase>
</testsuite>
<testsuite name="responsive.spec.ts" timestamp="2025-10-24T17:43:57.403Z" hostname="iPad" tests="5" failures="2" skipped="0" time="9.642" errors="0">
<testcase name="Responsive Design Tests › TC-005: Site should be fully responsive on mobile (iPhone 12)" classname="responsive.spec.ts" time="2.748">
<failure message="responsive.spec.ts:14:7 TC-005: Site should be fully responsive on mobile (iPhone 12)" type="FAILURE">
<![CDATA[  [iPad] › responsive.spec.ts:14:7 › Responsive Design Tests › TC-005: Site should be fully responsive on mobile (iPhone 12) 

    Error: expect(received).toBe(expected) // Object.is equality

    Expected: 844
    Received: 664

      25 |     const viewport = page.viewportSize();
      26 |     expect(viewport?.width).toBe(390);
    > 27 |     expect(viewport?.height).toBe(844);
         |                              ^
      28 |
      29 |     // Verify no horizontal scroll
      30 |     const hasHorizontalScroll = await page.evaluate(() => {
        at /workspaces/agentic-qe-cf/agentics/tests/responsive.spec.ts:27:30

    attachment #1: screenshot (image/png) ──────────────────────────────────────────────────────────
    ../test-results/responsive-Responsive-Desi-afa55-onsive-on-mobile-iPhone-12--iPad/test-failed-1.png
    ────────────────────────────────────────────────────────────────────────────────────────────────

    Error Context: ../test-results/responsive-Responsive-Desi-afa55-onsive-on-mobile-iPhone-12--iPad/error-context.md
]]>
</failure>
<system-out>
<![CDATA[
[[ATTACHMENT|responsive-Responsive-Desi-afa55-onsive-on-mobile-iPhone-12--iPad/test-failed-1.png]]

[[ATTACHMENT|responsive-Responsive-Desi-afa55-onsive-on-mobile-iPhone-12--iPad/error-context.md]]
]]>
</system-out>
</testcase>
<testcase name="Responsive Design Tests › TC-006: Site should adapt correctly to tablet (iPad)" classname="responsive.spec.ts" time="2.384">
<failure message="responsive.spec.ts:61:7 TC-006: Site should adapt correctly to tablet (iPad)" type="FAILURE">
<![CDATA[  [iPad] › responsive.spec.ts:61:7 › Responsive Design Tests › TC-006: Site should adapt correctly to tablet (iPad) 

    Error: expect(received).toBe(expected) // Object.is equality

    Expected: 1024
    Received: 1280

      71 |     // Verify viewport
      72 |     const viewport = page.viewportSize();
    > 73 |     expect(viewport?.width).toBe(1024);
         |                             ^
      74 |     expect(viewport?.height).toBe(1366);
      75 |
      76 |     // Verify logo is visible
        at /workspaces/agentic-qe-cf/agentics/tests/responsive.spec.ts:73:29

    attachment #1: screenshot (image/png) ──────────────────────────────────────────────────────────
    ../test-results/responsive-Responsive-Desi-d878b-t-correctly-to-tablet-iPad--iPad/test-failed-1.png
    ────────────────────────────────────────────────────────────────────────────────────────────────

    Error Context: ../test-results/responsive-Responsive-Desi-d878b-t-correctly-to-tablet-iPad--iPad/error-context.md
]]>
</failure>
<system-out>
<![CDATA[
[[ATTACHMENT|responsive-Responsive-Desi-d878b-t-correctly-to-tablet-iPad--iPad/test-failed-1.png]]

[[ATTACHMENT|responsive-Responsive-Desi-d878b-t-correctly-to-tablet-iPad--iPad/error-context.md]]
]]>
</system-out>
</testcase>
<testcase name="Responsive Design Tests › TC-R03: Site should work at common desktop resolution (1366x768)" classname="responsive.spec.ts" time="1.601">
</testcase>
<testcase name="Responsive Design Tests › TC-R04: Site should work at large desktop resolution (1920x1080)" classname="responsive.spec.ts" time="1.612">
</testcase>
<testcase name="Responsive Design Tests › TC-R05: Site should handle landscape orientation on mobile" classname="responsive.spec.ts" time="1.297">
</testcase>
</testsuite>
</testsuites>